Release 13.2 - xst O.61xd (nt64)
Copyright (c) 1995-2011 Xilinx, Inc.  All rights reserved.
--> Parameter TMPDIR set to xst/projnav.tmp


Total REAL time to Xst completion: 0.00 secs
Total CPU time to Xst completion: 0.06 secs
 
--> Parameter xsthdpdir set to xst


Total REAL time to Xst completion: 0.00 secs
Total CPU time to Xst completion: 0.06 secs
 
--> Reading design: best_d.prj

TABLE OF CONTENTS
  1) Synthesis Options Summary
  2) HDL Parsing
  3) HDL Elaboration
  4) HDL Synthesis
       4.1) HDL Synthesis Report
  5) Advanced HDL Synthesis
       5.1) Advanced HDL Synthesis Report
  6) Low Level Synthesis
  7) Partition Report
  8) Design Summary
       8.1) Primitive and Black Box Usage
       8.2) Device utilization summary
       8.3) Partition Resource Summary
       8.4) Timing Report
            8.4.1) Clock Information
            8.4.2) Asynchronous Control Signals Information
            8.4.3) Timing Summary
            8.4.4) Timing Details
            8.4.5) Cross Clock Domains Report


=========================================================================
*                      Synthesis Options Summary                        *
=========================================================================
---- Source Parameters
Input File Name                    : "best_d.prj"
Input Format                       : mixed
Ignore Synthesis Constraint File   : NO

---- Target Parameters
Output File Name                   : "best_d"
Output Format                      : NGC
Target Device                      : xc6vlx240t-3-ff784

---- Source Options
Top Module Name                    : best_d
Automatic FSM Extraction           : YES
FSM Encoding Algorithm             : Auto
Safe Implementation                : No
FSM Style                          : LUT
RAM Extraction                     : Yes
RAM Style                          : Auto
ROM Extraction                     : Yes
Shift Register Extraction          : YES
ROM Style                          : Auto
Resource Sharing                   : YES
Asynchronous To Synchronous        : NO
Shift Register Minimum Size        : 2
Use DSP Block                      : Auto
Automatic Register Balancing       : No

---- Target Options
LUT Combining                      : Auto
Reduce Control Sets                : Auto
Add IO Buffers                     : YES
Global Maximum Fanout              : 100000
Add Generic Clock Buffer(BUFG)     : 32
Register Duplication               : YES
Optimize Instantiated Primitives   : NO
Use Clock Enable                   : Auto
Use Synchronous Set                : Auto
Use Synchronous Reset              : Auto
Pack IO Registers into IOBs        : Auto
Equivalent register Removal        : YES

---- General Options
Optimization Goal                  : Speed
Optimization Effort                : 1
Power Reduction                    : NO
Keep Hierarchy                     : No
Netlist Hierarchy                  : As_Optimized
RTL Output                         : Yes
Global Optimization                : AllClockNets
Read Cores                         : YES
Write Timing Constraints           : NO
Cross Clock Analysis               : NO
Hierarchy Separator                : /
Bus Delimiter                      : <>
Case Specifier                     : Maintain
Slice Utilization Ratio            : 100
BRAM Utilization Ratio             : 100
DSP48 Utilization Ratio            : 100
Auto BRAM Packing                  : NO
Slice Utilization Ratio Delta      : 5

---- Other Options
Cores Search Directories           : {"ipcore_dir"  }

=========================================================================


=========================================================================
*                          HDL Parsing                                  *
=========================================================================
Analyzing Verilog file \"C:\Users\RSPC\Dropbox\ConstantWeightCoding\hardware\20-8\encoder\ipcore_dir\mul_21bits.v\" into library work
Parsing module <mul_21bits>.
Analyzing Verilog file \"C:\Users\RSPC\Dropbox\ConstantWeightCoding\hardware\20-8\encoder\best_d.v\" into library work
Parsing module <best_d>.

=========================================================================
*                            HDL Elaboration                            *
=========================================================================

Elaborating module <best_d>.

Elaborating module <mul_21bits>.

=========================================================================
*                           HDL Synthesis                               *
=========================================================================

Synthesizing Unit <best_d>.
    Related source file is "c:/users/rspc/dropbox/constantweightcoding/hardware/20-8/encoder/best_d.v".
    Found 20-bit register for signal <d>.
    Found 5-bit register for signal <u_minus_1>.
    Found 4-bit register for signal <theta>.
    Found 4-bit comparator greater for signal <n0000> created at line 33
    Found 4-bit comparator lessequal for signal <n0002> created at line 35
    Found 21-bit comparator greater for signal <GND_1_o_p[24]_LessThan_16_o> created at line 50
    Found 21-bit comparator greater for signal <GND_1_o_p[24]_LessThan_17_o> created at line 54
    Found 21-bit comparator greater for signal <GND_1_o_p[24]_LessThan_18_o> created at line 58
    Found 21-bit comparator greater for signal <GND_1_o_p[24]_LessThan_19_o> created at line 62
    Found 21-bit comparator greater for signal <GND_1_o_p[24]_LessThan_20_o> created at line 66
    Found 21-bit comparator greater for signal <GND_1_o_p[24]_LessThan_21_o> created at line 70
    Found 21-bit comparator greater for signal <GND_1_o_p[24]_LessThan_22_o> created at line 74
    Found 21-bit comparator greater for signal <GND_1_o_p[24]_LessThan_23_o> created at line 78
    Found 21-bit comparator greater for signal <GND_1_o_p[24]_LessThan_24_o> created at line 82
    Found 21-bit comparator greater for signal <GND_1_o_p[24]_LessThan_25_o> created at line 86
    Found 21-bit comparator greater for signal <GND_1_o_p[24]_LessThan_26_o> created at line 90
    Found 21-bit comparator greater for signal <GND_1_o_p[24]_LessThan_27_o> created at line 94
    Found 21-bit comparator greater for signal <GND_1_o_p[24]_LessThan_28_o> created at line 98
    Found 21-bit comparator greater for signal <GND_1_o_p[24]_LessThan_29_o> created at line 102
    Found 21-bit comparator greater for signal <GND_1_o_p[24]_LessThan_30_o> created at line 106
    Found 21-bit comparator greater for signal <GND_1_o_p[24]_LessThan_31_o> created at line 110
    Found 21-bit comparator greater for signal <GND_1_o_p[24]_LessThan_32_o> created at line 114
    Summary:
	inferred  29 D-type flip-flop(s).
	inferred  19 Comparator(s).
	inferred  31 Multiplexer(s).
Unit <best_d> synthesized.

=========================================================================
HDL Synthesis Report

Macro Statistics
# Registers                                            : 3
 20-bit register                                       : 1
 4-bit register                                        : 1
 5-bit register                                        : 1
# Comparators                                          : 19
 21-bit comparator greater                             : 17
 4-bit comparator greater                              : 1
 4-bit comparator lessequal                            : 1
# Multiplexers                                         : 31
 20-bit 2-to-1 multiplexer                             : 15
 4-bit 2-to-1 multiplexer                              : 1
 5-bit 2-to-1 multiplexer                              : 15

=========================================================================

=========================================================================
*                       Advanced HDL Synthesis                          *
=========================================================================

Reading core <ipcore_dir/mul_21bits.ngc>.
Loading core <mul_21bits> for timing and area information for instance <multiplier>.

=========================================================================
Advanced HDL Synthesis Report

Macro Statistics
# Registers                                            : 29
 Flip-Flops                                            : 29
# Comparators                                          : 19
 21-bit comparator greater                             : 17
 4-bit comparator greater                              : 1
 4-bit comparator lessequal                            : 1
# Multiplexers                                         : 31
 20-bit 2-to-1 multiplexer                             : 15
 4-bit 2-to-1 multiplexer                              : 1
 5-bit 2-to-1 multiplexer                              : 15

=========================================================================

=========================================================================
*                         Low Level Synthesis                           *
=========================================================================
WARNING:Xst:1710 - FF/Latch <d_0> (without init value) has a constant value of 0 in block <best_d>. This FF/Latch will be trimmed during the optimization process.
WARNING:Xst:1895 - Due to other FF/Latch trimming, FF/Latch <d_1> (without init value) has a constant value of 0 in block <best_d>. This FF/Latch will be trimmed during the optimization process.

Optimizing unit <best_d> ...

Mapping all equations...
Building and optimizing final netlist ...
Found area constraint ratio of 100 (+ 5) on block best_d, actual ratio is 0.

Final Macro Processing ...

=========================================================================
Final Register Report

Macro Statistics
# Registers                                            : 27
 Flip-Flops                                            : 27

=========================================================================

=========================================================================
*                           Partition Report                            *
=========================================================================

Partition Implementation Status
-------------------------------

  No Partitions were found in this design.

-------------------------------

=========================================================================
*                            Design Summary                             *
=========================================================================

Top Level Output File Name         : best_d.ngc

Primitive and Black Box Usage:
------------------------------
# BELS                             : 243
#      GND                         : 2
#      INV                         : 17
#      LUT1                        : 3
#      LUT2                        : 11
#      LUT3                        : 11
#      LUT4                        : 12
#      LUT5                        : 77
#      LUT6                        : 21
#      MUXCY                       : 86
#      MUXF7                       : 1
#      VCC                         : 2
# FlipFlops/Latches                : 27
#      FD                          : 6
#      FDR                         : 18
#      FDS                         : 3
# Clock Buffers                    : 1
#      BUFGP                       : 1
# IO Buffers                       : 50
#      IBUF                        : 25
#      OBUF                        : 25
# DSPs                             : 1
#      DSP48E1                     : 1

Device utilization summary:
---------------------------

Selected Device : 6vlx240tff784-3 


Slice Logic Utilization: 
 Number of Slice Registers:              27  out of  301440     0%  
 Number of Slice LUTs:                  152  out of  150720     0%  
    Number used as Logic:               152  out of  150720     0%  

Slice Logic Distribution: 
 Number of LUT Flip Flop pairs used:    153
   Number with an unused Flip Flop:     126  out of    153    82%  
   Number with an unused LUT:             1  out of    153     0%  
   Number of fully used LUT-FF pairs:    26  out of    153    16%  
   Number of unique control sets:         3

IO Utilization: 
 Number of IOs:                          51
 Number of bonded IOBs:                  51  out of    400    12%  

Specific Feature Utilization:
 Number of BUFG/BUFGCTRLs:                1  out of     32     3%  
 Number of DSP48E1s:                      1  out of    768     0%  

---------------------------
Partition Resource Summary:
---------------------------

  No Partitions were found in this design.

---------------------------


=========================================================================
Timing Report

NOTE: THESE TIMING NUMBERS ARE ONLY A SYNTHESIS ESTIMATE.
      FOR ACCURATE TIMING INFORMATION PLEASE REFER TO THE TRACE REPORT
      GENERATED AFTER PLACE-and-ROUTE.

Clock Information:
------------------
-----------------------------------+------------------------+-------+
Clock Signal                       | Clock buffer(FF name)  | Load  |
-----------------------------------+------------------------+-------+
clk                                | BUFGP                  | 28    |
-----------------------------------+------------------------+-------+

Asynchronous Control Signals Information:
----------------------------------------
No asynchronous control signals found in this design

Timing Summary:
---------------
Speed Grade: -3

   Minimum period: 2.773ns (Maximum Frequency: 360.672MHz)
   Minimum input arrival time before clock: 0.634ns
   Maximum output required time after clock: 0.562ns
   Maximum combinational path delay: No path found

Timing Details:
---------------
All values displayed in nanoseconds (ns)

=========================================================================
Timing constraint: Default period analysis for Clock 'clk'
  Clock period: 2.773ns (frequency: 360.672MHz)
  Total number of paths / destination ports: 5854 / 43
-------------------------------------------------------------------------
Delay:               2.773ns (Levels of Logic = 10)
  Source:            multiplier/blk00000003 (DSP)
  Destination:       u_minus_1_0 (FF)
  Source Clock:      clk rising
  Destination Clock: clk rising

  Data Path: multiplier/blk00000003 to u_minus_1_0
                                Gate     Net
    Cell:in->out      fanout   Delay   Delay  Logical Name (Net Name)
    ----------------------------------------  ------------
     DSP48E1:CLK->P4      17   0.378   0.666  blk00000003 (p<4>)
     end scope: 'multiplier:p<4>'
     LUT5:I0->O            1   0.053   0.000  Mcompar_GND_1_o_p[24]_LessThan_18_o_lut<0> (Mcompar_GND_1_o_p[24]_LessThan_18_o_lut<0>)
     MUXCY:S->O            1   0.219   0.000  Mcompar_GND_1_o_p[24]_LessThan_18_o_cy<0> (Mcompar_GND_1_o_p[24]_LessThan_18_o_cy<0>)
     MUXCY:CI->O           1   0.015   0.000  Mcompar_GND_1_o_p[24]_LessThan_18_o_cy<1> (Mcompar_GND_1_o_p[24]_LessThan_18_o_cy<1>)
     MUXCY:CI->O           1   0.015   0.000  Mcompar_GND_1_o_p[24]_LessThan_18_o_cy<2> (Mcompar_GND_1_o_p[24]_LessThan_18_o_cy<2>)
     MUXCY:CI->O           1   0.015   0.000  Mcompar_GND_1_o_p[24]_LessThan_18_o_cy<3> (Mcompar_GND_1_o_p[24]_LessThan_18_o_cy<3>)
     MUXCY:CI->O          14   0.169   0.654  Mcompar_GND_1_o_p[24]_LessThan_18_o_cy<4> (Mcompar_GND_1_o_p[24]_LessThan_18_o_cy<4>)
     LUT6:I0->O            1   0.053   0.000  Mmux_GND_1_o_PWR_1_o_mux_63_OUT12_SW0_F (N31)
     MUXF7:I0->O           1   0.186   0.296  Mmux_GND_1_o_PWR_1_o_mux_63_OUT12_SW0 (N28)
     LUT6:I5->O            1   0.053   0.000  Mmux_GND_1_o_PWR_1_o_mux_63_OUT13 (GND_1_o_PWR_1_o_mux_63_OUT<0>)
     FDR:D                    -0.012          u_minus_1_0
    ----------------------------------------
    Total                      2.773ns (1.156ns logic, 1.617ns route)
                                       (41.7% logic, 58.3% route)

=========================================================================
Timing constraint: Default OFFSET IN BEFORE for Clock 'clk'
  Total number of paths / destination ports: 40 / 29
-------------------------------------------------------------------------
Offset:              0.634ns (Levels of Logic = 1)
  Source:            t<3> (PAD)
  Destination:       theta_0 (FF)
  Destination Clock: clk rising

  Data Path: t<3> to theta_0
                                Gate     Net
    Cell:in->out      fanout   Delay   Delay  Logical Name (Net Name)
    ----------------------------------------  ------------
     IBUF:I->O             8   0.003   0.312  t_3_IBUF (n0000_inv)
     FDS:S                     0.320          theta_0
    ----------------------------------------
    Total                      0.634ns (0.323ns logic, 0.312ns route)
                                       (50.9% logic, 49.1% route)

=========================================================================
Timing constraint: Default OFFSET OUT AFTER for Clock 'clk'
  Total number of paths / destination ports: 23 / 23
-------------------------------------------------------------------------
Offset:              0.562ns (Levels of Logic = 1)
  Source:            d_19 (FF)
  Destination:       d<19> (PAD)
  Source Clock:      clk rising

  Data Path: d_19 to d<19>
                                Gate     Net
    Cell:in->out      fanout   Delay   Delay  Logical Name (Net Name)
    ----------------------------------------  ------------
     FDS:C->Q              1   0.280   0.279  d_19 (d_19)
     OBUF:I->O                 0.003          d_19_OBUF (d<19>)
    ----------------------------------------
    Total                      0.562ns (0.283ns logic, 0.279ns route)
                                       (50.3% logic, 49.7% route)

=========================================================================

Cross Clock Domains Report:
--------------------------

Clock to Setup on destination clock clk
---------------+---------+---------+---------+---------+
               | Src:Rise| Src:Fall| Src:Rise| Src:Fall|
Source Clock   |Dest:Rise|Dest:Rise|Dest:Fall|Dest:Fall|
---------------+---------+---------+---------+---------+
clk            |    2.773|         |         |         |
---------------+---------+---------+---------+---------+

=========================================================================


Total REAL time to Xst completion: 4.00 secs
Total CPU time to Xst completion: 4.54 secs
 
--> 

Total memory usage is 270416 kilobytes

Number of errors   :    0 (   0 filtered)
Number of warnings :    2 (   0 filtered)
Number of infos    :    0 (   0 filtered)

