CoreGen has not been configured with any user repositories.
CoreGen has been configured with the following Xilinx repositories:
 - 'C:\Xilinx\13.2\ISE_DS\ISE\coregen\' [reloaded]
INFO:sim - Generating component instance 'fifo_11_to_11' of
   'xilinx.com:ip:fifo_generator:8.2' from
   'C:\Xilinx\13.2\ISE_DS\ISE\coregen\ip\xilinx\primary\com\xilinx\ip\fifo_gener
   ator_v8_2\component.xml'.
Applying current project options...
Finished applying current project options.
WARNING:sim - A core named 'fifo_11_to_11' already exists in the project. Output
   products for this core may be overwritten.
Resolving generics for 'fifo_11_to_11'...
WARNING:sim - A core named 'fifo_11_to_11' already exists in the project. Output
   products for this core may be overwritten.
Applying external generics to 'fifo_11_to_11'...
Delivering associated files for 'fifo_11_to_11'...
WARNING:sim - Can't find 'Verilog' synthesis view; using general synthesis view
Delivering EJava files for 'fifo_11_to_11'...
Generating implementation netlist for 'fifo_11_to_11'...
INFO:sim - Pre-processing HDL files for 'fifo_11_to_11'...
WARNING:sim - BlackBox generator run option '-ifmt' found multiple times. Only
   the first occurence is considered.
Running synthesis for 'fifo_11_to_11'
Writing VEO instantiation template for 'fifo_11_to_11'...
Writing Verilog behavioral simulation model for 'fifo_11_to_11'...
Generating ASY schematic symbol...
Generating SYM schematic symbol for 'fifo_11_to_11'...
Generating metadata file...
Generating metadata file...
Generating ISE project...
Generating README file...
Generating FLIST file...
INFO:sim - Finished FLIST file generation.
Launching README viewer...
Moving files to output directory...
Finished moving files to output directory
Wrote CGP file for project 'fifo_11_to_11'.
