Release 13.2 - xst O.61xd (nt64)
Copyright (c) 1995-2011 Xilinx, Inc.  All rights reserved.
--> Parameter TMPDIR set to xst/projnav.tmp


Total REAL time to Xst completion: 0.00 secs
Total CPU time to Xst completion: 0.05 secs
 
--> Parameter xsthdpdir set to xst


Total REAL time to Xst completion: 0.00 secs
Total CPU time to Xst completion: 0.05 secs
 
--> Reading design: decoder_top.prj

TABLE OF CONTENTS
  1) Synthesis Options Summary
  2) HDL Parsing
  3) HDL Elaboration
  4) HDL Synthesis
       4.1) HDL Synthesis Report
  5) Advanced HDL Synthesis
       5.1) Advanced HDL Synthesis Report
  6) Low Level Synthesis
  7) Partition Report
  8) Design Summary
       8.1) Primitive and Black Box Usage
       8.2) Device utilization summary
       8.3) Partition Resource Summary
       8.4) Timing Report
            8.4.1) Clock Information
            8.4.2) Asynchronous Control Signals Information
            8.4.3) Timing Summary
            8.4.4) Timing Details
            8.4.5) Cross Clock Domains Report


=========================================================================
*                      Synthesis Options Summary                        *
=========================================================================
---- Source Parameters
Input File Name                    : "decoder_top.prj"
Input Format                       : mixed
Ignore Synthesis Constraint File   : NO

---- Target Parameters
Output File Name                   : "decoder_top"
Output Format                      : NGC
Target Device                      : xc6vlx240t-3-ff784

---- Source Options
Top Module Name                    : decoder_top
Automatic FSM Extraction           : YES
FSM Encoding Algorithm             : Auto
Safe Implementation                : No
FSM Style                          : LUT
RAM Extraction                     : Yes
RAM Style                          : Auto
ROM Extraction                     : Yes
Shift Register Extraction          : YES
ROM Style                          : Auto
Resource Sharing                   : YES
Asynchronous To Synchronous        : NO
Shift Register Minimum Size        : 2
Use DSP Block                      : Auto
Automatic Register Balancing       : No

---- Target Options
LUT Combining                      : Auto
Reduce Control Sets                : Auto
Add IO Buffers                     : YES
Global Maximum Fanout              : 100000
Add Generic Clock Buffer(BUFG)     : 32
Register Duplication               : YES
Optimize Instantiated Primitives   : NO
Use Clock Enable                   : Auto
Use Synchronous Set                : Auto
Use Synchronous Reset              : Auto
Pack IO Registers into IOBs        : Auto
Equivalent register Removal        : YES

---- General Options
Optimization Goal                  : Speed
Optimization Effort                : 1
Power Reduction                    : NO
Keep Hierarchy                     : No
Netlist Hierarchy                  : As_Optimized
RTL Output                         : Yes
Global Optimization                : AllClockNets
Read Cores                         : YES
Write Timing Constraints           : NO
Cross Clock Analysis               : NO
Hierarchy Separator                : /
Bus Delimiter                      : <>
Case Specifier                     : Maintain
Slice Utilization Ratio            : 100
BRAM Utilization Ratio             : 100
DSP48 Utilization Ratio            : 100
Auto BRAM Packing                  : NO
Slice Utilization Ratio Delta      : 5

---- Other Options
Cores Search Directories           : {"ipcore_dir"  }

=========================================================================


=========================================================================
*                          HDL Parsing                                  *
=========================================================================
Analyzing Verilog file \"C:\Users\RSPC\Dropbox\ConstantWeightCoding\hardware\20-8\decoder\ipcore_dir\mul_21bits.v\" into library work
Parsing module <mul_21bits>.
Analyzing Verilog file \"C:\Users\RSPC\Dropbox\ConstantWeightCoding\hardware\20-8\decoder\best_d.v\" into library work
Parsing module <best_d>.
Analyzing Verilog file \"C:\Users\RSPC\Dropbox\ConstantWeightCoding\hardware\20-8\decoder\ipcore_dir\fifo_20_to_20.v\" into library work
Parsing module <fifo_20_to_20>.
Analyzing Verilog file \"C:\Users\RSPC\Dropbox\ConstantWeightCoding\hardware\20-8\decoder\decoder_main.v\" into library work
Parsing module <decoder_main>.
WARNING:HDLCompiler:693 - "C:\Users\RSPC\Dropbox\ConstantWeightCoding\hardware\20-8\decoder\decoder_main.v" Line 62: Parameter declaration becomes local in decoder_main with formal parameter declaration list
Analyzing Verilog file \"C:\Users\RSPC\Dropbox\ConstantWeightCoding\hardware\20-8\decoder\decoder_top.v\" into library work
Parsing module <decoder_top>.

=========================================================================
*                            HDL Elaboration                            *
=========================================================================

Elaborating module <decoder_top>.

Elaborating module <fifo_20_to_20>.
WARNING:HDLCompiler:1499 - "C:\Users\RSPC\Dropbox\ConstantWeightCoding\hardware\20-8\decoder\ipcore_dir\fifo_20_to_20.v" Line 39: Empty module <fifo_20_to_20> remains a black box.
WARNING:HDLCompiler:1127 - "C:\Users\RSPC\Dropbox\ConstantWeightCoding\hardware\20-8\decoder\decoder_top.v" Line 50: Assignment to full ignored, since the identifier is never used
WARNING:HDLCompiler:1127 - "C:\Users\RSPC\Dropbox\ConstantWeightCoding\hardware\20-8\decoder\decoder_top.v" Line 52: Assignment to data_count ignored, since the identifier is never used

Elaborating module <decoder_main>.

Elaborating module <best_d>.

Elaborating module <mul_21bits>.
WARNING:HDLCompiler:634 - "C:\Users\RSPC\Dropbox\ConstantWeightCoding\hardware\20-8\decoder\decoder_main.v" Line 90: Net <lt_update_delta[19]> does not have a driver.

=========================================================================
*                           HDL Synthesis                               *
=========================================================================

Synthesizing Unit <decoder_top>.
    Related source file is "c:/users/rspc/dropbox/constantweightcoding/hardware/20-8/decoder/decoder_top.v".
        CW_W = 20
INFO:Xst:3210 - "c:/users/rspc/dropbox/constantweightcoding/hardware/20-8/decoder/decoder_top.v" line 43: Output port <data_count> of the instance <fifo> is unconnected or connected to loadless signal.
INFO:Xst:3210 - "c:/users/rspc/dropbox/constantweightcoding/hardware/20-8/decoder/decoder_top.v" line 43: Output port <full> of the instance <fifo> is unconnected or connected to loadless signal.
    Summary:
	no macro.
Unit <decoder_top> synthesized.

Synthesizing Unit <decoder_main>.
    Related source file is "c:/users/rspc/dropbox/constantweightcoding/hardware/20-8/decoder/decoder_main.v".
        CW_W = 20
        T_W = 4
        U_W = 5
WARNING:Xst:653 - Signal <lt_update_delta> is used but never assigned. This sourceless signal will be automatically connected to value GND.
    Found 3-bit register for signal <state>.
    Found 21-bit register for signal <n>.
    Found 20-bit register for signal <delta>.
    Found 4-bit register for signal <t>.
    Found 1-bit register for signal <ready>.
    Found 1-bit register for signal <done>.
    Found 1-bit register for signal <bin_msg>.
    Found 5-bit register for signal <u_reg>.
    Found 19-bit register for signal <i>.
    Found 5-bit register for signal <cnt>.
    Found 6-bit subtractor for signal <GND_3_o_GND_3_o_sub_54_OUT> created at line 261.
    Found 21-bit subtractor for signal <geq_update_n> created at line 400.
    Found 20-bit subtractor for signal <geq_update_delta> created at line 401.
    Found 21-bit subtractor for signal <lt_update_n_part1> created at line 403.
    Found 21-bit subtractor for signal <lt_update_n_part2> created at line 404.
    Found 4-bit subtractor for signal <lt_update_t> created at line 405.
    Found 5-bit adder for signal <cnt[4]_GND_3_o_add_1_OUT> created at line 48.
    Found 1-bit 22-to-1 multiplexer for signal <msg_sel[4]_GND_3_o_Mux_172_o> created at line 336.
    Found 1-bit 3-to-1 multiplexer for signal <_n0330> created at line 129.
    Found 1-bit 3-to-1 multiplexer for signal <_n0341> created at line 129.
    Found 1-bit 4-to-1 multiplexer for signal <_n0350> created at line 99.
    Found 1-bit 4-to-1 multiplexer for signal <_n0360> created at line 99.
    Found 1-bit 4-to-1 multiplexer for signal <_n0369> created at line 99.
    Found 1-bit 4-to-1 multiplexer for signal <_n0389> created at line 129.
    Found 1-bit 4-to-1 multiplexer for signal <_n0396> created at line 129.
    Found 1-bit 4-to-1 multiplexer for signal <_n0403> created at line 129.
    Found 1-bit 4-to-1 multiplexer for signal <_n0410> created at line 129.
    Found 1-bit 4-to-1 multiplexer for signal <_n0425> created at line 129.
    Found 1-bit 3-to-1 multiplexer for signal <_n0434> created at line 129.
    Found 1-bit 3-to-1 multiplexer for signal <_n0443> created at line 129.
    Found 1-bit 3-to-1 multiplexer for signal <_n0452> created at line 129.
    Found 1-bit 3-to-1 multiplexer for signal <_n0461> created at line 129.
    Found 1-bit 3-to-1 multiplexer for signal <_n0470> created at line 129.
WARNING:Xst:737 - Found 1-bit latch for signal <next_state<2>>. Latches may be generated from incomplete case or if statements. We do not recommend the use of latches in FPGA/CPLD designs, as they may lead to timing problems.
WARNING:Xst:737 - Found 1-bit latch for signal <next_state<1>>. Latches may be generated from incomplete case or if statements. We do not recommend the use of latches in FPGA/CPLD designs, as they may lead to timing problems.
WARNING:Xst:737 - Found 1-bit latch for signal <next_state<0>>. Latches may be generated from incomplete case or if statements. We do not recommend the use of latches in FPGA/CPLD designs, as they may lead to timing problems.
WARNING:Xst:737 - Found 1-bit latch for signal <n_rst>. Latches may be generated from incomplete case or if statements. We do not recommend the use of latches in FPGA/CPLD designs, as they may lead to timing problems.
WARNING:Xst:737 - Found 1-bit latch for signal <n_sel<1>>. Latches may be generated from incomplete case or if statements. We do not recommend the use of latches in FPGA/CPLD designs, as they may lead to timing problems.
WARNING:Xst:737 - Found 1-bit latch for signal <n_sel<0>>. Latches may be generated from incomplete case or if statements. We do not recommend the use of latches in FPGA/CPLD designs, as they may lead to timing problems.
WARNING:Xst:737 - Found 1-bit latch for signal <t_sel>. Latches may be generated from incomplete case or if statements. We do not recommend the use of latches in FPGA/CPLD designs, as they may lead to timing problems.
WARNING:Xst:737 - Found 1-bit latch for signal <delta_sel<1>>. Latches may be generated from incomplete case or if statements. We do not recommend the use of latches in FPGA/CPLD designs, as they may lead to timing problems.
WARNING:Xst:737 - Found 1-bit latch for signal <delta_sel<0>>. Latches may be generated from incomplete case or if statements. We do not recommend the use of latches in FPGA/CPLD designs, as they may lead to timing problems.
WARNING:Xst:737 - Found 1-bit latch for signal <read_geq>. Latches may be generated from incomplete case or if statements. We do not recommend the use of latches in FPGA/CPLD designs, as they may lead to timing problems.
WARNING:Xst:737 - Found 1-bit latch for signal <read_lt>. Latches may be generated from incomplete case or if statements. We do not recommend the use of latches in FPGA/CPLD designs, as they may lead to timing problems.
WARNING:Xst:737 - Found 1-bit latch for signal <readfifo>. Latches may be generated from incomplete case or if statements. We do not recommend the use of latches in FPGA/CPLD designs, as they may lead to timing problems.
WARNING:Xst:737 - Found 1-bit latch for signal <rdy_sel>. Latches may be generated from incomplete case or if statements. We do not recommend the use of latches in FPGA/CPLD designs, as they may lead to timing problems.
WARNING:Xst:737 - Found 1-bit latch for signal <done_sel>. Latches may be generated from incomplete case or if statements. We do not recommend the use of latches in FPGA/CPLD designs, as they may lead to timing problems.
WARNING:Xst:737 - Found 1-bit latch for signal <clr>. Latches may be generated from incomplete case or if statements. We do not recommend the use of latches in FPGA/CPLD designs, as they may lead to timing problems.
WARNING:Xst:737 - Found 1-bit latch for signal <shift_sel<1>>. Latches may be generated from incomplete case or if statements. We do not recommend the use of latches in FPGA/CPLD designs, as they may lead to timing problems.
WARNING:Xst:737 - Found 1-bit latch for signal <shift_sel<0>>. Latches may be generated from incomplete case or if statements. We do not recommend the use of latches in FPGA/CPLD designs, as they may lead to timing problems.
WARNING:Xst:737 - Found 1-bit latch for signal <i_rst>. Latches may be generated from incomplete case or if statements. We do not recommend the use of latches in FPGA/CPLD designs, as they may lead to timing problems.
WARNING:Xst:737 - Found 1-bit latch for signal <geq_done>. Latches may be generated from incomplete case or if statements. We do not recommend the use of latches in FPGA/CPLD designs, as they may lead to timing problems.
WARNING:Xst:737 - Found 1-bit latch for signal <lt_done>. Latches may be generated from incomplete case or if statements. We do not recommend the use of latches in FPGA/CPLD designs, as they may lead to timing problems.
WARNING:Xst:737 - Found 1-bit latch for signal <u_sel>. Latches may be generated from incomplete case or if statements. We do not recommend the use of latches in FPGA/CPLD designs, as they may lead to timing problems.
WARNING:Xst:737 - Found 1-bit latch for signal <msg_sel<4>>. Latches may be generated from incomplete case or if statements. We do not recommend the use of latches in FPGA/CPLD designs, as they may lead to timing problems.
WARNING:Xst:737 - Found 1-bit latch for signal <msg_sel<3>>. Latches may be generated from incomplete case or if statements. We do not recommend the use of latches in FPGA/CPLD designs, as they may lead to timing problems.
WARNING:Xst:737 - Found 1-bit latch for signal <msg_sel<2>>. Latches may be generated from incomplete case or if statements. We do not recommend the use of latches in FPGA/CPLD designs, as they may lead to timing problems.
WARNING:Xst:737 - Found 1-bit latch for signal <msg_sel<1>>. Latches may be generated from incomplete case or if statements. We do not recommend the use of latches in FPGA/CPLD designs, as they may lead to timing problems.
WARNING:Xst:737 - Found 1-bit latch for signal <msg_sel<0>>. Latches may be generated from incomplete case or if statements. We do not recommend the use of latches in FPGA/CPLD designs, as they may lead to timing problems.
    Found 21-bit comparator greater for signal <n[20]_GND_3_o_LessThan_25_o> created at line 169
    Found 21-bit comparator equal for signal <n[20]_GND_3_o_equal_26_o> created at line 169
    Found 20-bit comparator greater for signal <d[19]_delta[19]_LessThan_33_o> created at line 184
    Found 20-bit comparator equal for signal <delta[19]_d[19]_equal_34_o> created at line 184
    Found 20-bit comparator greater for signal <delta[19]_d[19]_LessThan_36_o> created at line 194
    Found 32-bit comparator equal for signal <GND_3_o_GND_3_o_equal_55_o> created at line 261
    Summary:
	inferred   5 Adder/Subtractor(s).
	inferred  80 D-type flip-flop(s).
	inferred  26 Latch(s).
	inferred   6 Comparator(s).
	inferred  61 Multiplexer(s).
Unit <decoder_main> synthesized.

Synthesizing Unit <best_d>.
    Related source file is "c:/users/rspc/dropbox/constantweightcoding/hardware/20-8/decoder/best_d.v".
    Found 20-bit register for signal <d>.
    Found 5-bit register for signal <u>.
    Found 4-bit register for signal <theta>.
    Found 4-bit comparator lessequal for signal <n0000> created at line 33
    Found 4-bit comparator lessequal for signal <n0002> created at line 35
    Found 21-bit comparator greater for signal <GND_33_o_p[24]_LessThan_16_o> created at line 50
    Found 21-bit comparator greater for signal <GND_33_o_p[24]_LessThan_17_o> created at line 54
    Found 21-bit comparator greater for signal <GND_33_o_p[24]_LessThan_18_o> created at line 58
    Found 21-bit comparator greater for signal <GND_33_o_p[24]_LessThan_19_o> created at line 62
    Found 21-bit comparator greater for signal <GND_33_o_p[24]_LessThan_20_o> created at line 66
    Found 21-bit comparator greater for signal <GND_33_o_p[24]_LessThan_21_o> created at line 70
    Found 21-bit comparator greater for signal <GND_33_o_p[24]_LessThan_22_o> created at line 74
    Found 21-bit comparator greater for signal <GND_33_o_p[24]_LessThan_23_o> created at line 78
    Found 21-bit comparator greater for signal <GND_33_o_p[24]_LessThan_24_o> created at line 82
    Found 21-bit comparator greater for signal <GND_33_o_p[24]_LessThan_25_o> created at line 86
    Found 21-bit comparator greater for signal <GND_33_o_p[24]_LessThan_26_o> created at line 90
    Found 21-bit comparator greater for signal <GND_33_o_p[24]_LessThan_27_o> created at line 94
    Found 21-bit comparator greater for signal <GND_33_o_p[24]_LessThan_28_o> created at line 98
    Found 21-bit comparator greater for signal <GND_33_o_p[24]_LessThan_29_o> created at line 102
    Found 21-bit comparator greater for signal <GND_33_o_p[24]_LessThan_30_o> created at line 106
    Found 21-bit comparator greater for signal <GND_33_o_p[24]_LessThan_31_o> created at line 110
    Found 21-bit comparator greater for signal <GND_33_o_p[24]_LessThan_32_o> created at line 114
    Summary:
	inferred  29 D-type flip-flop(s).
	inferred  19 Comparator(s).
	inferred  34 Multiplexer(s).
Unit <best_d> synthesized.

=========================================================================
HDL Synthesis Report

Macro Statistics
# Adders/Subtractors                                   : 5
 20-bit subtractor                                     : 1
 21-bit subtractor                                     : 1
 4-bit subtractor                                      : 1
 5-bit adder                                           : 1
 6-bit subtractor                                      : 1
# Registers                                            : 13
 1-bit register                                        : 3
 19-bit register                                       : 1
 20-bit register                                       : 2
 21-bit register                                       : 1
 3-bit register                                        : 1
 4-bit register                                        : 2
 5-bit register                                        : 3
# Latches                                              : 26
 1-bit latch                                           : 26
# Comparators                                          : 25
 20-bit comparator equal                               : 1
 20-bit comparator greater                             : 2
 21-bit comparator equal                               : 1
 21-bit comparator greater                             : 18
 32-bit comparator equal                               : 1
 4-bit comparator lessequal                            : 2
# Multiplexers                                         : 95
 1-bit 2-to-1 multiplexer                              : 26
 1-bit 22-to-1 multiplexer                             : 1
 1-bit 3-to-1 multiplexer                              : 7
 1-bit 4-to-1 multiplexer                              : 8
 19-bit 2-to-1 multiplexer                             : 1
 2-bit 2-to-1 multiplexer                              : 9
 20-bit 2-to-1 multiplexer                             : 18
 21-bit 2-to-1 multiplexer                             : 2
 3-bit 2-to-1 multiplexer                              : 2
 4-bit 2-to-1 multiplexer                              : 2
 5-bit 2-to-1 multiplexer                              : 19

=========================================================================
INFO:Xst:1767 - HDL ADVISOR - Resource sharing has identified that some arithmetic operations in this design can share the same physical resources for reduced device utilization. For improved clock frequency you may try to disable resource sharing.

=========================================================================
*                       Advanced HDL Synthesis                          *
=========================================================================

Reading core <ipcore_dir/fifo_20_to_20.ngc>.
Reading core <ipcore_dir/mul_21bits.ngc>.
Loading core <fifo_20_to_20> for timing and area information for instance <fifo>.
Loading core <mul_21bits> for timing and area information for instance <multiplier>.

Synthesizing (advanced) Unit <decoder_main>.
The following registers are absorbed into accumulator <n>: 1 register on signal <n>.
The following registers are absorbed into accumulator <delta>: 1 register on signal <delta>.
The following registers are absorbed into counter <cnt>: 1 register on signal <cnt>.
The following registers are absorbed into counter <t>: 1 register on signal <t>.
Unit <decoder_main> synthesized (advanced).

=========================================================================
Advanced HDL Synthesis Report

Macro Statistics
# Adders/Subtractors                                   : 1
 6-bit subtractor                                      : 1
# Counters                                             : 2
 4-bit down counter                                    : 1
 5-bit up counter                                      : 1
# Accumulators                                         : 2
 20-bit down loadable accumulator                      : 1
 21-bit down accumulator                               : 1
# Registers                                            : 59
 Flip-Flops                                            : 59
# Comparators                                          : 25
 20-bit comparator equal                               : 1
 20-bit comparator greater                             : 2
 21-bit comparator equal                               : 1
 21-bit comparator greater                             : 18
 32-bit comparator equal                               : 1
 4-bit comparator lessequal                            : 2
# Multiplexers                                         : 112
 1-bit 2-to-1 multiplexer                              : 45
 1-bit 22-to-1 multiplexer                             : 1
 1-bit 3-to-1 multiplexer                              : 7
 1-bit 4-to-1 multiplexer                              : 8
 2-bit 2-to-1 multiplexer                              : 9
 20-bit 2-to-1 multiplexer                             : 17
 21-bit 2-to-1 multiplexer                             : 2
 3-bit 2-to-1 multiplexer                              : 2
 4-bit 2-to-1 multiplexer                              : 2
 5-bit 2-to-1 multiplexer                              : 19

=========================================================================

=========================================================================
*                         Low Level Synthesis                           *
=========================================================================
WARNING:Xst:1710 - FF/Latch <next_state_2> (without init value) has a constant value of 0 in block <decoder_main>. This FF/Latch will be trimmed during the optimization process.
WARNING:Xst:1895 - Due to other FF/Latch trimming, FF/Latch <state_2> (without init value) has a constant value of 0 in block <decoder_main>. This FF/Latch will be trimmed during the optimization process.
WARNING:Xst:1710 - FF/Latch <d_0> (without init value) has a constant value of 0 in block <best_d>. This FF/Latch will be trimmed during the optimization process.
WARNING:Xst:1895 - Due to other FF/Latch trimming, FF/Latch <d_1> (without init value) has a constant value of 0 in block <best_d>. This FF/Latch will be trimmed during the optimization process.
WARNING:Xst:2016 - Found a loop when searching source clock on port '_n0313:_n0313'
Last warning will be issued only once.

Optimizing unit <decoder_top> ...

Optimizing unit <decoder_main> ...
WARNING:Xst:1294 - Latch <t_sel> is equivalent to a wire in block <decoder_main>.
WARNING:Xst:1294 - Latch <rdy_sel> is equivalent to a wire in block <decoder_main>.
WARNING:Xst:1294 - Latch <delta_sel_0> is equivalent to a wire in block <decoder_main>.
WARNING:Xst:1294 - Latch <n_sel_0> is equivalent to a wire in block <decoder_main>.
WARNING:Xst:1294 - Latch <n_sel_1> is equivalent to a wire in block <decoder_main>.
WARNING:Xst:1294 - Latch <delta_sel_1> is equivalent to a wire in block <decoder_main>.
WARNING:Xst:1294 - Latch <next_state_0> is equivalent to a wire in block <decoder_main>.
WARNING:Xst:1294 - Latch <next_state_1> is equivalent to a wire in block <decoder_main>.
INFO:Xst:2261 - The FF/Latch <u_sel> in Unit <decoder_main> is equivalent to the following FF/Latch, which will be removed : <shift_sel_0> 

Optimizing unit <best_d> ...

Mapping all equations...
Building and optimizing final netlist ...
Found area constraint ratio of 100 (+ 5) on block decoder_top, actual ratio is 0.
INFO:Xst:2260 - The FF/Latch <U0/xst_fifo_generator/gconvfifo.rf/grf.rf/rstblk/ngwrdrst.grst.rd_rst_reg_2> in Unit <fifo> is equivalent to the following 2 FFs/Latches : <U0/xst_fifo_generator/gconvfifo.rf/grf.rf/rstblk/ngwrdrst.grst.rd_rst_reg_0> <U0/xst_fifo_generator/gconvfifo.rf/grf.rf/rstblk/ngwrdrst.grst.wr_rst_reg_1> 
INFO:Xst:2260 - The FF/Latch <U0/xst_fifo_generator/gconvfifo.rf/grf.rf/gntv_or_sync_fifo.gl0.rd/grss.rsts/ram_empty_i> in Unit <fifo> is equivalent to the following FF/Latch : <U0/xst_fifo_generator/gconvfifo.rf/grf.rf/gntv_or_sync_fifo.gl0.rd/grss.rsts/ram_empty_fb_i> 
INFO:Xst:2260 - The FF/Latch <U0/xst_fifo_generator/gconvfifo.rf/grf.rf/gntv_or_sync_fifo.gl0.wr/gwss.wsts/ram_full_i> in Unit <fifo> is equivalent to the following FF/Latch : <U0/xst_fifo_generator/gconvfifo.rf/grf.rf/gntv_or_sync_fifo.gl0.wr/gwss.wsts/ram_full_fb_i> 
INFO:Xst:2260 - The FF/Latch <U0/xst_fifo_generator/gconvfifo.rf/grf.rf/rstblk/ngwrdrst.grst.rd_rst_reg_2> in Unit <fifo> is equivalent to the following 2 FFs/Latches : <U0/xst_fifo_generator/gconvfifo.rf/grf.rf/rstblk/ngwrdrst.grst.rd_rst_reg_0> <U0/xst_fifo_generator/gconvfifo.rf/grf.rf/rstblk/ngwrdrst.grst.wr_rst_reg_1> 
INFO:Xst:2260 - The FF/Latch <U0/xst_fifo_generator/gconvfifo.rf/grf.rf/gntv_or_sync_fifo.gl0.rd/grss.rsts/ram_empty_i> in Unit <fifo> is equivalent to the following FF/Latch : <U0/xst_fifo_generator/gconvfifo.rf/grf.rf/gntv_or_sync_fifo.gl0.rd/grss.rsts/ram_empty_fb_i> 
INFO:Xst:2260 - The FF/Latch <U0/xst_fifo_generator/gconvfifo.rf/grf.rf/gntv_or_sync_fifo.gl0.wr/gwss.wsts/ram_full_i> in Unit <fifo> is equivalent to the following FF/Latch : <U0/xst_fifo_generator/gconvfifo.rf/grf.rf/gntv_or_sync_fifo.gl0.wr/gwss.wsts/ram_full_fb_i> 
FlipFlop cw2bin/done has been replicated 1 time(s) to handle iob=true attribute.

Final Macro Processing ...

=========================================================================
Final Register Report

Macro Statistics
# Registers                                            : 107
 Flip-Flops                                            : 107

=========================================================================

=========================================================================
*                           Partition Report                            *
=========================================================================

Partition Implementation Status
-------------------------------

  No Partitions were found in this design.

-------------------------------

=========================================================================
*                            Design Summary                             *
=========================================================================

Top Level Output File Name         : decoder_top.ngc

Primitive and Black Box Usage:
------------------------------
# BELS                             : 833
#      GND                         : 3
#      INV                         : 28
#      LUT1                        : 4
#      LUT2                        : 54
#      LUT3                        : 45
#      LUT4                        : 99
#      LUT5                        : 115
#      LUT6                        : 102
#      MULT_AND                    : 44
#      MUXCY                       : 227
#      MUXF7                       : 1
#      VCC                         : 1
#      XORCY                       : 110
# FlipFlops/Latches                : 180
#      FD                          : 58
#      FDC                         : 3
#      FDCE                        : 18
#      FDP                         : 11
#      FDR                         : 5
#      FDRE                        : 67
#      FDSE                        : 2
#      LD                          : 16
# RAMS                             : 1
#      RAMB18E1                    : 1
# Clock Buffers                    : 1
#      BUFGP                       : 1
# IO Buffers                       : 26
#      IBUF                        : 23
#      OBUF                        : 3

Device utilization summary:
---------------------------

Selected Device : 6vlx240tff784-3 


Slice Logic Utilization: 
 Number of Slice Registers:             179  out of  301440     0%  
 Number of Slice LUTs:                  447  out of  150720     0%  
    Number used as Logic:               447  out of  150720     0%  

Slice Logic Distribution: 
 Number of LUT Flip Flop pairs used:    474
   Number with an unused Flip Flop:     295  out of    474    62%  
   Number with an unused LUT:            27  out of    474     5%  
   Number of fully used LUT-FF pairs:   152  out of    474    32%  
   Number of unique control sets:        23

IO Utilization: 
 Number of IOs:                          27
 Number of bonded IOBs:                  27  out of    400     6%  
    IOB Flip Flops/Latches:               1

Specific Feature Utilization:
 Number of Block RAM/FIFO:                1  out of    416     0%  
    Number using Block RAM only:          1
 Number of BUFG/BUFGCTRLs:                1  out of     32     3%  

---------------------------
Partition Resource Summary:
---------------------------

  No Partitions were found in this design.

---------------------------


=========================================================================
Timing Report

NOTE: THESE TIMING NUMBERS ARE ONLY A SYNTHESIS ESTIMATE.
      FOR ACCURATE TIMING INFORMATION PLEASE REFER TO THE TRACE REPORT
      GENERATED AFTER PLACE-and-ROUTE.

Clock Information:
------------------
-------------------------------------------------------------------------------------+----------------------------+-------+
Clock Signal                                                                         | Clock buffer(FF name)      | Load  |
-------------------------------------------------------------------------------------+----------------------------+-------+
clk                                                                                  | BUFGP                      | 165   |
cw2bin/state[2]_PWR_26_o_Select_131_o(cw2bin/Mmux_state[2]_PWR_26_o_Select_131_o1:O) | NONE(*)(cw2bin/lt_done)    | 1     |
cw2bin/_n0333(cw2bin/_n03331:O)                                                      | NONE(*)(cw2bin/msg_sel_2)  | 5     |
cw2bin/state[2]_PWR_21_o_Select_121_o(cw2bin/Mmux_state[2]_PWR_21_o_Select_121_o11:O)| NONE(*)(cw2bin/clr)        | 1     |
cw2bin/_n0383(cw2bin/_n03831:O)                                                      | NONE(*)(cw2bin/shift_sel_1)| 2     |
cw2bin/state[2]_PWR_25_o_Select_129_o(cw2bin/Mmux_state[2]_PWR_25_o_Select_129_o1:O) | NONE(*)(cw2bin/geq_done)   | 1     |
cw2bin/state_1                                                                       | NONE(cw2bin/i_rst)         | 6     |
-------------------------------------------------------------------------------------+----------------------------+-------+
(*) These 5 clock signal(s) are generated by combinatorial logic,
and XST is not able to identify which are the primary clock signals.
Please use the CLOCK_SIGNAL constraint to specify the clock signal(s) generated by combinatorial logic.
INFO:Xst:2169 - HDL ADVISOR - Some clock signals were not automatically buffered by XST with BUFG/BUFR resources. Please use the buffer_type constraint in order to insert these buffers to the clock signals to help prevent skew problems.

Asynchronous Control Signals Information:
----------------------------------------
No asynchronous control signals found in this design

Timing Summary:
---------------
Speed Grade: -3

   Minimum period: 3.046ns (Maximum Frequency: 328.282MHz)
   Minimum input arrival time before clock: 1.224ns
   Maximum output required time after clock: 0.562ns
   Maximum combinational path delay: No path found

Timing Details:
---------------
All values displayed in nanoseconds (ns)

=========================================================================
Timing constraint: Default period analysis for Clock 'clk'
  Clock period: 3.046ns (frequency: 328.282MHz)
  Total number of paths / destination ports: 105652 / 262
-------------------------------------------------------------------------
Delay:               3.046ns (Levels of Logic = 28)
  Source:            cw2bin/n_2 (FF)
  Destination:       cw2bin/delta_19 (FF)
  Source Clock:      clk rising
  Destination Clock: clk rising

  Data Path: cw2bin/n_2 to cw2bin/delta_19
                                Gate     Net
    Cell:in->out      fanout   Delay   Delay  Logical Name (Net Name)
    ----------------------------------------  ------------
     FDRE:C->Q             8   0.280   0.627  cw2bin/n_2 (cw2bin/n_2)
     LUT6:I0->O            1   0.053   0.000  cw2bin/Mcompar_n[20]_GND_3_o_equal_26_o_lut<0> (cw2bin/Mcompar_n[20]_GND_3_o_equal_26_o_lut<0>)
     MUXCY:S->O            1   0.219   0.000  cw2bin/Mcompar_n[20]_GND_3_o_equal_26_o_cy<0> (cw2bin/Mcompar_n[20]_GND_3_o_equal_26_o_cy<0>)
     MUXCY:CI->O           1   0.015   0.000  cw2bin/Mcompar_n[20]_GND_3_o_equal_26_o_cy<1> (cw2bin/Mcompar_n[20]_GND_3_o_equal_26_o_cy<1>)
     MUXCY:CI->O           1   0.015   0.000  cw2bin/Mcompar_n[20]_GND_3_o_equal_26_o_cy<2> (cw2bin/Mcompar_n[20]_GND_3_o_equal_26_o_cy<2>)
     MUXCY:CI->O           1   0.015   0.000  cw2bin/Mcompar_n[20]_GND_3_o_equal_26_o_cy<3> (cw2bin/Mcompar_n[20]_GND_3_o_equal_26_o_cy<3>)
     MUXCY:CI->O          10   0.169   0.399  cw2bin/Mcompar_n[20]_GND_3_o_equal_26_o_cy<4> (cw2bin/n[20]_GND_3_o_equal_26_o)
     LUT6:I4->O           43   0.053   0.405  cw2bin/GND_3_o_n[20]_OR_62_o1 (cw2bin/GND_3_o_n[20]_OR_62_o)
     LUT5:I4->O            1   0.053   0.279  cw2bin/Eqn_011 (cw2bin/Eqn_0_mand)
     MUXCY:CI->O           1   0.015   0.000  cw2bin/Maccum_delta_cy<0> (cw2bin/Maccum_delta_cy<0>)
     MUXCY:CI->O           1   0.015   0.000  cw2bin/Maccum_delta_cy<1> (cw2bin/Maccum_delta_cy<1>)
     MUXCY:CI->O           1   0.015   0.000  cw2bin/Maccum_delta_cy<2> (cw2bin/Maccum_delta_cy<2>)
     MUXCY:CI->O           1   0.015   0.000  cw2bin/Maccum_delta_cy<3> (cw2bin/Maccum_delta_cy<3>)
     MUXCY:CI->O           1   0.015   0.000  cw2bin/Maccum_delta_cy<4> (cw2bin/Maccum_delta_cy<4>)
     MUXCY:CI->O           1   0.015   0.000  cw2bin/Maccum_delta_cy<5> (cw2bin/Maccum_delta_cy<5>)
     MUXCY:CI->O           1   0.015   0.000  cw2bin/Maccum_delta_cy<6> (cw2bin/Maccum_delta_cy<6>)
     MUXCY:CI->O           1   0.015   0.000  cw2bin/Maccum_delta_cy<7> (cw2bin/Maccum_delta_cy<7>)
     MUXCY:CI->O           1   0.015   0.000  cw2bin/Maccum_delta_cy<8> (cw2bin/Maccum_delta_cy<8>)
     MUXCY:CI->O           1   0.015   0.000  cw2bin/Maccum_delta_cy<9> (cw2bin/Maccum_delta_cy<9>)
     MUXCY:CI->O           1   0.015   0.000  cw2bin/Maccum_delta_cy<10> (cw2bin/Maccum_delta_cy<10>)
     MUXCY:CI->O           1   0.015   0.000  cw2bin/Maccum_delta_cy<11> (cw2bin/Maccum_delta_cy<11>)
     MUXCY:CI->O           1   0.015   0.000  cw2bin/Maccum_delta_cy<12> (cw2bin/Maccum_delta_cy<12>)
     MUXCY:CI->O           1   0.015   0.000  cw2bin/Maccum_delta_cy<13> (cw2bin/Maccum_delta_cy<13>)
     MUXCY:CI->O           1   0.015   0.000  cw2bin/Maccum_delta_cy<14> (cw2bin/Maccum_delta_cy<14>)
     MUXCY:CI->O           1   0.015   0.000  cw2bin/Maccum_delta_cy<15> (cw2bin/Maccum_delta_cy<15>)
     MUXCY:CI->O           1   0.015   0.000  cw2bin/Maccum_delta_cy<16> (cw2bin/Maccum_delta_cy<16>)
     MUXCY:CI->O           1   0.015   0.000  cw2bin/Maccum_delta_cy<17> (cw2bin/Maccum_delta_cy<17>)
     MUXCY:CI->O           0   0.015   0.000  cw2bin/Maccum_delta_cy<18> (cw2bin/Maccum_delta_cy<18>)
     XORCY:CI->O           1   0.180   0.000  cw2bin/Maccum_delta_xor<19> (cw2bin/Result<19>)
     FDRE:D                   -0.012          cw2bin/delta_19
    ----------------------------------------
    Total                      3.046ns (1.337ns logic, 1.709ns route)
                                       (43.9% logic, 56.1% route)

=========================================================================
Timing constraint: Default period analysis for Clock 'cw2bin/state[2]_PWR_26_o_Select_131_o'
  Clock period: 0.922ns (frequency: 1084.599MHz)
  Total number of paths / destination ports: 1 / 1
-------------------------------------------------------------------------
Delay:               0.922ns (Levels of Logic = 1)
  Source:            cw2bin/lt_done (LATCH)
  Destination:       cw2bin/lt_done (LATCH)
  Source Clock:      cw2bin/state[2]_PWR_26_o_Select_131_o falling
  Destination Clock: cw2bin/state[2]_PWR_26_o_Select_131_o falling

  Data Path: cw2bin/lt_done to cw2bin/lt_done
                                Gate     Net
    Cell:in->out      fanout   Delay   Delay  Logical Name (Net Name)
    ----------------------------------------  ------------
     LD:G->Q              25   0.282   0.587  cw2bin/lt_done (cw2bin/lt_done)
     LUT6:I2->O            1   0.053   0.000  cw2bin/Mmux__n038911 (cw2bin/_n0403)
     LD:D                     -0.043          cw2bin/lt_done
    ----------------------------------------
    Total                      0.922ns (0.335ns logic, 0.587ns route)
                                       (36.3% logic, 63.7% route)

=========================================================================
Timing constraint: Default OFFSET IN BEFORE for Clock 'clk'
  Total number of paths / destination ports: 50 / 48
-------------------------------------------------------------------------
Offset:              1.224ns (Levels of Logic = 5)
  Source:            wr_en (PAD)
  Destination:       fifo/U0/xst_fifo_generator/gconvfifo.rf/grf.rf/gntv_or_sync_fifo.gl0.wr/gwss.wsts/ram_full_i (FF)
  Destination Clock: clk rising

  Data Path: wr_en to fifo/U0/xst_fifo_generator/gconvfifo.rf/grf.rf/gntv_or_sync_fifo.gl0.wr/gwss.wsts/ram_full_i
                                Gate     Net
    Cell:in->out      fanout   Delay   Delay  Logical Name (Net Name)
    ----------------------------------------  ------------
     IBUF:I->O             3   0.003   0.367  wr_en_IBUF (wr_en_IBUF)
     begin scope: 'fifo:wr_en'
     LUT2:I0->O           10   0.053   0.399  U0/xst_fifo_generator/gconvfifo.rf/grf.rf/gntv_or_sync_fifo.gl0.wr/ram_wr_en_i1 (U0/xst_fifo_generator/gconvfifo.rf/grf.rf/ram_wr_en)
     LUT6:I4->O            1   0.053   0.296  U0/xst_fifo_generator/gconvfifo.rf/grf.rf/gntv_or_sync_fifo.gl0.wr/gwss.wsts/Mmux_ram_full_comb_PWR_40_o_MUX_11_o13 (U0/xst_fifo_generator/gconvfifo.rf/grf.rf/gntv_or_sync_fifo.gl0.wr/gwss.wsts/Mmux_ram_full_comb_PWR_40_o_MUX_11_o12)
     LUT5:I4->O            2   0.053   0.000  U0/xst_fifo_generator/gconvfifo.rf/grf.rf/gntv_or_sync_fifo.gl0.wr/gwss.wsts/Mmux_ram_full_comb_PWR_40_o_MUX_11_o17 (U0/xst_fifo_generator/gconvfifo.rf/grf.rf/gntv_or_sync_fifo.gl0.wr/gwss.wsts/ram_full_comb_PWR_40_o_MUX_11_o)
     FDP:D                    -0.012          U0/xst_fifo_generator/gconvfifo.rf/grf.rf/gntv_or_sync_fifo.gl0.wr/gwss.wsts/ram_full_fb_i
    ----------------------------------------
    Total                      1.224ns (0.162ns logic, 1.062ns route)
                                       (13.2% logic, 86.8% route)

=========================================================================
Timing constraint: Default OFFSET OUT AFTER for Clock 'clk'
  Total number of paths / destination ports: 3 / 3
-------------------------------------------------------------------------
Offset:              0.562ns (Levels of Logic = 1)
  Source:            cw2bin/bin_msg (FF)
  Destination:       bin_msg (PAD)
  Source Clock:      clk rising

  Data Path: cw2bin/bin_msg to bin_msg
                                Gate     Net
    Cell:in->out      fanout   Delay   Delay  Logical Name (Net Name)
    ----------------------------------------  ------------
     FD:C->Q               1   0.280   0.279  cw2bin/bin_msg (cw2bin/bin_msg)
     OBUF:I->O                 0.003          bin_msg_OBUF (bin_msg)
    ----------------------------------------
    Total                      0.562ns (0.283ns logic, 0.279ns route)
                                       (50.3% logic, 49.7% route)

=========================================================================

Cross Clock Domains Report:
--------------------------

Clock to Setup on destination clock clk
-------------------------------------+---------+---------+---------+---------+
                                     | Src:Rise| Src:Fall| Src:Rise| Src:Fall|
Source Clock                         |Dest:Rise|Dest:Rise|Dest:Fall|Dest:Fall|
-------------------------------------+---------+---------+---------+---------+
clk                                  |    3.046|         |         |         |
cw2bin/_n0333                        |         |    1.668|         |         |
cw2bin/_n0383                        |         |    1.291|         |         |
cw2bin/state[2]_PWR_21_o_Select_121_o|         |    0.900|         |         |
cw2bin/state[2]_PWR_25_o_Select_129_o|         |    0.820|         |         |
cw2bin/state[2]_PWR_26_o_Select_131_o|         |    2.668|         |         |
cw2bin/state_1                       |    1.578|         |         |         |
-------------------------------------+---------+---------+---------+---------+

Clock to Setup on destination clock cw2bin/_n0333
---------------+---------+---------+---------+---------+
               | Src:Rise| Src:Fall| Src:Rise| Src:Fall|
Source Clock   |Dest:Rise|Dest:Rise|Dest:Fall|Dest:Fall|
---------------+---------+---------+---------+---------+
clk            |         |         |    2.600|         |
---------------+---------+---------+---------+---------+

Clock to Setup on destination clock cw2bin/_n0383
---------------+---------+---------+---------+---------+
               | Src:Rise| Src:Fall| Src:Rise| Src:Fall|
Source Clock   |Dest:Rise|Dest:Rise|Dest:Fall|Dest:Fall|
---------------+---------+---------+---------+---------+
clk            |         |         |    2.600|         |
---------------+---------+---------+---------+---------+

Clock to Setup on destination clock cw2bin/state[2]_PWR_21_o_Select_121_o
---------------+---------+---------+---------+---------+
               | Src:Rise| Src:Fall| Src:Rise| Src:Fall|
Source Clock   |Dest:Rise|Dest:Rise|Dest:Fall|Dest:Fall|
---------------+---------+---------+---------+---------+
clk            |         |         |    2.440|         |
---------------+---------+---------+---------+---------+

Clock to Setup on destination clock cw2bin/state[2]_PWR_25_o_Select_129_o
---------------+---------+---------+---------+---------+
               | Src:Rise| Src:Fall| Src:Rise| Src:Fall|
Source Clock   |Dest:Rise|Dest:Rise|Dest:Fall|Dest:Fall|
---------------+---------+---------+---------+---------+
clk            |         |         |    0.800|         |
---------------+---------+---------+---------+---------+

Clock to Setup on destination clock cw2bin/state[2]_PWR_26_o_Select_131_o
-------------------------------------+---------+---------+---------+---------+
                                     | Src:Rise| Src:Fall| Src:Rise| Src:Fall|
Source Clock                         |Dest:Rise|Dest:Rise|Dest:Fall|Dest:Fall|
-------------------------------------+---------+---------+---------+---------+
clk                                  |         |         |    2.196|         |
cw2bin/state[2]_PWR_26_o_Select_131_o|         |         |    0.922|         |
-------------------------------------+---------+---------+---------+---------+

Clock to Setup on destination clock cw2bin/state_1
-------------------------------------+---------+---------+---------+---------+
                                     | Src:Rise| Src:Fall| Src:Rise| Src:Fall|
Source Clock                         |Dest:Rise|Dest:Rise|Dest:Fall|Dest:Fall|
-------------------------------------+---------+---------+---------+---------+
clk                                  |    2.926|         |         |         |
cw2bin/state[2]_PWR_26_o_Select_131_o|         |    1.223|         |         |
-------------------------------------+---------+---------+---------+---------+

=========================================================================


Total REAL time to Xst completion: 6.00 secs
Total CPU time to Xst completion: 5.60 secs
 
--> 

Total memory usage is 273744 kilobytes

Number of errors   :    0 (   0 filtered)
Number of warnings :   44 (   0 filtered)
Number of infos    :   11 (   0 filtered)

