Release 13.2 - xst O.61xd (nt64)
Copyright (c) 1995-2011 Xilinx, Inc.  All rights reserved.
--> Parameter TMPDIR set to xst/projnav.tmp


Total REAL time to Xst completion: 1.00 secs
Total CPU time to Xst completion: 0.06 secs
 
--> Parameter xsthdpdir set to xst


Total REAL time to Xst completion: 1.00 secs
Total CPU time to Xst completion: 0.06 secs
 
--> Reading design: best_d.prj

TABLE OF CONTENTS
  1) Synthesis Options Summary
  2) HDL Parsing
  3) HDL Elaboration
  4) HDL Synthesis
       4.1) HDL Synthesis Report
  5) Advanced HDL Synthesis
       5.1) Advanced HDL Synthesis Report
  6) Low Level Synthesis
  7) Partition Report
  8) Design Summary
       8.1) Primitive and Black Box Usage
       8.2) Device utilization summary
       8.3) Partition Resource Summary
       8.4) Timing Report
            8.4.1) Clock Information
            8.4.2) Asynchronous Control Signals Information
            8.4.3) Timing Summary
            8.4.4) Timing Details
            8.4.5) Cross Clock Domains Report


=========================================================================
*                      Synthesis Options Summary                        *
=========================================================================
---- Source Parameters
Input File Name                    : "best_d.prj"
Input Format                       : mixed
Ignore Synthesis Constraint File   : NO

---- Target Parameters
Output File Name                   : "best_d"
Output Format                      : NGC
Target Device                      : xc6vlx240t-3-ff784

---- Source Options
Top Module Name                    : best_d
Automatic FSM Extraction           : YES
FSM Encoding Algorithm             : Auto
Safe Implementation                : No
FSM Style                          : LUT
RAM Extraction                     : Yes
RAM Style                          : Auto
ROM Extraction                     : Yes
Shift Register Extraction          : YES
ROM Style                          : Auto
Resource Sharing                   : YES
Asynchronous To Synchronous        : NO
Shift Register Minimum Size        : 2
Use DSP Block                      : Auto
Automatic Register Balancing       : No

---- Target Options
LUT Combining                      : Auto
Reduce Control Sets                : Auto
Add IO Buffers                     : YES
Global Maximum Fanout              : 100000
Add Generic Clock Buffer(BUFG)     : 32
Register Duplication               : YES
Optimize Instantiated Primitives   : NO
Use Clock Enable                   : Auto
Use Synchronous Set                : Auto
Use Synchronous Reset              : Auto
Pack IO Registers into IOBs        : Auto
Equivalent register Removal        : YES

---- General Options
Optimization Goal                  : Speed
Optimization Effort                : 1
Power Reduction                    : NO
Keep Hierarchy                     : No
Netlist Hierarchy                  : As_Optimized
RTL Output                         : Yes
Global Optimization                : AllClockNets
Read Cores                         : YES
Write Timing Constraints           : NO
Cross Clock Analysis               : NO
Hierarchy Separator                : /
Bus Delimiter                      : <>
Case Specifier                     : Maintain
Slice Utilization Ratio            : 100
BRAM Utilization Ratio             : 100
DSP48 Utilization Ratio            : 100
Auto BRAM Packing                  : NO
Slice Utilization Ratio Delta      : 5

---- Other Options
Cores Search Directories           : {"ipcore_dir"  }

=========================================================================


=========================================================================
*                          HDL Parsing                                  *
=========================================================================
Analyzing Verilog file \"C:\Users\RSPC\Dropbox\ConstantWeightCoding\hardware\11-27\encoder\ipcore_dir\mul_12bits.v\" into library work
Parsing module <mul_12bits>.
Analyzing Verilog file \"C:\Users\RSPC\Dropbox\ConstantWeightCoding\hardware\11-27\encoder\best_d.v\" into library work
Parsing module <best_d>.

=========================================================================
*                            HDL Elaboration                            *
=========================================================================

Elaborating module <best_d>.

Elaborating module <mul_12bits>.

=========================================================================
*                           HDL Synthesis                               *
=========================================================================

Synthesizing Unit <best_d>.
    Related source file is "c:/users/rspc/dropbox/constantweightcoding/hardware/11-27/encoder/best_d.v".
    Found 11-bit register for signal <d>.
    Found 4-bit register for signal <u_minus_1>.
    Found 5-bit register for signal <theta>.
    Found 5-bit comparator greater for signal <n0000> created at line 33
    Found 5-bit comparator greater for signal <n0002> created at line 35
    Found 5-bit comparator lessequal for signal <n0004> created at line 37
    Found 5-bit comparator lessequal for signal <n0006> created at line 39
    Found 12-bit comparator greater for signal <GND_1_o_p[16]_LessThan_20_o> created at line 54
    Found 12-bit comparator greater for signal <GND_1_o_p[16]_LessThan_21_o> created at line 58
    Found 12-bit comparator greater for signal <GND_1_o_p[16]_LessThan_22_o> created at line 62
    Found 12-bit comparator greater for signal <GND_1_o_p[16]_LessThan_23_o> created at line 66
    Found 12-bit comparator greater for signal <GND_1_o_p[16]_LessThan_24_o> created at line 70
    Found 12-bit comparator greater for signal <GND_1_o_p[16]_LessThan_25_o> created at line 74
    Found 12-bit comparator greater for signal <GND_1_o_p[16]_LessThan_26_o> created at line 78
    Found 12-bit comparator greater for signal <GND_1_o_p[16]_LessThan_27_o> created at line 82
    Summary:
	inferred  20 D-type flip-flop(s).
	inferred  12 Comparator(s).
	inferred  15 Multiplexer(s).
Unit <best_d> synthesized.

=========================================================================
HDL Synthesis Report

Macro Statistics
# Registers                                            : 3
 11-bit register                                       : 1
 4-bit register                                        : 1
 5-bit register                                        : 1
# Comparators                                          : 12
 12-bit comparator greater                             : 8
 5-bit comparator greater                              : 2
 5-bit comparator lessequal                            : 2
# Multiplexers                                         : 15
 11-bit 2-to-1 multiplexer                             : 6
 4-bit 2-to-1 multiplexer                              : 6
 5-bit 2-to-1 multiplexer                              : 3

=========================================================================

=========================================================================
*                       Advanced HDL Synthesis                          *
=========================================================================

Reading core <ipcore_dir/mul_12bits.ngc>.
Loading core <mul_12bits> for timing and area information for instance <multiplier>.

=========================================================================
Advanced HDL Synthesis Report

Macro Statistics
# Registers                                            : 20
 Flip-Flops                                            : 20
# Comparators                                          : 12
 12-bit comparator greater                             : 8
 5-bit comparator greater                              : 2
 5-bit comparator lessequal                            : 2
# Multiplexers                                         : 15
 11-bit 2-to-1 multiplexer                             : 6
 4-bit 2-to-1 multiplexer                              : 6
 5-bit 2-to-1 multiplexer                              : 3

=========================================================================

=========================================================================
*                         Low Level Synthesis                           *
=========================================================================
WARNING:Xst:1710 - FF/Latch <d_0> (without init value) has a constant value of 0 in block <best_d>. This FF/Latch will be trimmed during the optimization process.
WARNING:Xst:1895 - Due to other FF/Latch trimming, FF/Latch <d_1> (without init value) has a constant value of 0 in block <best_d>. This FF/Latch will be trimmed during the optimization process.

Optimizing unit <best_d> ...

Mapping all equations...
Building and optimizing final netlist ...
Found area constraint ratio of 100 (+ 5) on block best_d, actual ratio is 0.

Final Macro Processing ...

=========================================================================
Final Register Report

Macro Statistics
# Registers                                            : 18
 Flip-Flops                                            : 18

=========================================================================

=========================================================================
*                           Partition Report                            *
=========================================================================

Partition Implementation Status
-------------------------------

  No Partitions were found in this design.

-------------------------------

=========================================================================
*                            Design Summary                             *
=========================================================================

Top Level Output File Name         : best_d.ngc

Primitive and Black Box Usage:
------------------------------
# BELS                             : 43
#      GND                         : 2
#      LUT2                        : 4
#      LUT3                        : 3
#      LUT4                        : 3
#      LUT5                        : 11
#      LUT6                        : 18
#      MUXF7                       : 1
#      VCC                         : 1
# FlipFlops/Latches                : 18
#      FD                          : 3
#      FDR                         : 14
#      FDS                         : 1
# Clock Buffers                    : 1
#      BUFGP                       : 1
# IO Buffers                       : 32
#      IBUF                        : 17
#      OBUF                        : 15
# DSPs                             : 1
#      DSP48E1                     : 1

Device utilization summary:
---------------------------

Selected Device : 6vlx240tff784-3 


Slice Logic Utilization: 
 Number of Slice Registers:              18  out of  301440     0%  
 Number of Slice LUTs:                   39  out of  150720     0%  
    Number used as Logic:                39  out of  150720     0%  

Slice Logic Distribution: 
 Number of LUT Flip Flop pairs used:     39
   Number with an unused Flip Flop:      21  out of     39    53%  
   Number with an unused LUT:             0  out of     39     0%  
   Number of fully used LUT-FF pairs:    18  out of     39    46%  
   Number of unique control sets:         4

IO Utilization: 
 Number of IOs:                          33
 Number of bonded IOBs:                  33  out of    400     8%  

Specific Feature Utilization:
 Number of BUFG/BUFGCTRLs:                1  out of     32     3%  
 Number of DSP48E1s:                      1  out of    768     0%  

---------------------------
Partition Resource Summary:
---------------------------

  No Partitions were found in this design.

---------------------------


=========================================================================
Timing Report

NOTE: THESE TIMING NUMBERS ARE ONLY A SYNTHESIS ESTIMATE.
      FOR ACCURATE TIMING INFORMATION PLEASE REFER TO THE TRACE REPORT
      GENERATED AFTER PLACE-and-ROUTE.

Clock Information:
------------------
-----------------------------------+------------------------+-------+
Clock Signal                       | Clock buffer(FF name)  | Load  |
-----------------------------------+------------------------+-------+
clk                                | BUFGP                  | 19    |
-----------------------------------+------------------------+-------+

Asynchronous Control Signals Information:
----------------------------------------
No asynchronous control signals found in this design

Timing Summary:
---------------
Speed Grade: -3

   Minimum period: 2.103ns (Maximum Frequency: 475.556MHz)
   Minimum input arrival time before clock: 2.760ns
   Maximum output required time after clock: 0.562ns
   Maximum combinational path delay: No path found

Timing Details:
---------------
All values displayed in nanoseconds (ns)

=========================================================================
Timing constraint: Default period analysis for Clock 'clk'
  Clock period: 2.103ns (frequency: 475.556MHz)
  Total number of paths / destination ports: 645 / 23
-------------------------------------------------------------------------
Delay:               2.103ns (Levels of Logic = 3)
  Source:            multiplier/blk00000003 (DSP)
  Destination:       d_2 (FF)
  Source Clock:      clk rising
  Destination Clock: clk rising

  Data Path: multiplier/blk00000003 to d_2
                                Gate     Net
    Cell:in->out      fanout   Delay   Delay  Logical Name (Net Name)
    ----------------------------------------  ------------
     DSP48E1:CLK->P7       5   0.378   0.611  blk00000003 (p<7>)
     end scope: 'multiplier:p<7>'
     LUT6:I1->O           13   0.053   0.352  GND_1_o_p[16]_LessThan_20_o2 (GND_1_o_p[16]_LessThan_20_o1)
     LUT6:I5->O           13   0.053   0.335  GND_1_o_p[16]_LessThan_20_o11 (d_10_rstpot)
     FDR:R                     0.320          d_2
    ----------------------------------------
    Total                      2.103ns (0.804ns logic, 1.299ns route)
                                       (38.2% logic, 61.8% route)

=========================================================================
Timing constraint: Default OFFSET IN BEFORE for Clock 'clk'
  Total number of paths / destination ports: 60 / 22
-------------------------------------------------------------------------
Offset:              2.760ns (Levels of Logic = 2)
  Source:            n<11> (PAD)
  Destination:       multiplier/blk00000003 (DSP)
  Destination Clock: clk rising

  Data Path: n<11> to multiplier/blk00000003
                                Gate     Net
    Cell:in->out      fanout   Delay   Delay  Logical Name (Net Name)
    ----------------------------------------  ------------
     IBUF:I->O             1   0.003   0.279  n_11_IBUF (n_11_IBUF)
     begin scope: 'multiplier:a<11>'
     DSP48E1:B11               2.478          blk00000003
    ----------------------------------------
    Total                      2.760ns (2.481ns logic, 0.279ns route)
                                       (89.9% logic, 10.1% route)

=========================================================================
Timing constraint: Default OFFSET OUT AFTER for Clock 'clk'
  Total number of paths / destination ports: 13 / 13
-------------------------------------------------------------------------
Offset:              0.562ns (Levels of Logic = 1)
  Source:            d_10 (FF)
  Destination:       d<10> (PAD)
  Source Clock:      clk rising

  Data Path: d_10 to d<10>
                                Gate     Net
    Cell:in->out      fanout   Delay   Delay  Logical Name (Net Name)
    ----------------------------------------  ------------
     FD:C->Q               1   0.280   0.279  d_10 (d_10)
     OBUF:I->O                 0.003          d_10_OBUF (d<10>)
    ----------------------------------------
    Total                      0.562ns (0.283ns logic, 0.279ns route)
                                       (50.3% logic, 49.7% route)

=========================================================================

Cross Clock Domains Report:
--------------------------

Clock to Setup on destination clock clk
---------------+---------+---------+---------+---------+
               | Src:Rise| Src:Fall| Src:Rise| Src:Fall|
Source Clock   |Dest:Rise|Dest:Rise|Dest:Fall|Dest:Fall|
---------------+---------+---------+---------+---------+
clk            |    2.103|         |         |         |
---------------+---------+---------+---------+---------+

=========================================================================


Total REAL time to Xst completion: 5.00 secs
Total CPU time to Xst completion: 4.76 secs
 
--> 

Total memory usage is 269264 kilobytes

Number of errors   :    0 (   0 filtered)
Number of warnings :    2 (   0 filtered)
Number of infos    :    0 (   0 filtered)

