Release 13.2 Map O.61xd (nt64)
Xilinx Mapping Report File for Design 'encoder_top'

Design Information
------------------
Command Line   : map -intstyle ise -p xc6vlx240t-ff784-3 -w -logic_opt off -ol
high -t 1 -xt 0 -register_duplication off -r 4 -global_opt off -mt off -ir off
-pr off -lc off -power off -o encoder_top_map.ncd encoder_top.ngd
encoder_top.pcf 
Target Device  : xc6vlx240t
Target Package : ff784
Target Speed   : -3
Mapper Version : virtex6 -- $Revision: 1.55 $
Mapped Date    : Wed Jan 13 15:30:04 2016

Design Summary
--------------
Number of errors:      0
Number of warnings:   12
Slice Logic Utilization:
  Number of Slice Registers:                   184 out of 301,440    1%
    Number used as Flip Flops:                 162
    Number used as Latches:                     22
    Number used as Latch-thrus:                  0
    Number used as AND/OR logics:                0
  Number of Slice LUTs:                        197 out of 150,720    1%
    Number used as logic:                      190 out of 150,720    1%
      Number using O6 output only:             128
      Number using O5 output only:               3
      Number using O5 and O6:                   59
      Number used as ROM:                        0
    Number used as Memory:                       0 out of  58,400    0%
    Number used exclusively as route-thrus:      7
      Number with same-slice register load:      6
      Number with same-slice carry load:         1
      Number with other load:                    0

Slice Logic Distribution:
  Number of occupied Slices:                    91 out of  37,680    1%
  Number of LUT Flip Flop pairs used:          252
    Number with an unused Flip Flop:            88 out of     252   34%
    Number with an unused LUT:                  55 out of     252   21%
    Number of fully used LUT-FF pairs:         109 out of     252   43%
    Number of unique control sets:              31
    Number of slice register sites lost
      to control set restrictions:             160 out of 301,440    1%

  A LUT Flip Flop pair for this architecture represents one LUT paired with
  one Flip Flop within a slice.  A control set is a unique combination of
  clock, reset, set, and enable signals for a registered element.
  The Slice Logic Distribution report is not meaningful if the design is
  over-mapped for a non-slice resource or if Placement fails.
  OVERMAPPING of BRAM resources should be ignored if the design is
  over-mapped for a non-BRAM resource or if placement fails.

IO Utilization:
  Number of bonded IOBs:                        25 out of     400    6%
    IOB Flip Flops:                              2

Specific Feature Utilization:
  Number of RAMB36E1/FIFO36E1s:                  0 out of     416    0%
  Number of RAMB18E1/FIFO18E1s:                  1 out of     832    1%
    Number using RAMB18E1 only:                  1
    Number using FIFO18E1 only:                  0
  Number of BUFG/BUFGCTRLs:                      1 out of      32    3%
    Number used as BUFGs:                        1
    Number used as BUFGCTRLs:                    0
  Number of ILOGICE1/ISERDESE1s:                 0 out of     720    0%
  Number of OLOGICE1/OSERDESE1s:                 2 out of     720    1%
    Number used as OLOGICE1s:                    2
    Number used as OSERDESE1s:                   0
  Number of BSCANs:                              0 out of       4    0%
  Number of BUFHCEs:                             0 out of     144    0%
  Number of BUFIODQSs:                           0 out of      72    0%
  Number of BUFRs:                               0 out of      36    0%
  Number of CAPTUREs:                            0 out of       1    0%
  Number of DSP48E1s:                            0 out of     768    0%
  Number of EFUSE_USRs:                          0 out of       1    0%
  Number of FRAME_ECCs:                          0 out of       1    0%
  Number of GTXE1s:                              0 out of      12    0%
  Number of IBUFDS_GTXE1s:                       0 out of      12    0%
  Number of ICAPs:                               0 out of       2    0%
  Number of IDELAYCTRLs:                         0 out of      18    0%
  Number of IODELAYE1s:                          0 out of     720    0%
  Number of MMCM_ADVs:                           0 out of      12    0%
  Number of PCIE_2_0s:                           0 out of       2    0%
  Number of STARTUPs:                            1 out of       1  100%
  Number of SYSMONs:                             0 out of       1    0%
  Number of TEMAC_SINGLEs:                       0 out of       4    0%

Average Fanout of Non-Clock Nets:                3.72

Peak Memory Usage:  703 MB
Total REAL time to MAP completion:  34 secs 
Total CPU time to MAP completion:   34 secs 

Table of Contents
-----------------
Section 1 - Errors
Section 2 - Warnings
Section 3 - Informational
Section 4 - Removed Logic Summary
Section 5 - Removed Logic
Section 6 - IOB Properties
Section 7 - RPMs
Section 8 - Guide Report
Section 9 - Area Group and Partition Summary
Section 10 - Timing Report
Section 11 - Configuration String Information
Section 12 - Control Set Information
Section 13 - Utilization by Hierarchy

Section 1 - Errors
------------------

Section 2 - Warnings
--------------------
WARNING:PhysDesignRules:372 - Gated clock. Clock net
   bin2cw/state[2]_GND_21_o_Mux_107_o is sourced by a combinatorial pin. This is
   not good design practice. Use the CE pin to control the loading of data into
   the flip-flop.
WARNING:PhysDesignRules:372 - Gated clock. Clock net bin2cw/Mram__n03577 is
   sourced by a combinatorial pin. This is not good design practice. Use the CE
   pin to control the loading of data into the flip-flop.
WARNING:PhysDesignRules:372 - Gated clock. Clock net bin2cw/Mram__n03579 is
   sourced by a combinatorial pin. This is not good design practice. Use the CE
   pin to control the loading of data into the flip-flop.
WARNING:PhysDesignRules:372 - Gated clock. Clock net bin2cw/Mram__n0357 is
   sourced by a combinatorial pin. This is not good design practice. Use the CE
   pin to control the loading of data into the flip-flop.
WARNING:PhysDesignRules:372 - Gated clock. Clock net bin2cw/Mram__n03578 is
   sourced by a combinatorial pin. This is not good design practice. Use the CE
   pin to control the loading of data into the flip-flop.
WARNING:PhysDesignRules:372 - Gated clock. Clock net bin2cw/Mram__n03573 is
   sourced by a combinatorial pin. This is not good design practice. Use the CE
   pin to control the loading of data into the flip-flop.
WARNING:PhysDesignRules:372 - Gated clock. Clock net
   bin2cw/state[2]_GND_19_o_Mux_103_o is sourced by a combinatorial pin. This is
   not good design practice. Use the CE pin to control the loading of data into
   the flip-flop.
WARNING:PhysDesignRules:372 - Gated clock. Clock net
   bin2cw/Mmux_state[2]_n_sel[0]_Mux_82_o12 is sourced by a combinatorial pin.
   This is not good design practice. Use the CE pin to control the loading of
   data into the flip-flop.
WARNING:PhysDesignRules:372 - Gated clock. Clock net
   bin2cw/Mmux_state[2]_GND_19_o_Mux_103_o11 is sourced by a combinatorial pin.
   This is not good design practice. Use the CE pin to control the loading of
   data into the flip-flop.
WARNING:PhysDesignRules:372 - Gated clock. Clock net
   bin2cw/state[2]_GND_7_o_Mux_79_o is sourced by a combinatorial pin. This is
   not good design practice. Use the CE pin to control the loading of data into
   the flip-flop.
WARNING:PhysDesignRules:372 - Gated clock. Clock net
   bin2cw/state[2]_GND_15_o_Mux_95_o is sourced by a combinatorial pin. This is
   not good design practice. Use the CE pin to control the loading of data into
   the flip-flop.
WARNING:PhysDesignRules:372 - Gated clock. Clock net
   bin2cw/state[2]_GND_22_o_Mux_109_o is sourced by a combinatorial pin. This is
   not good design practice. Use the CE pin to control the loading of data into
   the flip-flop.

Section 3 - Informational
-------------------------
INFO:LIT:243 - Logical network
   fifo/U0/xst_fifo_generator/gconvfifo.rf/grf.rf/gntv_or_sync_fifo.gl0.rd/gras.
   grdc1.rdc/rd_dc_i<7> has no load.
INFO:LIT:395 - The above info message is repeated 18 more times for the
   following (max. 5 shown):
   fifo/U0/xst_fifo_generator/gconvfifo.rf/grf.rf/gntv_or_sync_fifo.gl0.rd/gras.
   grdc1.rdc/rd_dc_i<6>,
   fifo/U0/xst_fifo_generator/gconvfifo.rf/grf.rf/gntv_or_sync_fifo.gl0.rd/gras.
   grdc1.rdc/rd_dc_i<5>,
   fifo/U0/xst_fifo_generator/gconvfifo.rf/grf.rf/gntv_or_sync_fifo.gl0.rd/gras.
   grdc1.rdc/rd_dc_i<4>,
   fifo/U0/xst_fifo_generator/gconvfifo.rf/grf.rf/gntv_or_sync_fifo.gl0.rd/gras.
   grdc1.rdc/rd_dc_i<3>,
   fifo/U0/xst_fifo_generator/gconvfifo.rf/grf.rf/gntv_or_sync_fifo.gl0.rd/gras.
   grdc1.rdc/rd_dc_i<2>
   To see the details of these info messages, please use the -detail switch.
INFO:MapLib:562 - No environment variables are currently set.
INFO:LIT:244 - All of the single ended outputs in this design are using slew
   rate limited output drivers. The delay on speed critical single ended outputs
   can be dramatically reduced by designating them as fast outputs.
INFO:Pack:1716 - Initializing temperature to 85.000 Celsius. (default - Range:
   0.000 to 85.000 Celsius)
INFO:Pack:1720 - Initializing voltage to 0.950 Volts. (default - Range: 0.950 to
   1.050 Volts)
INFO:Map:215 - The Interim Design Summary has been generated in the MAP Report
   (.mrp).
INFO:Pack:1650 - Map created a placed design.

Section 4 - Removed Logic Summary
---------------------------------
  56 block(s) removed
   4 block(s) optimized away
  56 signal(s) removed

Section 5 - Removed Logic
-------------------------

The trimmed logic report below shows the logic removed from your design due to
sourceless or loadless signals, and VCC or ground connections.  If the removal
of a signal or symbol results in the subsequent removal of an additional signal
or symbol, the message explaining that second removal will be indented.  This
indentation will be repeated as a chain of related logic is removed.

To quickly locate the original cause for the removal of a chain of logic, look
above the place where that logic is listed in the trimming report, then locate
the lines that are least indented (begin at the leftmost edge).

The signal
"fifo/U0/xst_fifo_generator/gconvfifo.rf/grf.rf/gntv_or_sync_fifo.gl0.rd/gras.gr
dc1.rdc/rd_dc_i<7>" is sourceless and has been removed.
The signal
"fifo/U0/xst_fifo_generator/gconvfifo.rf/grf.rf/gntv_or_sync_fifo.gl0.rd/gras.gr
dc1.rdc/rd_dc_i<6>" is sourceless and has been removed.
The signal
"fifo/U0/xst_fifo_generator/gconvfifo.rf/grf.rf/gntv_or_sync_fifo.gl0.rd/gras.gr
dc1.rdc/rd_dc_i<5>" is sourceless and has been removed.
The signal
"fifo/U0/xst_fifo_generator/gconvfifo.rf/grf.rf/gntv_or_sync_fifo.gl0.rd/gras.gr
dc1.rdc/rd_dc_i<4>" is sourceless and has been removed.
The signal
"fifo/U0/xst_fifo_generator/gconvfifo.rf/grf.rf/gntv_or_sync_fifo.gl0.rd/gras.gr
dc1.rdc/rd_dc_i<3>" is sourceless and has been removed.
The signal
"fifo/U0/xst_fifo_generator/gconvfifo.rf/grf.rf/gntv_or_sync_fifo.gl0.rd/gras.gr
dc1.rdc/rd_dc_i<2>" is sourceless and has been removed.
The signal
"fifo/U0/xst_fifo_generator/gconvfifo.rf/grf.rf/gntv_or_sync_fifo.gl0.rd/gras.gr
dc1.rdc/rd_dc_i<1>" is sourceless and has been removed.
The signal
"fifo/U0/xst_fifo_generator/gconvfifo.rf/grf.rf/gntv_or_sync_fifo.gl0.rd/gras.gr
dc1.rdc/rd_dc_i<0>" is sourceless and has been removed.
The signal
"fifo/U0/xst_fifo_generator/gconvfifo.rf/grf.rf/gntv_or_sync_fifo.gl0.wr/gwas.gw
dc0.wdc/wr_data_count_i<4>" is sourceless and has been removed.
The signal
"fifo/U0/xst_fifo_generator/gconvfifo.rf/grf.rf/gntv_or_sync_fifo.gl0.wr/gwas.gw
dc0.wdc/wr_data_count_i<3>" is sourceless and has been removed.
The signal
"fifo/U0/xst_fifo_generator/gconvfifo.rf/grf.rf/gntv_or_sync_fifo.gl0.wr/gwas.gw
dc0.wdc/wr_data_count_i<2>" is sourceless and has been removed.
The signal
"fifo/U0/xst_fifo_generator/gconvfifo.rf/grf.rf/gntv_or_sync_fifo.gl0.wr/gwas.gw
dc0.wdc/wr_data_count_i<1>" is sourceless and has been removed.
The signal
"fifo/U0/xst_fifo_generator/gconvfifo.rf/grf.rf/gntv_or_sync_fifo.gl0.wr/gwas.gw
dc0.wdc/wr_data_count_i<0>" is sourceless and has been removed.
The signal
"fifo/U0/xst_fifo_generator/gconvfifo.rf/grf.rf/gntv_or_sync_fifo.gl0.wr/gwas.ws
ts/ram_full_i" is sourceless and has been removed.
The signal "fifo/N0" is sourceless and has been removed.
 Sourceless block
"fifo/U0/xst_fifo_generator/gconvfifo.rf/grf.rf/gntv_or_sync_fifo.gl0.rd/gras.gr
dc1.rdc/Msub_GND_187_o_GND_187_o_sub_3_OUT<7:0>_xor<0>" (XOR) removed.
  The signal
"fifo/U0/xst_fifo_generator/gconvfifo.rf/grf.rf/gntv_or_sync_fifo.gl0.rd/gras.gr
dc1.rdc/GND_187_o_GND_187_o_sub_3_OUT<0>" is sourceless and has been removed.
   Sourceless block
"fifo/U0/xst_fifo_generator/gconvfifo.rf/grf.rf/gntv_or_sync_fifo.gl0.rd/gras.gr
dc1.rdc/rd_dc_i_0" (FF) removed.
 Sourceless block
"fifo/U0/xst_fifo_generator/gconvfifo.rf/grf.rf/gntv_or_sync_fifo.gl0.rd/gras.gr
dc1.rdc/Msub_GND_187_o_GND_187_o_sub_3_OUT<7:0>_cy<0>" (MUX) removed.
  The signal
"fifo/U0/xst_fifo_generator/gconvfifo.rf/grf.rf/gntv_or_sync_fifo.gl0.rd/gras.gr
dc1.rdc/Msub_GND_187_o_GND_187_o_sub_3_OUT<7:0>_cy<0>" is sourceless and has
been removed.
   Sourceless block
"fifo/U0/xst_fifo_generator/gconvfifo.rf/grf.rf/gntv_or_sync_fifo.gl0.rd/gras.gr
dc1.rdc/Msub_GND_187_o_GND_187_o_sub_3_OUT<7:0>_xor<1>" (XOR) removed.
    The signal
"fifo/U0/xst_fifo_generator/gconvfifo.rf/grf.rf/gntv_or_sync_fifo.gl0.rd/gras.gr
dc1.rdc/GND_187_o_GND_187_o_sub_3_OUT<1>" is sourceless and has been removed.
     Sourceless block
"fifo/U0/xst_fifo_generator/gconvfifo.rf/grf.rf/gntv_or_sync_fifo.gl0.rd/gras.gr
dc1.rdc/rd_dc_i_1" (FF) removed.
   Sourceless block
"fifo/U0/xst_fifo_generator/gconvfifo.rf/grf.rf/gntv_or_sync_fifo.gl0.rd/gras.gr
dc1.rdc/Msub_GND_187_o_GND_187_o_sub_3_OUT<7:0>_cy<1>" (MUX) removed.
    The signal
"fifo/U0/xst_fifo_generator/gconvfifo.rf/grf.rf/gntv_or_sync_fifo.gl0.rd/gras.gr
dc1.rdc/Msub_GND_187_o_GND_187_o_sub_3_OUT<7:0>_cy<1>" is sourceless and has
been removed.
     Sourceless block
"fifo/U0/xst_fifo_generator/gconvfifo.rf/grf.rf/gntv_or_sync_fifo.gl0.rd/gras.gr
dc1.rdc/Msub_GND_187_o_GND_187_o_sub_3_OUT<7:0>_xor<2>" (XOR) removed.
      The signal
"fifo/U0/xst_fifo_generator/gconvfifo.rf/grf.rf/gntv_or_sync_fifo.gl0.rd/gras.gr
dc1.rdc/GND_187_o_GND_187_o_sub_3_OUT<2>" is sourceless and has been removed.
       Sourceless block
"fifo/U0/xst_fifo_generator/gconvfifo.rf/grf.rf/gntv_or_sync_fifo.gl0.rd/gras.gr
dc1.rdc/rd_dc_i_2" (FF) removed.
     Sourceless block
"fifo/U0/xst_fifo_generator/gconvfifo.rf/grf.rf/gntv_or_sync_fifo.gl0.rd/gras.gr
dc1.rdc/Msub_GND_187_o_GND_187_o_sub_3_OUT<7:0>_cy<2>" (MUX) removed.
      The signal
"fifo/U0/xst_fifo_generator/gconvfifo.rf/grf.rf/gntv_or_sync_fifo.gl0.rd/gras.gr
dc1.rdc/Msub_GND_187_o_GND_187_o_sub_3_OUT<7:0>_cy<2>" is sourceless and has
been removed.
       Sourceless block
"fifo/U0/xst_fifo_generator/gconvfifo.rf/grf.rf/gntv_or_sync_fifo.gl0.rd/gras.gr
dc1.rdc/Msub_GND_187_o_GND_187_o_sub_3_OUT<7:0>_xor<3>" (XOR) removed.
        The signal
"fifo/U0/xst_fifo_generator/gconvfifo.rf/grf.rf/gntv_or_sync_fifo.gl0.rd/gras.gr
dc1.rdc/GND_187_o_GND_187_o_sub_3_OUT<3>" is sourceless and has been removed.
         Sourceless block
"fifo/U0/xst_fifo_generator/gconvfifo.rf/grf.rf/gntv_or_sync_fifo.gl0.rd/gras.gr
dc1.rdc/rd_dc_i_3" (FF) removed.
       Sourceless block
"fifo/U0/xst_fifo_generator/gconvfifo.rf/grf.rf/gntv_or_sync_fifo.gl0.rd/gras.gr
dc1.rdc/Msub_GND_187_o_GND_187_o_sub_3_OUT<7:0>_cy<3>" (MUX) removed.
        The signal
"fifo/U0/xst_fifo_generator/gconvfifo.rf/grf.rf/gntv_or_sync_fifo.gl0.rd/gras.gr
dc1.rdc/Msub_GND_187_o_GND_187_o_sub_3_OUT<7:0>_cy<3>" is sourceless and has
been removed.
         Sourceless block
"fifo/U0/xst_fifo_generator/gconvfifo.rf/grf.rf/gntv_or_sync_fifo.gl0.rd/gras.gr
dc1.rdc/Msub_GND_187_o_GND_187_o_sub_3_OUT<7:0>_xor<4>" (XOR) removed.
          The signal
"fifo/U0/xst_fifo_generator/gconvfifo.rf/grf.rf/gntv_or_sync_fifo.gl0.rd/gras.gr
dc1.rdc/GND_187_o_GND_187_o_sub_3_OUT<4>" is sourceless and has been removed.
           Sourceless block
"fifo/U0/xst_fifo_generator/gconvfifo.rf/grf.rf/gntv_or_sync_fifo.gl0.rd/gras.gr
dc1.rdc/rd_dc_i_4" (FF) removed.
         Sourceless block
"fifo/U0/xst_fifo_generator/gconvfifo.rf/grf.rf/gntv_or_sync_fifo.gl0.rd/gras.gr
dc1.rdc/Msub_GND_187_o_GND_187_o_sub_3_OUT<7:0>_cy<4>" (MUX) removed.
          The signal
"fifo/U0/xst_fifo_generator/gconvfifo.rf/grf.rf/gntv_or_sync_fifo.gl0.rd/gras.gr
dc1.rdc/Msub_GND_187_o_GND_187_o_sub_3_OUT<7:0>_cy<4>" is sourceless and has
been removed.
           Sourceless block
"fifo/U0/xst_fifo_generator/gconvfifo.rf/grf.rf/gntv_or_sync_fifo.gl0.rd/gras.gr
dc1.rdc/Msub_GND_187_o_GND_187_o_sub_3_OUT<7:0>_xor<5>" (XOR) removed.
            The signal
"fifo/U0/xst_fifo_generator/gconvfifo.rf/grf.rf/gntv_or_sync_fifo.gl0.rd/gras.gr
dc1.rdc/GND_187_o_GND_187_o_sub_3_OUT<5>" is sourceless and has been removed.
             Sourceless block
"fifo/U0/xst_fifo_generator/gconvfifo.rf/grf.rf/gntv_or_sync_fifo.gl0.rd/gras.gr
dc1.rdc/rd_dc_i_5" (FF) removed.
           Sourceless block
"fifo/U0/xst_fifo_generator/gconvfifo.rf/grf.rf/gntv_or_sync_fifo.gl0.rd/gras.gr
dc1.rdc/Msub_GND_187_o_GND_187_o_sub_3_OUT<7:0>_cy<5>" (MUX) removed.
            The signal
"fifo/U0/xst_fifo_generator/gconvfifo.rf/grf.rf/gntv_or_sync_fifo.gl0.rd/gras.gr
dc1.rdc/Msub_GND_187_o_GND_187_o_sub_3_OUT<7:0>_cy<5>" is sourceless and has
been removed.
             Sourceless block
"fifo/U0/xst_fifo_generator/gconvfifo.rf/grf.rf/gntv_or_sync_fifo.gl0.rd/gras.gr
dc1.rdc/Msub_GND_187_o_GND_187_o_sub_3_OUT<7:0>_xor<6>" (XOR) removed.
              The signal
"fifo/U0/xst_fifo_generator/gconvfifo.rf/grf.rf/gntv_or_sync_fifo.gl0.rd/gras.gr
dc1.rdc/GND_187_o_GND_187_o_sub_3_OUT<6>" is sourceless and has been removed.
               Sourceless block
"fifo/U0/xst_fifo_generator/gconvfifo.rf/grf.rf/gntv_or_sync_fifo.gl0.rd/gras.gr
dc1.rdc/rd_dc_i_6" (FF) removed.
             Sourceless block
"fifo/U0/xst_fifo_generator/gconvfifo.rf/grf.rf/gntv_or_sync_fifo.gl0.rd/gras.gr
dc1.rdc/Msub_GND_187_o_GND_187_o_sub_3_OUT<7:0>_cy<6>" (MUX) removed.
              The signal
"fifo/U0/xst_fifo_generator/gconvfifo.rf/grf.rf/gntv_or_sync_fifo.gl0.rd/gras.gr
dc1.rdc/Msub_GND_187_o_GND_187_o_sub_3_OUT<7:0>_cy<6>" is sourceless and has
been removed.
               Sourceless block
"fifo/U0/xst_fifo_generator/gconvfifo.rf/grf.rf/gntv_or_sync_fifo.gl0.rd/gras.gr
dc1.rdc/Msub_GND_187_o_GND_187_o_sub_3_OUT<7:0>_xor<7>" (XOR) removed.
                The signal
"fifo/U0/xst_fifo_generator/gconvfifo.rf/grf.rf/gntv_or_sync_fifo.gl0.rd/gras.gr
dc1.rdc/GND_187_o_GND_187_o_sub_3_OUT<7>" is sourceless and has been removed.
                 Sourceless block
"fifo/U0/xst_fifo_generator/gconvfifo.rf/grf.rf/gntv_or_sync_fifo.gl0.rd/gras.gr
dc1.rdc/rd_dc_i_7" (FF) removed.
The signal
"fifo/U0/xst_fifo_generator/gconvfifo.rf/grf.rf/gntv_or_sync_fifo.gl0.wr/gwas.gw
dc0.wdc/GND_194_o_GND_194_o_sub_2_OUT<4>" is sourceless and has been removed.
 Sourceless block
"fifo/U0/xst_fifo_generator/gconvfifo.rf/grf.rf/gntv_or_sync_fifo.gl0.wr/gwas.gw
dc0.wdc/wr_data_count_i_4" (FF) removed.
The signal
"fifo/U0/xst_fifo_generator/gconvfifo.rf/grf.rf/gntv_or_sync_fifo.gl0.wr/gwas.gw
dc0.wdc/GND_194_o_GND_194_o_sub_2_OUT<3>" is sourceless and has been removed.
 Sourceless block
"fifo/U0/xst_fifo_generator/gconvfifo.rf/grf.rf/gntv_or_sync_fifo.gl0.wr/gwas.gw
dc0.wdc/wr_data_count_i_3" (FF) removed.
The signal
"fifo/U0/xst_fifo_generator/gconvfifo.rf/grf.rf/gntv_or_sync_fifo.gl0.wr/gwas.gw
dc0.wdc/GND_194_o_GND_194_o_sub_2_OUT<2>" is sourceless and has been removed.
 Sourceless block
"fifo/U0/xst_fifo_generator/gconvfifo.rf/grf.rf/gntv_or_sync_fifo.gl0.wr/gwas.gw
dc0.wdc/wr_data_count_i_2" (FF) removed.
The signal
"fifo/U0/xst_fifo_generator/gconvfifo.rf/grf.rf/gntv_or_sync_fifo.gl0.wr/gwas.gw
dc0.wdc/GND_194_o_GND_194_o_sub_2_OUT<1>" is sourceless and has been removed.
 Sourceless block
"fifo/U0/xst_fifo_generator/gconvfifo.rf/grf.rf/gntv_or_sync_fifo.gl0.wr/gwas.gw
dc0.wdc/wr_data_count_i_1" (FF) removed.
The signal
"fifo/U0/xst_fifo_generator/gconvfifo.rf/grf.rf/gntv_or_sync_fifo.gl0.wr/gwas.gw
dc0.wdc/GND_194_o_GND_194_o_sub_2_OUT<0>" is sourceless and has been removed.
 Sourceless block
"fifo/U0/xst_fifo_generator/gconvfifo.rf/grf.rf/gntv_or_sync_fifo.gl0.wr/gwas.gw
dc0.wdc/wr_data_count_i_0" (FF) removed.
The signal
"fifo/U0/xst_fifo_generator/gconvfifo.rf/grf.rf/gntv_or_sync_fifo.gl0.rd/gras.gr
dc1.rdc/Msub_GND_187_o_GND_187_o_sub_3_OUT<7:0>_lut<7>" is sourceless and has
been removed.
The signal
"fifo/U0/xst_fifo_generator/gconvfifo.rf/grf.rf/gntv_or_sync_fifo.gl0.rd/gras.gr
dc1.rdc/Msub_GND_187_o_GND_187_o_sub_3_OUT<7:0>_lut<6>" is sourceless and has
been removed.
The signal
"fifo/U0/xst_fifo_generator/gconvfifo.rf/grf.rf/gntv_or_sync_fifo.gl0.rd/gras.gr
dc1.rdc/Msub_GND_187_o_GND_187_o_sub_3_OUT<7:0>_lut<5>" is sourceless and has
been removed.
The signal
"fifo/U0/xst_fifo_generator/gconvfifo.rf/grf.rf/gntv_or_sync_fifo.gl0.rd/gras.gr
dc1.rdc/Msub_GND_187_o_GND_187_o_sub_3_OUT<7:0>_lut<4>" is sourceless and has
been removed.
The signal
"fifo/U0/xst_fifo_generator/gconvfifo.rf/grf.rf/gntv_or_sync_fifo.gl0.rd/gras.gr
dc1.rdc/Msub_GND_187_o_GND_187_o_sub_3_OUT<7:0>_lut<3>" is sourceless and has
been removed.
The signal
"fifo/U0/xst_fifo_generator/gconvfifo.rf/grf.rf/gntv_or_sync_fifo.gl0.rd/gras.gr
dc1.rdc/Msub_GND_187_o_GND_187_o_sub_3_OUT<7:0>_lut<2>" is sourceless and has
been removed.
The signal
"fifo/U0/xst_fifo_generator/gconvfifo.rf/grf.rf/gntv_or_sync_fifo.gl0.rd/gras.gr
dc1.rdc/Msub_GND_187_o_GND_187_o_sub_3_OUT<7:0>_lut<1>" is sourceless and has
been removed.
The signal
"fifo/U0/xst_fifo_generator/gconvfifo.rf/grf.rf/gntv_or_sync_fifo.gl0.rd/gras.gr
dc1.rdc/Msub_GND_187_o_GND_187_o_sub_3_OUT<7:0>_cy<0>_rt" is sourceless and has
been removed.
The signal
"fifo/U0/xst_fifo_generator/gconvfifo.rf/grf.rf/gntv_or_sync_fifo.gl0.wr/gwas.gw
dc0.wdc/Msub_GND_194_o_GND_194_o_sub_2_OUT<4:0>_lut<3>" is sourceless and has
been removed.
 Sourceless block
"fifo/U0/xst_fifo_generator/gconvfifo.rf/grf.rf/gntv_or_sync_fifo.gl0.wr/gwas.gw
dc0.wdc/Msub_GND_194_o_GND_194_o_sub_2_OUT<4:0>_xor<3>11" (ROM) removed.
The signal
"fifo/U0/xst_fifo_generator/gconvfifo.rf/grf.rf/gntv_or_sync_fifo.gl0.wr/gwas.gw
dc0.wdc/Msub_GND_194_o_GND_194_o_sub_2_OUT<4:0>_cy<3>1" is sourceless and has
been removed.
 Sourceless block
"fifo/U0/xst_fifo_generator/gconvfifo.rf/grf.rf/gntv_or_sync_fifo.gl0.wr/gwas.gw
dc0.wdc/Msub_GND_194_o_GND_194_o_sub_2_OUT<4:0>_xor<4>11" (ROM) removed.
The signal
"fifo/U0/xst_fifo_generator/gconvfifo.rf/grf.rf/gntv_or_sync_fifo.gl0.wr/gwas.gw
dc0.wdc/Msub_GND_194_o_GND_194_o_sub_2_OUT<4:0>_cy<0>" is sourceless and has
been removed.
The signal "bin2cw/uut/multiplier/U0/i_mult/gLUT.gNO_LUT6.iLUT/s2_add_out_0<4>"
is sourceless and has been removed.
The signal "bin2cw/uut/multiplier/U0/i_mult/gLUT.gNO_LUT6.iLUT/s2_add_out_0<3>"
is sourceless and has been removed.
The signal "bin2cw/uut/multiplier/U0/i_mult/gLUT.gNO_LUT6.iLUT/s2_add_out_0<2>"
is sourceless and has been removed.
The signal "bin2cw/uut/multiplier/U0/i_mult/gLUT.gNO_LUT6.iLUT/s2_add_out_0<1>"
is sourceless and has been removed.
The signal "bin2cw/uut/multiplier/U0/i_mult/gLUT.gNO_LUT6.iLUT/s2_add_out_0<0>"
is sourceless and has been removed.
The signal "bin2cw/uut/multiplier/sig00000036" is sourceless and has been
removed.
 Sourceless block "bin2cw/uut/multiplier/blk000000a2" (FF) removed.
The signal "bin2cw/uut/multiplier/sig00000035" is sourceless and has been
removed.
 Sourceless block "bin2cw/uut/multiplier/blk000000a3" (FF) removed.
The signal "bin2cw/uut/multiplier/sig00000044" is sourceless and has been
removed.
 Sourceless block "bin2cw/uut/multiplier/blk000000a4" (FF) removed.
The signal "bin2cw/uut/multiplier/sig00000043" is sourceless and has been
removed.
 Sourceless block "bin2cw/uut/multiplier/blk000000a5" (FF) removed.
The signal "bin2cw/uut/multiplier/sig000000a5" is sourceless and has been
removed.
 Sourceless block "bin2cw/uut/multiplier/blk000000a6" (FF) removed.
Unused block "bin2cw/uut/multiplier/blk00000074" (XOR) removed.
Unused block "bin2cw/uut/multiplier/blk00000077" (XOR) removed.
Unused block "bin2cw/uut/multiplier/blk00000092" (XOR) removed.
Unused block "bin2cw/uut/multiplier/blk00000094" (XOR) removed.
Unused block "bin2cw/uut/multiplier/blk000000bf" (ROM) removed.
Unused block
"fifo/U0/xst_fifo_generator/gconvfifo.rf/grf.rf/gntv_or_sync_fifo.gl0.rd/gras.gr
dc1.rdc/Msub_GND_187_o_GND_187_o_sub_3_OUT<7:0>_cy<0>_rt" (ROM) removed.
Unused block
"fifo/U0/xst_fifo_generator/gconvfifo.rf/grf.rf/gntv_or_sync_fifo.gl0.rd/gras.gr
dc1.rdc/Msub_GND_187_o_GND_187_o_sub_3_OUT<7:0>_lut<1>_INV_0" (BUF) removed.
Unused block
"fifo/U0/xst_fifo_generator/gconvfifo.rf/grf.rf/gntv_or_sync_fifo.gl0.rd/gras.gr
dc1.rdc/Msub_GND_187_o_GND_187_o_sub_3_OUT<7:0>_lut<2>_INV_0" (BUF) removed.
Unused block
"fifo/U0/xst_fifo_generator/gconvfifo.rf/grf.rf/gntv_or_sync_fifo.gl0.rd/gras.gr
dc1.rdc/Msub_GND_187_o_GND_187_o_sub_3_OUT<7:0>_lut<3>" (ROM) removed.
Unused block
"fifo/U0/xst_fifo_generator/gconvfifo.rf/grf.rf/gntv_or_sync_fifo.gl0.rd/gras.gr
dc1.rdc/Msub_GND_187_o_GND_187_o_sub_3_OUT<7:0>_lut<4>" (ROM) removed.
Unused block
"fifo/U0/xst_fifo_generator/gconvfifo.rf/grf.rf/gntv_or_sync_fifo.gl0.rd/gras.gr
dc1.rdc/Msub_GND_187_o_GND_187_o_sub_3_OUT<7:0>_lut<5>" (ROM) removed.
Unused block
"fifo/U0/xst_fifo_generator/gconvfifo.rf/grf.rf/gntv_or_sync_fifo.gl0.rd/gras.gr
dc1.rdc/Msub_GND_187_o_GND_187_o_sub_3_OUT<7:0>_lut<6>" (ROM) removed.
Unused block
"fifo/U0/xst_fifo_generator/gconvfifo.rf/grf.rf/gntv_or_sync_fifo.gl0.rd/gras.gr
dc1.rdc/Msub_GND_187_o_GND_187_o_sub_3_OUT<7:0>_lut<7>" (ROM) removed.
Unused block
"fifo/U0/xst_fifo_generator/gconvfifo.rf/grf.rf/gntv_or_sync_fifo.gl0.wr/gwas.gw
dc0.wdc/Msub_GND_194_o_GND_194_o_sub_2_OUT<4:0>_cy<0>11" (ROM) removed.
Unused block
"fifo/U0/xst_fifo_generator/gconvfifo.rf/grf.rf/gntv_or_sync_fifo.gl0.wr/gwas.gw
dc0.wdc/Msub_GND_194_o_GND_194_o_sub_2_OUT<4:0>_cy<3>11" (ROM) removed.
Unused block
"fifo/U0/xst_fifo_generator/gconvfifo.rf/grf.rf/gntv_or_sync_fifo.gl0.wr/gwas.gw
dc0.wdc/Msub_GND_194_o_GND_194_o_sub_2_OUT<4:0>_lut<3>1" (ROM) removed.
Unused block
"fifo/U0/xst_fifo_generator/gconvfifo.rf/grf.rf/gntv_or_sync_fifo.gl0.wr/gwas.gw
dc0.wdc/Msub_GND_194_o_GND_194_o_sub_2_OUT<4:0>_xor<0>11" (ROM) removed.
Unused block
"fifo/U0/xst_fifo_generator/gconvfifo.rf/grf.rf/gntv_or_sync_fifo.gl0.wr/gwas.gw
dc0.wdc/Msub_GND_194_o_GND_194_o_sub_2_OUT<4:0>_xor<1>11" (ROM) removed.
Unused block
"fifo/U0/xst_fifo_generator/gconvfifo.rf/grf.rf/gntv_or_sync_fifo.gl0.wr/gwas.gw
dc0.wdc/Msub_GND_194_o_GND_194_o_sub_2_OUT<4:0>_xor<2>11" (ROM) removed.
Unused block
"fifo/U0/xst_fifo_generator/gconvfifo.rf/grf.rf/gntv_or_sync_fifo.gl0.wr/gwas.ws
ts/ram_full_i" (FF) removed.
Unused block "fifo/XST_VCC" (ONE) removed.

Optimized Block(s):
TYPE 		BLOCK
GND 		XST_GND
VCC 		XST_VCC
GND 		bin2cw/uut/multiplier/blk00000001
GND 		fifo/XST_GND

To enable printing of redundant blocks removed and signals merged, set the
detailed map report option and rerun map.

Section 6 - IOB Properties
--------------------------

+---------------------------------------------------------------------------------------------------------------------------------------------------------+
| IOB Name                           | Type             | Direction | IO Standard          | Diff  | Drive    | Slew | Reg (s)      | Resistor | IOB      |
|                                    |                  |           |                      | Term  | Strength | Rate |              |          | Delay    |
+---------------------------------------------------------------------------------------------------------------------------------------------------------+
| clk                                | IOB              | INPUT     | LVCMOS25             |       |          |      |              |          |          |
| cw_done                            | IOB              | OUTPUT    | LVCMOS25             |       | 12       | SLOW | OFF          |          |          |
| cw_out<0>                          | IOB              | OUTPUT    | LVCMOS25             |       | 12       | SLOW |              |          |          |
| cw_out<1>                          | IOB              | OUTPUT    | LVCMOS25             |       | 12       | SLOW |              |          |          |
| cw_out<2>                          | IOB              | OUTPUT    | LVCMOS25             |       | 12       | SLOW |              |          |          |
| cw_out<3>                          | IOB              | OUTPUT    | LVCMOS25             |       | 12       | SLOW |              |          |          |
| cw_out<4>                          | IOB              | OUTPUT    | LVCMOS25             |       | 12       | SLOW |              |          |          |
| cw_out<5>                          | IOB              | OUTPUT    | LVCMOS25             |       | 12       | SLOW |              |          |          |
| cw_out<6>                          | IOB              | OUTPUT    | LVCMOS25             |       | 12       | SLOW |              |          |          |
| cw_out<7>                          | IOB              | OUTPUT    | LVCMOS25             |       | 12       | SLOW |              |          |          |
| cw_out<8>                          | IOB              | OUTPUT    | LVCMOS25             |       | 12       | SLOW |              |          |          |
| cw_out<9>                          | IOB              | OUTPUT    | LVCMOS25             |       | 12       | SLOW |              |          |          |
| cw_out<10>                         | IOB              | OUTPUT    | LVCMOS25             |       | 12       | SLOW |              |          |          |
| cw_rdy                             | IOB              | OUTPUT    | LVCMOS25             |       | 12       | SLOW | OFF          |          |          |
| msg_bype<0>                        | IOB              | INPUT     | LVCMOS25             |       |          |      |              |          |          |
| msg_bype<1>                        | IOB              | INPUT     | LVCMOS25             |       |          |      |              |          |          |
| msg_bype<2>                        | IOB              | INPUT     | LVCMOS25             |       |          |      |              |          |          |
| msg_bype<3>                        | IOB              | INPUT     | LVCMOS25             |       |          |      |              |          |          |
| msg_bype<4>                        | IOB              | INPUT     | LVCMOS25             |       |          |      |              |          |          |
| msg_bype<5>                        | IOB              | INPUT     | LVCMOS25             |       |          |      |              |          |          |
| msg_bype<6>                        | IOB              | INPUT     | LVCMOS25             |       |          |      |              |          |          |
| msg_bype<7>                        | IOB              | INPUT     | LVCMOS25             |       |          |      |              |          |          |
| rst_b                              | IOB              | INPUT     | LVCMOS25             |       |          |      |              |          |          |
| start                              | IOB              | INPUT     | LVCMOS25             |       |          |      |              |          |          |
| wr_en                              | IOB              | INPUT     | LVCMOS25             |       |          |      |              |          |          |
+---------------------------------------------------------------------------------------------------------------------------------------------------------+

Section 7 - RPMs
----------------

Section 8 - Guide Report
------------------------
Guide not run on this design.

Section 9 - Area Group and Partition Summary
--------------------------------------------

Partition Implementation Status
-------------------------------

  No Partitions were found in this design.

-------------------------------

Area Group Information
----------------------

  No area groups were found in this design.

----------------------

Section 10 - Timing Report
--------------------------
A logic-level (pre-route) timing report can be generated by using Xilinx static
timing analysis tools, Timing Analyzer (GUI) or TRCE (command line), with the
mapped NCD and PCF files. Please note that this timing report will be generated
using estimated delay information. For accurate numbers, please generate a
timing report with the post Place and Route NCD file.

For more information about the Timing Analyzer, consult the Xilinx Timing
Analyzer Reference Manual; for more information about TRCE, consult the Xilinx
Command Line Tools User Guide "TRACE" chapter.

Section 11 - Configuration String Details
-----------------------------------------
Use the "-detail" map option to print out Configuration Strings

Section 12 - Control Set Information
------------------------------------
Use the "-detail" map option to print out Control Set Information.

Section 13 - Utilization by Hierarchy
-------------------------------------
Use the "-detail" map option to print out the Utilization by Hierarchy section.
