CoreGen has not been configured with any user repositories.
CoreGen has been configured with the following Xilinx repositories:
 - 'C:\Xilinx\13.2\ISE_DS\ISE\coregen\' [reloaded]
INFO:sim - Generating component instance 'fifo_8_to_1' of
   'xilinx.com:ip:fifo_generator:8.2' from
   'C:\Xilinx\13.2\ISE_DS\ISE\coregen\ip\xilinx\primary\com\xilinx\ip\fifo_gener
   ator_v8_2\component.xml'.
Resolving generics for 'fifo_8_to_1'...
Applying external generics to 'fifo_8_to_1'...
Delivering associated files for 'fifo_8_to_1'...
WARNING:sim - Can't find 'Verilog' synthesis view; using general synthesis view
Delivering EJava files for 'fifo_8_to_1'...
Generating implementation netlist for 'fifo_8_to_1'...
INFO:sim - Pre-processing HDL files for 'fifo_8_to_1'...
WARNING:sim - BlackBox generator run option '-ifmt' found multiple times. Only
   the first occurence is considered.
Running synthesis for 'fifo_8_to_1'
Writing VEO instantiation template for 'fifo_8_to_1'...
Writing Verilog behavioral simulation model for 'fifo_8_to_1'...
Generating ASY schematic symbol...
Generating SYM schematic symbol for 'fifo_8_to_1'...
Generating metadata file...
Generating metadata file...
Generating ISE project...
WARNING:coreutil - TclTasksC:project_006: Exception detected while executing
   [project new].
   Type [help project new] for more information.
       while executing
   "project new $isefile"
       (procedure "core2ise" line 48)
       invoked from within
   "core2ise $corename"
       invoked from within
   "if {[info exists argc]} {
      if {$argc==1} {
         set corename [lindex $argv 0]
         core2ise $corename
      } elseif {$argc==2} {
         set corepath ..."
       (file "C:\Xilinx\13.2\ISE_DS\ISE\coregen\tcl\core2ise.tcl" line 250)
WARNING:coreutil - Process returned a non-zero exit code '1'
WARNING:sim - ISE project './tmp/_cg/fifo_8_to_1.xise' will not be released.
WARNING:sim - ISE file could not be generated.
Generating README file...
Generating FLIST file...
INFO:sim - Finished FLIST file generation.
Launching README viewer...
Moving files to output directory...
Finished moving files to output directory
Wrote CGP file for project 'fifo_8_to_1'.
