Release 13.2 - xst O.61xd (nt64)
Copyright (c) 1995-2011 Xilinx, Inc.  All rights reserved.
--> Parameter TMPDIR set to xst/projnav.tmp


Total REAL time to Xst completion: 0.00 secs
Total CPU time to Xst completion: 0.05 secs
 
--> Parameter xsthdpdir set to xst


Total REAL time to Xst completion: 0.00 secs
Total CPU time to Xst completion: 0.05 secs
 
--> Reading design: best_d.prj

TABLE OF CONTENTS
  1) Synthesis Options Summary
  2) HDL Parsing
  3) HDL Elaboration
  4) HDL Synthesis
       4.1) HDL Synthesis Report
  5) Advanced HDL Synthesis
       5.1) Advanced HDL Synthesis Report
  6) Low Level Synthesis
  7) Partition Report
  8) Design Summary
       8.1) Primitive and Black Box Usage
       8.2) Device utilization summary
       8.3) Partition Resource Summary
       8.4) Timing Report
            8.4.1) Clock Information
            8.4.2) Asynchronous Control Signals Information
            8.4.3) Timing Summary
            8.4.4) Timing Details
            8.4.5) Cross Clock Domains Report


=========================================================================
*                      Synthesis Options Summary                        *
=========================================================================
---- Source Parameters
Input File Name                    : "best_d.prj"
Input Format                       : mixed
Ignore Synthesis Constraint File   : NO

---- Target Parameters
Output File Name                   : "best_d"
Output Format                      : NGC
Target Device                      : xc6vlx240t-3-ff784

---- Source Options
Top Module Name                    : best_d
Automatic FSM Extraction           : YES
FSM Encoding Algorithm             : Auto
Safe Implementation                : No
FSM Style                          : LUT
RAM Extraction                     : Yes
RAM Style                          : Auto
ROM Extraction                     : Yes
Shift Register Extraction          : YES
ROM Style                          : Auto
Resource Sharing                   : YES
Asynchronous To Synchronous        : NO
Shift Register Minimum Size        : 2
Use DSP Block                      : Auto
Automatic Register Balancing       : No

---- Target Options
LUT Combining                      : Auto
Reduce Control Sets                : Auto
Add IO Buffers                     : YES
Global Maximum Fanout              : 100000
Add Generic Clock Buffer(BUFG)     : 32
Register Duplication               : YES
Optimize Instantiated Primitives   : NO
Use Clock Enable                   : Auto
Use Synchronous Set                : Auto
Use Synchronous Reset              : Auto
Pack IO Registers into IOBs        : Auto
Equivalent register Removal        : YES

---- General Options
Optimization Goal                  : Speed
Optimization Effort                : 1
Power Reduction                    : NO
Keep Hierarchy                     : No
Netlist Hierarchy                  : As_Optimized
RTL Output                         : Yes
Global Optimization                : AllClockNets
Read Cores                         : YES
Write Timing Constraints           : NO
Cross Clock Analysis               : NO
Hierarchy Separator                : /
Bus Delimiter                      : <>
Case Specifier                     : Maintain
Slice Utilization Ratio            : 100
BRAM Utilization Ratio             : 100
DSP48 Utilization Ratio            : 100
Auto BRAM Packing                  : NO
Slice Utilization Ratio Delta      : 5

---- Other Options
Cores Search Directories           : {"ipcore_dir"  }

=========================================================================


=========================================================================
*                          HDL Parsing                                  *
=========================================================================
Analyzing Verilog file \"C:\Users\RSPC\Dropbox\ConstantWeightCoding\hardware\18-9\encoder\ipcore_dir\mul_19bits.v\" into library work
Parsing module <mul_19bits>.
Analyzing Verilog file \"C:\Users\RSPC\Dropbox\ConstantWeightCoding\hardware\18-9\encoder\best_d.v\" into library work
Parsing module <best_d>.

=========================================================================
*                            HDL Elaboration                            *
=========================================================================

Elaborating module <best_d>.

Elaborating module <mul_19bits>.

=========================================================================
*                           HDL Synthesis                               *
=========================================================================

Synthesizing Unit <best_d>.
    Related source file is "c:/users/rspc/dropbox/constantweightcoding/hardware/18-9/encoder/best_d.v".
    Found 18-bit register for signal <d>.
    Found 5-bit register for signal <u_minus_1>.
    Found 4-bit register for signal <theta>.
    Found 4-bit comparator greater for signal <n0000> created at line 33
    Found 4-bit comparator lessequal for signal <n0002> created at line 35
    Found 19-bit comparator greater for signal <GND_1_o_p[22]_LessThan_16_o> created at line 50
    Found 19-bit comparator greater for signal <GND_1_o_p[22]_LessThan_17_o> created at line 54
    Found 19-bit comparator greater for signal <GND_1_o_p[22]_LessThan_18_o> created at line 58
    Found 19-bit comparator greater for signal <GND_1_o_p[22]_LessThan_19_o> created at line 62
    Found 19-bit comparator greater for signal <GND_1_o_p[22]_LessThan_20_o> created at line 66
    Found 19-bit comparator greater for signal <GND_1_o_p[22]_LessThan_21_o> created at line 70
    Found 19-bit comparator greater for signal <GND_1_o_p[22]_LessThan_22_o> created at line 74
    Found 19-bit comparator greater for signal <GND_1_o_p[22]_LessThan_23_o> created at line 78
    Found 19-bit comparator greater for signal <GND_1_o_p[22]_LessThan_24_o> created at line 82
    Found 19-bit comparator greater for signal <GND_1_o_p[22]_LessThan_25_o> created at line 86
    Found 19-bit comparator greater for signal <GND_1_o_p[22]_LessThan_26_o> created at line 90
    Found 19-bit comparator greater for signal <GND_1_o_p[22]_LessThan_27_o> created at line 94
    Found 19-bit comparator greater for signal <GND_1_o_p[22]_LessThan_28_o> created at line 98
    Found 19-bit comparator greater for signal <GND_1_o_p[22]_LessThan_29_o> created at line 102
    Found 19-bit comparator greater for signal <GND_1_o_p[22]_LessThan_30_o> created at line 106
    Summary:
	inferred  27 D-type flip-flop(s).
	inferred  17 Comparator(s).
	inferred  27 Multiplexer(s).
Unit <best_d> synthesized.

=========================================================================
HDL Synthesis Report

Macro Statistics
# Registers                                            : 3
 18-bit register                                       : 1
 4-bit register                                        : 1
 5-bit register                                        : 1
# Comparators                                          : 17
 19-bit comparator greater                             : 15
 4-bit comparator greater                              : 1
 4-bit comparator lessequal                            : 1
# Multiplexers                                         : 27
 18-bit 2-to-1 multiplexer                             : 13
 4-bit 2-to-1 multiplexer                              : 1
 5-bit 2-to-1 multiplexer                              : 13

=========================================================================

=========================================================================
*                       Advanced HDL Synthesis                          *
=========================================================================

Reading core <ipcore_dir/mul_19bits.ngc>.
Loading core <mul_19bits> for timing and area information for instance <multiplier>.

=========================================================================
Advanced HDL Synthesis Report

Macro Statistics
# Registers                                            : 27
 Flip-Flops                                            : 27
# Comparators                                          : 17
 19-bit comparator greater                             : 15
 4-bit comparator greater                              : 1
 4-bit comparator lessequal                            : 1
# Multiplexers                                         : 27
 18-bit 2-to-1 multiplexer                             : 13
 4-bit 2-to-1 multiplexer                              : 1
 5-bit 2-to-1 multiplexer                              : 13

=========================================================================

=========================================================================
*                         Low Level Synthesis                           *
=========================================================================
WARNING:Xst:1710 - FF/Latch <d_0> (without init value) has a constant value of 0 in block <best_d>. This FF/Latch will be trimmed during the optimization process.
WARNING:Xst:1895 - Due to other FF/Latch trimming, FF/Latch <d_1> (without init value) has a constant value of 0 in block <best_d>. This FF/Latch will be trimmed during the optimization process.
INFO:Xst:2261 - The FF/Latch <d_17> in Unit <best_d> is equivalent to the following FF/Latch, which will be removed : <u_minus_1_4> 

Optimizing unit <best_d> ...

Mapping all equations...
Building and optimizing final netlist ...
Found area constraint ratio of 100 (+ 5) on block best_d, actual ratio is 0.

Final Macro Processing ...

=========================================================================
Final Register Report

Macro Statistics
# Registers                                            : 24
 Flip-Flops                                            : 24

=========================================================================

=========================================================================
*                           Partition Report                            *
=========================================================================

Partition Implementation Status
-------------------------------

  No Partitions were found in this design.

-------------------------------

=========================================================================
*                            Design Summary                             *
=========================================================================

Top Level Output File Name         : best_d.ngc

Primitive and Black Box Usage:
------------------------------
# BELS                             : 308
#      GND                         : 2
#      LUT1                        : 1
#      LUT2                        : 32
#      LUT3                        : 9
#      LUT4                        : 48
#      LUT5                        : 13
#      LUT6                        : 40
#      MULT_AND                    : 40
#      MUXCY                       : 60
#      XORCY                       : 63
# FlipFlops/Latches                : 47
#      FD                          : 27
#      FDR                         : 19
#      FDS                         : 1
# Clock Buffers                    : 1
#      BUFGP                       : 1
# IO Buffers                       : 46
#      IBUF                        : 23
#      OBUF                        : 23

Device utilization summary:
---------------------------

Selected Device : 6vlx240tff784-3 


Slice Logic Utilization: 
 Number of Slice Registers:              47  out of  301440     0%  
 Number of Slice LUTs:                  143  out of  150720     0%  
    Number used as Logic:               143  out of  150720     0%  

Slice Logic Distribution: 
 Number of LUT Flip Flop pairs used:    144
   Number with an unused Flip Flop:      97  out of    144    67%  
   Number with an unused LUT:             1  out of    144     0%  
   Number of fully used LUT-FF pairs:    46  out of    144    31%  
   Number of unique control sets:         4

IO Utilization: 
 Number of IOs:                          47
 Number of bonded IOBs:                  47  out of    400    11%  

Specific Feature Utilization:
 Number of BUFG/BUFGCTRLs:                1  out of     32     3%  

---------------------------
Partition Resource Summary:
---------------------------

  No Partitions were found in this design.

---------------------------


=========================================================================
Timing Report

NOTE: THESE TIMING NUMBERS ARE ONLY A SYNTHESIS ESTIMATE.
      FOR ACCURATE TIMING INFORMATION PLEASE REFER TO THE TRACE REPORT
      GENERATED AFTER PLACE-and-ROUTE.

Clock Information:
------------------
-----------------------------------+------------------------+-------+
Clock Signal                       | Clock buffer(FF name)  | Load  |
-----------------------------------+------------------------+-------+
clk                                | BUFGP                  | 47    |
-----------------------------------+------------------------+-------+

Asynchronous Control Signals Information:
----------------------------------------
No asynchronous control signals found in this design

Timing Summary:
---------------
Speed Grade: -3

   Minimum period: 2.528ns (Maximum Frequency: 395.523MHz)
   Minimum input arrival time before clock: 2.045ns
   Maximum output required time after clock: 0.567ns
   Maximum combinational path delay: No path found

Timing Details:
---------------
All values displayed in nanoseconds (ns)

=========================================================================
Timing constraint: Default period analysis for Clock 'clk'
  Clock period: 2.528ns (frequency: 395.523MHz)
  Total number of paths / destination ports: 18889 / 59
-------------------------------------------------------------------------
Delay:               2.528ns (Levels of Logic = 6)
  Source:            multiplier/blk000000c8 (FF)
  Destination:       u_minus_1_0 (FF)
  Source Clock:      clk rising
  Destination Clock: clk rising

  Data Path: multiplier/blk000000c8 to u_minus_1_0
                                Gate     Net
    Cell:in->out      fanout   Delay   Delay  Logical Name (Net Name)
    ----------------------------------------  ------------
     FD:C->Q               4   0.280   0.608  blk000000c8 (p<6>)
     end scope: 'multiplier:p<6>'
     LUT6:I0->O           14   0.053   0.356  GND_1_o_p[22]_LessThan_16_o2 (GND_1_o_p[22]_LessThan_16_o1)
     LUT3:I2->O            6   0.053   0.319  GND_1_o_p[22]_LessThan_24_o111 (GND_1_o_p[22]_LessThan_24_o11)
     LUT5:I4->O           11   0.053   0.404  GND_1_o_p[22]_LessThan_23_o31 (GND_1_o_p[22]_LessThan_23_o)
     LUT5:I3->O            1   0.053   0.296  Mmux_GND_1_o_GND_1_o_mux_57_OUT12_SW1 (N7)
     LUT6:I5->O            1   0.053   0.000  Mmux_GND_1_o_GND_1_o_mux_57_OUT13 (GND_1_o_GND_1_o_mux_57_OUT<0>)
     FDR:D                    -0.012          u_minus_1_0
    ----------------------------------------
    Total                      2.528ns (0.545ns logic, 1.983ns route)
                                       (21.6% logic, 78.4% route)

=========================================================================
Timing constraint: Default OFFSET IN BEFORE for Clock 'clk'
  Total number of paths / destination ports: 16286 / 31
-------------------------------------------------------------------------
Offset:              2.045ns (Levels of Logic = 27)
  Source:            n<0> (PAD)
  Destination:       multiplier/blk000000b8 (FF)
  Destination Clock: clk rising

  Data Path: n<0> to multiplier/blk000000b8
                                Gate     Net
    Cell:in->out      fanout   Delay   Delay  Logical Name (Net Name)
    ----------------------------------------  ------------
     IBUF:I->O             4   0.003   0.495  n_0_IBUF (n_0_IBUF)
     begin scope: 'multiplier:a<0>'
     LUT4:I0->O            1   0.053   0.000  blk000000e9 (sig0000008a)
     MUXCY:S->O            1   0.219   0.000  blk00000051 (sig000000b3)
     MUXCY:CI->O           1   0.015   0.000  blk0000004d (sig000000af)
     MUXCY:CI->O           1   0.015   0.000  blk0000004b (sig000000ad)
     MUXCY:CI->O           1   0.015   0.000  blk00000049 (sig000000ab)
     MUXCY:CI->O           1   0.015   0.000  blk00000047 (sig000000a9)
     MUXCY:CI->O           1   0.015   0.000  blk00000045 (sig000000a7)
     MUXCY:CI->O           1   0.015   0.000  blk00000043 (sig000000a5)
     MUXCY:CI->O           1   0.015   0.000  blk00000041 (sig000000a3)
     MUXCY:CI->O           1   0.015   0.000  blk0000003f (sig000000a1)
     MUXCY:CI->O           1   0.015   0.000  blk0000003d (sig0000009f)
     MUXCY:CI->O           1   0.015   0.000  blk0000003b (sig0000009d)
     MUXCY:CI->O           1   0.015   0.000  blk00000039 (sig0000009b)
     MUXCY:CI->O           1   0.015   0.000  blk00000037 (sig00000099)
     MUXCY:CI->O           1   0.015   0.000  blk00000035 (sig00000097)
     MUXCY:CI->O           1   0.015   0.000  blk00000033 (sig00000095)
     MUXCY:CI->O           1   0.015   0.000  blk00000031 (sig00000093)
     MUXCY:CI->O           1   0.015   0.000  blk0000002f (sig00000091)
     MUXCY:CI->O           1   0.015   0.000  blk0000002d (sig0000008f)
     MUXCY:CI->O           0   0.015   0.000  blk0000002b (sig0000008d)
     XORCY:CI->O           1   0.180   0.357  blk00000003 (sig00000040)
     LUT2:I0->O            1   0.053   0.000  blk00000081 (sig00000004)
     MUXCY:S->O            1   0.219   0.000  blk00000080 (sig00000003)
     MUXCY:CI->O           0   0.015   0.000  blk0000007e (sig00000002)
     XORCY:CI->O           1   0.180   0.000  blk0000007c (sig0000003d)
     FD:D                     -0.012          blk000000b8
    ----------------------------------------
    Total                      2.045ns (1.192ns logic, 0.853ns route)
                                       (58.3% logic, 41.7% route)

=========================================================================
Timing constraint: Default OFFSET OUT AFTER for Clock 'clk'
  Total number of paths / destination ports: 21 / 21
-------------------------------------------------------------------------
Offset:              0.567ns (Levels of Logic = 1)
  Source:            d_17 (FF)
  Destination:       d<17> (PAD)
  Source Clock:      clk rising

  Data Path: d_17 to d<17>
                                Gate     Net
    Cell:in->out      fanout   Delay   Delay  Logical Name (Net Name)
    ----------------------------------------  ------------
     FD:C->Q               2   0.280   0.283  d_17 (d_17)
     OBUF:I->O                 0.003          d_17_OBUF (d<17>)
    ----------------------------------------
    Total                      0.567ns (0.283ns logic, 0.283ns route)
                                       (50.0% logic, 50.0% route)

=========================================================================

Cross Clock Domains Report:
--------------------------

Clock to Setup on destination clock clk
---------------+---------+---------+---------+---------+
               | Src:Rise| Src:Fall| Src:Rise| Src:Fall|
Source Clock   |Dest:Rise|Dest:Rise|Dest:Fall|Dest:Fall|
---------------+---------+---------+---------+---------+
clk            |    2.528|         |         |         |
---------------+---------+---------+---------+---------+

=========================================================================


Total REAL time to Xst completion: 5.00 secs
Total CPU time to Xst completion: 5.64 secs
 
--> 

Total memory usage is 270096 kilobytes

Number of errors   :    0 (   0 filtered)
Number of warnings :    2 (   0 filtered)
Number of infos    :    1 (   0 filtered)

