Release 13.2 Map O.61xd (nt64)
Xilinx Mapping Report File for Design 'encryptor_top'

Design Information
------------------
Command Line   : map -intstyle ise -p xc6vlx240t-ff784-3 -w -logic_opt off -ol
high -t 1 -xt 0 -register_duplication off -r 4 -global_opt off -mt off -ir off
-pr off -lc off -power off -o encryptor_top_map.ncd encryptor_top.ngd
encryptor_top.pcf 
Target Device  : xc6vlx240t
Target Package : ff784
Target Speed   : -3
Mapper Version : virtex6 -- $Revision: 1.55 $
Mapped Date    : Mon Jan 18 11:02:27 2016

Design Summary
--------------
Number of errors:      0
Number of warnings:   12
Slice Logic Utilization:
  Number of Slice Registers:                   498 out of 301,440    1%
    Number used as Flip Flops:                 476
    Number used as Latches:                     22
    Number used as Latch-thrus:                  0
    Number used as AND/OR logics:                0
  Number of Slice LUTs:                        505 out of 150,720    1%
    Number used as logic:                      501 out of 150,720    1%
      Number using O6 output only:             437
      Number using O5 output only:               3
      Number using O5 and O6:                   61
      Number used as ROM:                        0
    Number used as Memory:                       0 out of  58,400    0%
    Number used exclusively as route-thrus:      4
      Number with same-slice register load:      3
      Number with same-slice carry load:         1
      Number with other load:                    0

Slice Logic Distribution:
  Number of occupied Slices:                   183 out of  37,680    1%
  Number of LUT Flip Flop pairs used:          574
    Number with an unused Flip Flop:            93 out of     574   16%
    Number with an unused LUT:                  69 out of     574   12%
    Number of fully used LUT-FF pairs:         412 out of     574   71%
    Number of unique control sets:              33
    Number of slice register sites lost
      to control set restrictions:             174 out of 301,440    1%

  A LUT Flip Flop pair for this architecture represents one LUT paired with
  one Flip Flop within a slice.  A control set is a unique combination of
  clock, reset, set, and enable signals for a registered element.
  The Slice Logic Distribution report is not meaningful if the design is
  over-mapped for a non-slice resource or if Placement fails.
  OVERMAPPING of BRAM resources should be ignored if the design is
  over-mapped for a non-BRAM resource or if placement fails.

IO Utilization:
  Number of bonded IOBs:                       310 out of     400   77%

Specific Feature Utilization:
  Number of RAMB36E1/FIFO36E1s:                 16 out of     416    3%
    Number using RAMB36E1 only:                 16
    Number using FIFO36E1 only:                  0
  Number of RAMB18E1/FIFO18E1s:                  2 out of     832    1%
    Number using RAMB18E1 only:                  2
    Number using FIFO18E1 only:                  0
  Number of BUFG/BUFGCTRLs:                      1 out of      32    3%
    Number used as BUFGs:                        1
    Number used as BUFGCTRLs:                    0
  Number of ILOGICE1/ISERDESE1s:                 0 out of     720    0%
  Number of OLOGICE1/OSERDESE1s:                 0 out of     720    0%
  Number of BSCANs:                              0 out of       4    0%
  Number of BUFHCEs:                             0 out of     144    0%
  Number of BUFIODQSs:                           0 out of      72    0%
  Number of BUFRs:                               0 out of      36    0%
  Number of CAPTUREs:                            0 out of       1    0%
  Number of DSP48E1s:                            0 out of     768    0%
  Number of EFUSE_USRs:                          0 out of       1    0%
  Number of FRAME_ECCs:                          0 out of       1    0%
  Number of GTXE1s:                              0 out of      12    0%
  Number of IBUFDS_GTXE1s:                       0 out of      12    0%
  Number of ICAPs:                               0 out of       2    0%
  Number of IDELAYCTRLs:                         0 out of      18    0%
  Number of IODELAYE1s:                          0 out of     720    0%
  Number of MMCM_ADVs:                           0 out of      12    0%
  Number of PCIE_2_0s:                           0 out of       2    0%
  Number of STARTUPs:                            1 out of       1  100%
  Number of SYSMONs:                             0 out of       1    0%
  Number of TEMAC_SINGLEs:                       0 out of       4    0%

Average Fanout of Non-Clock Nets:                3.32

Peak Memory Usage:  718 MB
Total REAL time to MAP completion:  41 secs 
Total CPU time to MAP completion:   40 secs 

Table of Contents
-----------------
Section 1 - Errors
Section 2 - Warnings
Section 3 - Informational
Section 4 - Removed Logic Summary
Section 5 - Removed Logic
Section 6 - IOB Properties
Section 7 - RPMs
Section 8 - Guide Report
Section 9 - Area Group and Partition Summary
Section 10 - Timing Report
Section 11 - Configuration String Information
Section 12 - Control Set Information
Section 13 - Utilization by Hierarchy

Section 1 - Errors
------------------

Section 2 - Warnings
--------------------
WARNING:PhysDesignRules:372 - Gated clock. Clock net encoder/bin2cw/Mram__n0357
   is sourced by a combinatorial pin. This is not good design practice. Use the
   CE pin to control the loading of data into the flip-flop.
WARNING:PhysDesignRules:372 - Gated clock. Clock net encoder/bin2cw/Mram__n03578
   is sourced by a combinatorial pin. This is not good design practice. Use the
   CE pin to control the loading of data into the flip-flop.
WARNING:PhysDesignRules:372 - Gated clock. Clock net encoder/bin2cw/Mram__n03579
   is sourced by a combinatorial pin. This is not good design practice. Use the
   CE pin to control the loading of data into the flip-flop.
WARNING:PhysDesignRules:372 - Gated clock. Clock net
   encoder/bin2cw/state[2]_GND_16_o_Mux_95_o is sourced by a combinatorial pin.
   This is not good design practice. Use the CE pin to control the loading of
   data into the flip-flop.
WARNING:PhysDesignRules:372 - Gated clock. Clock net encoder/bin2cw/Mram__n03577
   is sourced by a combinatorial pin. This is not good design practice. Use the
   CE pin to control the loading of data into the flip-flop.
WARNING:PhysDesignRules:372 - Gated clock. Clock net encoder/bin2cw/Mram__n03573
   is sourced by a combinatorial pin. This is not good design practice. Use the
   CE pin to control the loading of data into the flip-flop.
WARNING:PhysDesignRules:372 - Gated clock. Clock net
   encoder/bin2cw/Mmux_state[2]_n_sel[0]_Mux_82_o132 is sourced by a
   combinatorial pin. This is not good design practice. Use the CE pin to
   control the loading of data into the flip-flop.
WARNING:PhysDesignRules:372 - Gated clock. Clock net
   encoder/bin2cw/state[2]_GND_8_o_Mux_79_o is sourced by a combinatorial pin.
   This is not good design practice. Use the CE pin to control the loading of
   data into the flip-flop.
WARNING:PhysDesignRules:372 - Gated clock. Clock net
   encoder/bin2cw/Mmux_state[2]_GND_22_o_Mux_107_o13 is sourced by a
   combinatorial pin. This is not good design practice. Use the CE pin to
   control the loading of data into the flip-flop.
WARNING:PhysDesignRules:372 - Gated clock. Clock net
   encoder/bin2cw/state[2]_GND_23_o_Mux_109_o is sourced by a combinatorial pin.
   This is not good design practice. Use the CE pin to control the loading of
   data into the flip-flop.
WARNING:PhysDesignRules:372 - Gated clock. Clock net
   encoder/bin2cw/state[2]_GND_20_o_Mux_103_o is sourced by a combinatorial pin.
   This is not good design practice. Use the CE pin to control the loading of
   data into the flip-flop.
WARNING:PhysDesignRules:372 - Gated clock. Clock net
   encoder/bin2cw/state[2]_GND_22_o_Mux_107_o is sourced by a combinatorial pin.
   This is not good design practice. Use the CE pin to control the loading of
   data into the flip-flop.

Section 3 - Informational
-------------------------
INFO:LIT:243 - Logical network
   encoder/fifo/U0/xst_fifo_generator/gconvfifo.rf/grf.rf/gntv_or_sync_fifo.gl0.
   rd/gras.grdc1.rdc/rd_dc_i<7> has no load.
INFO:LIT:395 - The above info message is repeated 18 more times for the
   following (max. 5 shown):
   encoder/fifo/U0/xst_fifo_generator/gconvfifo.rf/grf.rf/gntv_or_sync_fifo.gl0.
   rd/gras.grdc1.rdc/rd_dc_i<6>,
   encoder/fifo/U0/xst_fifo_generator/gconvfifo.rf/grf.rf/gntv_or_sync_fifo.gl0.
   rd/gras.grdc1.rdc/rd_dc_i<5>,
   encoder/fifo/U0/xst_fifo_generator/gconvfifo.rf/grf.rf/gntv_or_sync_fifo.gl0.
   rd/gras.grdc1.rdc/rd_dc_i<4>,
   encoder/fifo/U0/xst_fifo_generator/gconvfifo.rf/grf.rf/gntv_or_sync_fifo.gl0.
   rd/gras.grdc1.rdc/rd_dc_i<3>,
   encoder/fifo/U0/xst_fifo_generator/gconvfifo.rf/grf.rf/gntv_or_sync_fifo.gl0.
   rd/gras.grdc1.rdc/rd_dc_i<2>
   To see the details of these info messages, please use the -detail switch.
INFO:MapLib:562 - No environment variables are currently set.
INFO:LIT:244 - All of the single ended outputs in this design are using slew
   rate limited output drivers. The delay on speed critical single ended outputs
   can be dramatically reduced by designating them as fast outputs.
INFO:Pack:1716 - Initializing temperature to 85.000 Celsius. (default - Range:
   0.000 to 85.000 Celsius)
INFO:Pack:1720 - Initializing voltage to 0.950 Volts. (default - Range: 0.950 to
   1.050 Volts)
INFO:Map:215 - The Interim Design Summary has been generated in the MAP Report
   (.mrp).
INFO:Pack:1650 - Map created a placed design.

Section 4 - Removed Logic Summary
---------------------------------
  56 block(s) removed
   6 block(s) optimized away
  56 signal(s) removed

Section 5 - Removed Logic
-------------------------

The trimmed logic report below shows the logic removed from your design due to
sourceless or loadless signals, and VCC or ground connections.  If the removal
of a signal or symbol results in the subsequent removal of an additional signal
or symbol, the message explaining that second removal will be indented.  This
indentation will be repeated as a chain of related logic is removed.

To quickly locate the original cause for the removal of a chain of logic, look
above the place where that logic is listed in the trimming report, then locate
the lines that are least indented (begin at the leftmost edge).

The signal
"encoder/fifo/U0/xst_fifo_generator/gconvfifo.rf/grf.rf/gntv_or_sync_fifo.gl0.rd
/gras.grdc1.rdc/rd_dc_i<7>" is sourceless and has been removed.
The signal
"encoder/fifo/U0/xst_fifo_generator/gconvfifo.rf/grf.rf/gntv_or_sync_fifo.gl0.rd
/gras.grdc1.rdc/rd_dc_i<6>" is sourceless and has been removed.
The signal
"encoder/fifo/U0/xst_fifo_generator/gconvfifo.rf/grf.rf/gntv_or_sync_fifo.gl0.rd
/gras.grdc1.rdc/rd_dc_i<5>" is sourceless and has been removed.
The signal
"encoder/fifo/U0/xst_fifo_generator/gconvfifo.rf/grf.rf/gntv_or_sync_fifo.gl0.rd
/gras.grdc1.rdc/rd_dc_i<4>" is sourceless and has been removed.
The signal
"encoder/fifo/U0/xst_fifo_generator/gconvfifo.rf/grf.rf/gntv_or_sync_fifo.gl0.rd
/gras.grdc1.rdc/rd_dc_i<3>" is sourceless and has been removed.
The signal
"encoder/fifo/U0/xst_fifo_generator/gconvfifo.rf/grf.rf/gntv_or_sync_fifo.gl0.rd
/gras.grdc1.rdc/rd_dc_i<2>" is sourceless and has been removed.
The signal
"encoder/fifo/U0/xst_fifo_generator/gconvfifo.rf/grf.rf/gntv_or_sync_fifo.gl0.rd
/gras.grdc1.rdc/rd_dc_i<1>" is sourceless and has been removed.
The signal
"encoder/fifo/U0/xst_fifo_generator/gconvfifo.rf/grf.rf/gntv_or_sync_fifo.gl0.rd
/gras.grdc1.rdc/rd_dc_i<0>" is sourceless and has been removed.
The signal
"encoder/fifo/U0/xst_fifo_generator/gconvfifo.rf/grf.rf/gntv_or_sync_fifo.gl0.wr
/gwas.gwdc0.wdc/wr_data_count_i<4>" is sourceless and has been removed.
The signal
"encoder/fifo/U0/xst_fifo_generator/gconvfifo.rf/grf.rf/gntv_or_sync_fifo.gl0.wr
/gwas.gwdc0.wdc/wr_data_count_i<3>" is sourceless and has been removed.
The signal
"encoder/fifo/U0/xst_fifo_generator/gconvfifo.rf/grf.rf/gntv_or_sync_fifo.gl0.wr
/gwas.gwdc0.wdc/wr_data_count_i<2>" is sourceless and has been removed.
The signal
"encoder/fifo/U0/xst_fifo_generator/gconvfifo.rf/grf.rf/gntv_or_sync_fifo.gl0.wr
/gwas.gwdc0.wdc/wr_data_count_i<1>" is sourceless and has been removed.
The signal
"encoder/fifo/U0/xst_fifo_generator/gconvfifo.rf/grf.rf/gntv_or_sync_fifo.gl0.wr
/gwas.gwdc0.wdc/wr_data_count_i<0>" is sourceless and has been removed.
The signal
"encoder/fifo/U0/xst_fifo_generator/gconvfifo.rf/grf.rf/gntv_or_sync_fifo.gl0.wr
/gwas.wsts/ram_full_i" is sourceless and has been removed.
The signal "encoder/fifo/N0" is sourceless and has been removed.
 Sourceless block
"encoder/fifo/U0/xst_fifo_generator/gconvfifo.rf/grf.rf/gntv_or_sync_fifo.gl0.rd
/gras.grdc1.rdc/Msub_GND_187_o_GND_187_o_sub_3_OUT<7:0>_xor<0>" (XOR) removed.
  The signal
"encoder/fifo/U0/xst_fifo_generator/gconvfifo.rf/grf.rf/gntv_or_sync_fifo.gl0.rd
/gras.grdc1.rdc/GND_187_o_GND_187_o_sub_3_OUT<0>" is sourceless and has been
removed.
   Sourceless block
"encoder/fifo/U0/xst_fifo_generator/gconvfifo.rf/grf.rf/gntv_or_sync_fifo.gl0.rd
/gras.grdc1.rdc/rd_dc_i_0" (FF) removed.
 Sourceless block
"encoder/fifo/U0/xst_fifo_generator/gconvfifo.rf/grf.rf/gntv_or_sync_fifo.gl0.rd
/gras.grdc1.rdc/Msub_GND_187_o_GND_187_o_sub_3_OUT<7:0>_cy<0>" (MUX) removed.
  The signal
"encoder/fifo/U0/xst_fifo_generator/gconvfifo.rf/grf.rf/gntv_or_sync_fifo.gl0.rd
/gras.grdc1.rdc/Msub_GND_187_o_GND_187_o_sub_3_OUT<7:0>_cy<0>" is sourceless and
has been removed.
   Sourceless block
"encoder/fifo/U0/xst_fifo_generator/gconvfifo.rf/grf.rf/gntv_or_sync_fifo.gl0.rd
/gras.grdc1.rdc/Msub_GND_187_o_GND_187_o_sub_3_OUT<7:0>_xor<1>" (XOR) removed.
    The signal
"encoder/fifo/U0/xst_fifo_generator/gconvfifo.rf/grf.rf/gntv_or_sync_fifo.gl0.rd
/gras.grdc1.rdc/GND_187_o_GND_187_o_sub_3_OUT<1>" is sourceless and has been
removed.
     Sourceless block
"encoder/fifo/U0/xst_fifo_generator/gconvfifo.rf/grf.rf/gntv_or_sync_fifo.gl0.rd
/gras.grdc1.rdc/rd_dc_i_1" (FF) removed.
   Sourceless block
"encoder/fifo/U0/xst_fifo_generator/gconvfifo.rf/grf.rf/gntv_or_sync_fifo.gl0.rd
/gras.grdc1.rdc/Msub_GND_187_o_GND_187_o_sub_3_OUT<7:0>_cy<1>" (MUX) removed.
    The signal
"encoder/fifo/U0/xst_fifo_generator/gconvfifo.rf/grf.rf/gntv_or_sync_fifo.gl0.rd
/gras.grdc1.rdc/Msub_GND_187_o_GND_187_o_sub_3_OUT<7:0>_cy<1>" is sourceless and
has been removed.
     Sourceless block
"encoder/fifo/U0/xst_fifo_generator/gconvfifo.rf/grf.rf/gntv_or_sync_fifo.gl0.rd
/gras.grdc1.rdc/Msub_GND_187_o_GND_187_o_sub_3_OUT<7:0>_xor<2>" (XOR) removed.
      The signal
"encoder/fifo/U0/xst_fifo_generator/gconvfifo.rf/grf.rf/gntv_or_sync_fifo.gl0.rd
/gras.grdc1.rdc/GND_187_o_GND_187_o_sub_3_OUT<2>" is sourceless and has been
removed.
       Sourceless block
"encoder/fifo/U0/xst_fifo_generator/gconvfifo.rf/grf.rf/gntv_or_sync_fifo.gl0.rd
/gras.grdc1.rdc/rd_dc_i_2" (FF) removed.
     Sourceless block
"encoder/fifo/U0/xst_fifo_generator/gconvfifo.rf/grf.rf/gntv_or_sync_fifo.gl0.rd
/gras.grdc1.rdc/Msub_GND_187_o_GND_187_o_sub_3_OUT<7:0>_cy<2>" (MUX) removed.
      The signal
"encoder/fifo/U0/xst_fifo_generator/gconvfifo.rf/grf.rf/gntv_or_sync_fifo.gl0.rd
/gras.grdc1.rdc/Msub_GND_187_o_GND_187_o_sub_3_OUT<7:0>_cy<2>" is sourceless and
has been removed.
       Sourceless block
"encoder/fifo/U0/xst_fifo_generator/gconvfifo.rf/grf.rf/gntv_or_sync_fifo.gl0.rd
/gras.grdc1.rdc/Msub_GND_187_o_GND_187_o_sub_3_OUT<7:0>_xor<3>" (XOR) removed.
        The signal
"encoder/fifo/U0/xst_fifo_generator/gconvfifo.rf/grf.rf/gntv_or_sync_fifo.gl0.rd
/gras.grdc1.rdc/GND_187_o_GND_187_o_sub_3_OUT<3>" is sourceless and has been
removed.
         Sourceless block
"encoder/fifo/U0/xst_fifo_generator/gconvfifo.rf/grf.rf/gntv_or_sync_fifo.gl0.rd
/gras.grdc1.rdc/rd_dc_i_3" (FF) removed.
       Sourceless block
"encoder/fifo/U0/xst_fifo_generator/gconvfifo.rf/grf.rf/gntv_or_sync_fifo.gl0.rd
/gras.grdc1.rdc/Msub_GND_187_o_GND_187_o_sub_3_OUT<7:0>_cy<3>" (MUX) removed.
        The signal
"encoder/fifo/U0/xst_fifo_generator/gconvfifo.rf/grf.rf/gntv_or_sync_fifo.gl0.rd
/gras.grdc1.rdc/Msub_GND_187_o_GND_187_o_sub_3_OUT<7:0>_cy<3>" is sourceless and
has been removed.
         Sourceless block
"encoder/fifo/U0/xst_fifo_generator/gconvfifo.rf/grf.rf/gntv_or_sync_fifo.gl0.rd
/gras.grdc1.rdc/Msub_GND_187_o_GND_187_o_sub_3_OUT<7:0>_xor<4>" (XOR) removed.
          The signal
"encoder/fifo/U0/xst_fifo_generator/gconvfifo.rf/grf.rf/gntv_or_sync_fifo.gl0.rd
/gras.grdc1.rdc/GND_187_o_GND_187_o_sub_3_OUT<4>" is sourceless and has been
removed.
           Sourceless block
"encoder/fifo/U0/xst_fifo_generator/gconvfifo.rf/grf.rf/gntv_or_sync_fifo.gl0.rd
/gras.grdc1.rdc/rd_dc_i_4" (FF) removed.
         Sourceless block
"encoder/fifo/U0/xst_fifo_generator/gconvfifo.rf/grf.rf/gntv_or_sync_fifo.gl0.rd
/gras.grdc1.rdc/Msub_GND_187_o_GND_187_o_sub_3_OUT<7:0>_cy<4>" (MUX) removed.
          The signal
"encoder/fifo/U0/xst_fifo_generator/gconvfifo.rf/grf.rf/gntv_or_sync_fifo.gl0.rd
/gras.grdc1.rdc/Msub_GND_187_o_GND_187_o_sub_3_OUT<7:0>_cy<4>" is sourceless and
has been removed.
           Sourceless block
"encoder/fifo/U0/xst_fifo_generator/gconvfifo.rf/grf.rf/gntv_or_sync_fifo.gl0.rd
/gras.grdc1.rdc/Msub_GND_187_o_GND_187_o_sub_3_OUT<7:0>_xor<5>" (XOR) removed.
            The signal
"encoder/fifo/U0/xst_fifo_generator/gconvfifo.rf/grf.rf/gntv_or_sync_fifo.gl0.rd
/gras.grdc1.rdc/GND_187_o_GND_187_o_sub_3_OUT<5>" is sourceless and has been
removed.
             Sourceless block
"encoder/fifo/U0/xst_fifo_generator/gconvfifo.rf/grf.rf/gntv_or_sync_fifo.gl0.rd
/gras.grdc1.rdc/rd_dc_i_5" (FF) removed.
           Sourceless block
"encoder/fifo/U0/xst_fifo_generator/gconvfifo.rf/grf.rf/gntv_or_sync_fifo.gl0.rd
/gras.grdc1.rdc/Msub_GND_187_o_GND_187_o_sub_3_OUT<7:0>_cy<5>" (MUX) removed.
            The signal
"encoder/fifo/U0/xst_fifo_generator/gconvfifo.rf/grf.rf/gntv_or_sync_fifo.gl0.rd
/gras.grdc1.rdc/Msub_GND_187_o_GND_187_o_sub_3_OUT<7:0>_cy<5>" is sourceless and
has been removed.
             Sourceless block
"encoder/fifo/U0/xst_fifo_generator/gconvfifo.rf/grf.rf/gntv_or_sync_fifo.gl0.rd
/gras.grdc1.rdc/Msub_GND_187_o_GND_187_o_sub_3_OUT<7:0>_xor<6>" (XOR) removed.
              The signal
"encoder/fifo/U0/xst_fifo_generator/gconvfifo.rf/grf.rf/gntv_or_sync_fifo.gl0.rd
/gras.grdc1.rdc/GND_187_o_GND_187_o_sub_3_OUT<6>" is sourceless and has been
removed.
               Sourceless block
"encoder/fifo/U0/xst_fifo_generator/gconvfifo.rf/grf.rf/gntv_or_sync_fifo.gl0.rd
/gras.grdc1.rdc/rd_dc_i_6" (FF) removed.
             Sourceless block
"encoder/fifo/U0/xst_fifo_generator/gconvfifo.rf/grf.rf/gntv_or_sync_fifo.gl0.rd
/gras.grdc1.rdc/Msub_GND_187_o_GND_187_o_sub_3_OUT<7:0>_cy<6>" (MUX) removed.
              The signal
"encoder/fifo/U0/xst_fifo_generator/gconvfifo.rf/grf.rf/gntv_or_sync_fifo.gl0.rd
/gras.grdc1.rdc/Msub_GND_187_o_GND_187_o_sub_3_OUT<7:0>_cy<6>" is sourceless and
has been removed.
               Sourceless block
"encoder/fifo/U0/xst_fifo_generator/gconvfifo.rf/grf.rf/gntv_or_sync_fifo.gl0.rd
/gras.grdc1.rdc/Msub_GND_187_o_GND_187_o_sub_3_OUT<7:0>_xor<7>" (XOR) removed.
                The signal
"encoder/fifo/U0/xst_fifo_generator/gconvfifo.rf/grf.rf/gntv_or_sync_fifo.gl0.rd
/gras.grdc1.rdc/GND_187_o_GND_187_o_sub_3_OUT<7>" is sourceless and has been
removed.
                 Sourceless block
"encoder/fifo/U0/xst_fifo_generator/gconvfifo.rf/grf.rf/gntv_or_sync_fifo.gl0.rd
/gras.grdc1.rdc/rd_dc_i_7" (FF) removed.
The signal
"encoder/fifo/U0/xst_fifo_generator/gconvfifo.rf/grf.rf/gntv_or_sync_fifo.gl0.wr
/gwas.gwdc0.wdc/GND_194_o_GND_194_o_sub_2_OUT<4>" is sourceless and has been
removed.
 Sourceless block
"encoder/fifo/U0/xst_fifo_generator/gconvfifo.rf/grf.rf/gntv_or_sync_fifo.gl0.wr
/gwas.gwdc0.wdc/wr_data_count_i_4" (FF) removed.
The signal
"encoder/fifo/U0/xst_fifo_generator/gconvfifo.rf/grf.rf/gntv_or_sync_fifo.gl0.wr
/gwas.gwdc0.wdc/GND_194_o_GND_194_o_sub_2_OUT<3>" is sourceless and has been
removed.
 Sourceless block
"encoder/fifo/U0/xst_fifo_generator/gconvfifo.rf/grf.rf/gntv_or_sync_fifo.gl0.wr
/gwas.gwdc0.wdc/wr_data_count_i_3" (FF) removed.
The signal
"encoder/fifo/U0/xst_fifo_generator/gconvfifo.rf/grf.rf/gntv_or_sync_fifo.gl0.wr
/gwas.gwdc0.wdc/GND_194_o_GND_194_o_sub_2_OUT<2>" is sourceless and has been
removed.
 Sourceless block
"encoder/fifo/U0/xst_fifo_generator/gconvfifo.rf/grf.rf/gntv_or_sync_fifo.gl0.wr
/gwas.gwdc0.wdc/wr_data_count_i_2" (FF) removed.
The signal
"encoder/fifo/U0/xst_fifo_generator/gconvfifo.rf/grf.rf/gntv_or_sync_fifo.gl0.wr
/gwas.gwdc0.wdc/GND_194_o_GND_194_o_sub_2_OUT<1>" is sourceless and has been
removed.
 Sourceless block
"encoder/fifo/U0/xst_fifo_generator/gconvfifo.rf/grf.rf/gntv_or_sync_fifo.gl0.wr
/gwas.gwdc0.wdc/wr_data_count_i_1" (FF) removed.
The signal
"encoder/fifo/U0/xst_fifo_generator/gconvfifo.rf/grf.rf/gntv_or_sync_fifo.gl0.wr
/gwas.gwdc0.wdc/GND_194_o_GND_194_o_sub_2_OUT<0>" is sourceless and has been
removed.
 Sourceless block
"encoder/fifo/U0/xst_fifo_generator/gconvfifo.rf/grf.rf/gntv_or_sync_fifo.gl0.wr
/gwas.gwdc0.wdc/wr_data_count_i_0" (FF) removed.
The signal
"encoder/fifo/U0/xst_fifo_generator/gconvfifo.rf/grf.rf/gntv_or_sync_fifo.gl0.rd
/gras.grdc1.rdc/Msub_GND_187_o_GND_187_o_sub_3_OUT<7:0>_lut<7>" is sourceless
and has been removed.
The signal
"encoder/fifo/U0/xst_fifo_generator/gconvfifo.rf/grf.rf/gntv_or_sync_fifo.gl0.rd
/gras.grdc1.rdc/Msub_GND_187_o_GND_187_o_sub_3_OUT<7:0>_lut<6>" is sourceless
and has been removed.
The signal
"encoder/fifo/U0/xst_fifo_generator/gconvfifo.rf/grf.rf/gntv_or_sync_fifo.gl0.rd
/gras.grdc1.rdc/Msub_GND_187_o_GND_187_o_sub_3_OUT<7:0>_lut<5>" is sourceless
and has been removed.
The signal
"encoder/fifo/U0/xst_fifo_generator/gconvfifo.rf/grf.rf/gntv_or_sync_fifo.gl0.rd
/gras.grdc1.rdc/Msub_GND_187_o_GND_187_o_sub_3_OUT<7:0>_lut<4>" is sourceless
and has been removed.
The signal
"encoder/fifo/U0/xst_fifo_generator/gconvfifo.rf/grf.rf/gntv_or_sync_fifo.gl0.rd
/gras.grdc1.rdc/Msub_GND_187_o_GND_187_o_sub_3_OUT<7:0>_lut<3>" is sourceless
and has been removed.
The signal
"encoder/fifo/U0/xst_fifo_generator/gconvfifo.rf/grf.rf/gntv_or_sync_fifo.gl0.rd
/gras.grdc1.rdc/Msub_GND_187_o_GND_187_o_sub_3_OUT<7:0>_lut<2>" is sourceless
and has been removed.
The signal
"encoder/fifo/U0/xst_fifo_generator/gconvfifo.rf/grf.rf/gntv_or_sync_fifo.gl0.rd
/gras.grdc1.rdc/Msub_GND_187_o_GND_187_o_sub_3_OUT<7:0>_lut<1>" is sourceless
and has been removed.
The signal
"encoder/fifo/U0/xst_fifo_generator/gconvfifo.rf/grf.rf/gntv_or_sync_fifo.gl0.rd
/gras.grdc1.rdc/Msub_GND_187_o_GND_187_o_sub_3_OUT<7:0>_cy<0>_rt" is sourceless
and has been removed.
The signal
"encoder/fifo/U0/xst_fifo_generator/gconvfifo.rf/grf.rf/gntv_or_sync_fifo.gl0.wr
/gwas.gwdc0.wdc/Msub_GND_194_o_GND_194_o_sub_2_OUT<4:0>_lut<3>" is sourceless
and has been removed.
 Sourceless block
"encoder/fifo/U0/xst_fifo_generator/gconvfifo.rf/grf.rf/gntv_or_sync_fifo.gl0.wr
/gwas.gwdc0.wdc/Msub_GND_194_o_GND_194_o_sub_2_OUT<4:0>_xor<3>11" (ROM) removed.
The signal
"encoder/fifo/U0/xst_fifo_generator/gconvfifo.rf/grf.rf/gntv_or_sync_fifo.gl0.wr
/gwas.gwdc0.wdc/Msub_GND_194_o_GND_194_o_sub_2_OUT<4:0>_cy<3>1" is sourceless
and has been removed.
 Sourceless block
"encoder/fifo/U0/xst_fifo_generator/gconvfifo.rf/grf.rf/gntv_or_sync_fifo.gl0.wr
/gwas.gwdc0.wdc/Msub_GND_194_o_GND_194_o_sub_2_OUT<4:0>_xor<4>11" (ROM) removed.
The signal
"encoder/fifo/U0/xst_fifo_generator/gconvfifo.rf/grf.rf/gntv_or_sync_fifo.gl0.wr
/gwas.gwdc0.wdc/Msub_GND_194_o_GND_194_o_sub_2_OUT<4:0>_cy<0>" is sourceless and
has been removed.
The signal
"encoder/bin2cw/uut/multiplier/U0/i_mult/gLUT.gNO_LUT6.iLUT/s2_add_out_0<4>" is
sourceless and has been removed.
The signal
"encoder/bin2cw/uut/multiplier/U0/i_mult/gLUT.gNO_LUT6.iLUT/s2_add_out_0<3>" is
sourceless and has been removed.
The signal
"encoder/bin2cw/uut/multiplier/U0/i_mult/gLUT.gNO_LUT6.iLUT/s2_add_out_0<2>" is
sourceless and has been removed.
The signal
"encoder/bin2cw/uut/multiplier/U0/i_mult/gLUT.gNO_LUT6.iLUT/s2_add_out_0<1>" is
sourceless and has been removed.
The signal
"encoder/bin2cw/uut/multiplier/U0/i_mult/gLUT.gNO_LUT6.iLUT/s2_add_out_0<0>" is
sourceless and has been removed.
The signal "encoder/bin2cw/uut/multiplier/sig00000036" is sourceless and has
been removed.
 Sourceless block "encoder/bin2cw/uut/multiplier/blk000000a2" (FF) removed.
The signal "encoder/bin2cw/uut/multiplier/sig00000035" is sourceless and has
been removed.
 Sourceless block "encoder/bin2cw/uut/multiplier/blk000000a3" (FF) removed.
The signal "encoder/bin2cw/uut/multiplier/sig00000044" is sourceless and has
been removed.
 Sourceless block "encoder/bin2cw/uut/multiplier/blk000000a4" (FF) removed.
The signal "encoder/bin2cw/uut/multiplier/sig00000043" is sourceless and has
been removed.
 Sourceless block "encoder/bin2cw/uut/multiplier/blk000000a5" (FF) removed.
The signal "encoder/bin2cw/uut/multiplier/sig000000a5" is sourceless and has
been removed.
 Sourceless block "encoder/bin2cw/uut/multiplier/blk000000a6" (FF) removed.
Unused block "encoder/bin2cw/uut/multiplier/blk00000074" (XOR) removed.
Unused block "encoder/bin2cw/uut/multiplier/blk00000077" (XOR) removed.
Unused block "encoder/bin2cw/uut/multiplier/blk00000092" (XOR) removed.
Unused block "encoder/bin2cw/uut/multiplier/blk00000094" (XOR) removed.
Unused block "encoder/bin2cw/uut/multiplier/blk000000bf" (ROM) removed.
Unused block
"encoder/fifo/U0/xst_fifo_generator/gconvfifo.rf/grf.rf/gntv_or_sync_fifo.gl0.rd
/gras.grdc1.rdc/Msub_GND_187_o_GND_187_o_sub_3_OUT<7:0>_cy<0>_rt" (ROM) removed.
Unused block
"encoder/fifo/U0/xst_fifo_generator/gconvfifo.rf/grf.rf/gntv_or_sync_fifo.gl0.rd
/gras.grdc1.rdc/Msub_GND_187_o_GND_187_o_sub_3_OUT<7:0>_lut<1>_INV_0" (BUF)
removed.
Unused block
"encoder/fifo/U0/xst_fifo_generator/gconvfifo.rf/grf.rf/gntv_or_sync_fifo.gl0.rd
/gras.grdc1.rdc/Msub_GND_187_o_GND_187_o_sub_3_OUT<7:0>_lut<2>_INV_0" (BUF)
removed.
Unused block
"encoder/fifo/U0/xst_fifo_generator/gconvfifo.rf/grf.rf/gntv_or_sync_fifo.gl0.rd
/gras.grdc1.rdc/Msub_GND_187_o_GND_187_o_sub_3_OUT<7:0>_lut<3>" (ROM) removed.
Unused block
"encoder/fifo/U0/xst_fifo_generator/gconvfifo.rf/grf.rf/gntv_or_sync_fifo.gl0.rd
/gras.grdc1.rdc/Msub_GND_187_o_GND_187_o_sub_3_OUT<7:0>_lut<4>" (ROM) removed.
Unused block
"encoder/fifo/U0/xst_fifo_generator/gconvfifo.rf/grf.rf/gntv_or_sync_fifo.gl0.rd
/gras.grdc1.rdc/Msub_GND_187_o_GND_187_o_sub_3_OUT<7:0>_lut<5>" (ROM) removed.
Unused block
"encoder/fifo/U0/xst_fifo_generator/gconvfifo.rf/grf.rf/gntv_or_sync_fifo.gl0.rd
/gras.grdc1.rdc/Msub_GND_187_o_GND_187_o_sub_3_OUT<7:0>_lut<6>" (ROM) removed.
Unused block
"encoder/fifo/U0/xst_fifo_generator/gconvfifo.rf/grf.rf/gntv_or_sync_fifo.gl0.rd
/gras.grdc1.rdc/Msub_GND_187_o_GND_187_o_sub_3_OUT<7:0>_lut<7>" (ROM) removed.
Unused block
"encoder/fifo/U0/xst_fifo_generator/gconvfifo.rf/grf.rf/gntv_or_sync_fifo.gl0.wr
/gwas.gwdc0.wdc/Msub_GND_194_o_GND_194_o_sub_2_OUT<4:0>_cy<0>11" (ROM) removed.
Unused block
"encoder/fifo/U0/xst_fifo_generator/gconvfifo.rf/grf.rf/gntv_or_sync_fifo.gl0.wr
/gwas.gwdc0.wdc/Msub_GND_194_o_GND_194_o_sub_2_OUT<4:0>_cy<3>11" (ROM) removed.
Unused block
"encoder/fifo/U0/xst_fifo_generator/gconvfifo.rf/grf.rf/gntv_or_sync_fifo.gl0.wr
/gwas.gwdc0.wdc/Msub_GND_194_o_GND_194_o_sub_2_OUT<4:0>_lut<3>1" (ROM) removed.
Unused block
"encoder/fifo/U0/xst_fifo_generator/gconvfifo.rf/grf.rf/gntv_or_sync_fifo.gl0.wr
/gwas.gwdc0.wdc/Msub_GND_194_o_GND_194_o_sub_2_OUT<4:0>_xor<0>11" (ROM) removed.
Unused block
"encoder/fifo/U0/xst_fifo_generator/gconvfifo.rf/grf.rf/gntv_or_sync_fifo.gl0.wr
/gwas.gwdc0.wdc/Msub_GND_194_o_GND_194_o_sub_2_OUT<4:0>_xor<1>11" (ROM) removed.
Unused block
"encoder/fifo/U0/xst_fifo_generator/gconvfifo.rf/grf.rf/gntv_or_sync_fifo.gl0.wr
/gwas.gwdc0.wdc/Msub_GND_194_o_GND_194_o_sub_2_OUT<4:0>_xor<2>11" (ROM) removed.
Unused block
"encoder/fifo/U0/xst_fifo_generator/gconvfifo.rf/grf.rf/gntv_or_sync_fifo.gl0.wr
/gwas.wsts/ram_full_i" (FF) removed.
Unused block "encoder/fifo/XST_VCC" (ONE) removed.

Optimized Block(s):
TYPE 		BLOCK
GND 		XST_GND
VCC 		XST_VCC
GND 		encoder/bin2cw/uut/multiplier/blk00000001
GND 		encoder/fifo/XST_GND
GND 		pk/XST_GND
VCC 		pk/XST_VCC

To enable printing of redundant blocks removed and signals merged, set the
detailed map report option and rerun map.

Section 6 - IOB Properties
--------------------------

+---------------------------------------------------------------------------------------------------------------------------------------------------------+
| IOB Name                           | Type             | Direction | IO Standard          | Diff  | Drive    | Slew | Reg (s)      | Resistor | IOB      |
|                                    |                  |           |                      | Term  | Strength | Rate |              |          | Delay    |
+---------------------------------------------------------------------------------------------------------------------------------------------------------+
| ciphertext<0>                      | IOB              | OUTPUT    | LVCMOS25             |       | 12       | SLOW |              |          |          |
| ciphertext<1>                      | IOB              | OUTPUT    | LVCMOS25             |       | 12       | SLOW |              |          |          |
| ciphertext<2>                      | IOB              | OUTPUT    | LVCMOS25             |       | 12       | SLOW |              |          |          |
| ciphertext<3>                      | IOB              | OUTPUT    | LVCMOS25             |       | 12       | SLOW |              |          |          |
| ciphertext<4>                      | IOB              | OUTPUT    | LVCMOS25             |       | 12       | SLOW |              |          |          |
| ciphertext<5>                      | IOB              | OUTPUT    | LVCMOS25             |       | 12       | SLOW |              |          |          |
| ciphertext<6>                      | IOB              | OUTPUT    | LVCMOS25             |       | 12       | SLOW |              |          |          |
| ciphertext<7>                      | IOB              | OUTPUT    | LVCMOS25             |       | 12       | SLOW |              |          |          |
| ciphertext<8>                      | IOB              | OUTPUT    | LVCMOS25             |       | 12       | SLOW |              |          |          |
| ciphertext<9>                      | IOB              | OUTPUT    | LVCMOS25             |       | 12       | SLOW |              |          |          |
| ciphertext<10>                     | IOB              | OUTPUT    | LVCMOS25             |       | 12       | SLOW |              |          |          |
| ciphertext<11>                     | IOB              | OUTPUT    | LVCMOS25             |       | 12       | SLOW |              |          |          |
| ciphertext<12>                     | IOB              | OUTPUT    | LVCMOS25             |       | 12       | SLOW |              |          |          |
| ciphertext<13>                     | IOB              | OUTPUT    | LVCMOS25             |       | 12       | SLOW |              |          |          |
| ciphertext<14>                     | IOB              | OUTPUT    | LVCMOS25             |       | 12       | SLOW |              |          |          |
| ciphertext<15>                     | IOB              | OUTPUT    | LVCMOS25             |       | 12       | SLOW |              |          |          |
| ciphertext<16>                     | IOB              | OUTPUT    | LVCMOS25             |       | 12       | SLOW |              |          |          |
| ciphertext<17>                     | IOB              | OUTPUT    | LVCMOS25             |       | 12       | SLOW |              |          |          |
| ciphertext<18>                     | IOB              | OUTPUT    | LVCMOS25             |       | 12       | SLOW |              |          |          |
| ciphertext<19>                     | IOB              | OUTPUT    | LVCMOS25             |       | 12       | SLOW |              |          |          |
| ciphertext<20>                     | IOB              | OUTPUT    | LVCMOS25             |       | 12       | SLOW |              |          |          |
| ciphertext<21>                     | IOB              | OUTPUT    | LVCMOS25             |       | 12       | SLOW |              |          |          |
| ciphertext<22>                     | IOB              | OUTPUT    | LVCMOS25             |       | 12       | SLOW |              |          |          |
| ciphertext<23>                     | IOB              | OUTPUT    | LVCMOS25             |       | 12       | SLOW |              |          |          |
| ciphertext<24>                     | IOB              | OUTPUT    | LVCMOS25             |       | 12       | SLOW |              |          |          |
| ciphertext<25>                     | IOB              | OUTPUT    | LVCMOS25             |       | 12       | SLOW |              |          |          |
| ciphertext<26>                     | IOB              | OUTPUT    | LVCMOS25             |       | 12       | SLOW |              |          |          |
| ciphertext<27>                     | IOB              | OUTPUT    | LVCMOS25             |       | 12       | SLOW |              |          |          |
| ciphertext<28>                     | IOB              | OUTPUT    | LVCMOS25             |       | 12       | SLOW |              |          |          |
| ciphertext<29>                     | IOB              | OUTPUT    | LVCMOS25             |       | 12       | SLOW |              |          |          |
| ciphertext<30>                     | IOB              | OUTPUT    | LVCMOS25             |       | 12       | SLOW |              |          |          |
| ciphertext<31>                     | IOB              | OUTPUT    | LVCMOS25             |       | 12       | SLOW |              |          |          |
| ciphertext<32>                     | IOB              | OUTPUT    | LVCMOS25             |       | 12       | SLOW |              |          |          |
| ciphertext<33>                     | IOB              | OUTPUT    | LVCMOS25             |       | 12       | SLOW |              |          |          |
| ciphertext<34>                     | IOB              | OUTPUT    | LVCMOS25             |       | 12       | SLOW |              |          |          |
| ciphertext<35>                     | IOB              | OUTPUT    | LVCMOS25             |       | 12       | SLOW |              |          |          |
| ciphertext<36>                     | IOB              | OUTPUT    | LVCMOS25             |       | 12       | SLOW |              |          |          |
| ciphertext<37>                     | IOB              | OUTPUT    | LVCMOS25             |       | 12       | SLOW |              |          |          |
| ciphertext<38>                     | IOB              | OUTPUT    | LVCMOS25             |       | 12       | SLOW |              |          |          |
| ciphertext<39>                     | IOB              | OUTPUT    | LVCMOS25             |       | 12       | SLOW |              |          |          |
| ciphertext<40>                     | IOB              | OUTPUT    | LVCMOS25             |       | 12       | SLOW |              |          |          |
| ciphertext<41>                     | IOB              | OUTPUT    | LVCMOS25             |       | 12       | SLOW |              |          |          |
| ciphertext<42>                     | IOB              | OUTPUT    | LVCMOS25             |       | 12       | SLOW |              |          |          |
| ciphertext<43>                     | IOB              | OUTPUT    | LVCMOS25             |       | 12       | SLOW |              |          |          |
| ciphertext<44>                     | IOB              | OUTPUT    | LVCMOS25             |       | 12       | SLOW |              |          |          |
| ciphertext<45>                     | IOB              | OUTPUT    | LVCMOS25             |       | 12       | SLOW |              |          |          |
| ciphertext<46>                     | IOB              | OUTPUT    | LVCMOS25             |       | 12       | SLOW |              |          |          |
| ciphertext<47>                     | IOB              | OUTPUT    | LVCMOS25             |       | 12       | SLOW |              |          |          |
| ciphertext<48>                     | IOB              | OUTPUT    | LVCMOS25             |       | 12       | SLOW |              |          |          |
| ciphertext<49>                     | IOB              | OUTPUT    | LVCMOS25             |       | 12       | SLOW |              |          |          |
| ciphertext<50>                     | IOB              | OUTPUT    | LVCMOS25             |       | 12       | SLOW |              |          |          |
| ciphertext<51>                     | IOB              | OUTPUT    | LVCMOS25             |       | 12       | SLOW |              |          |          |
| ciphertext<52>                     | IOB              | OUTPUT    | LVCMOS25             |       | 12       | SLOW |              |          |          |
| ciphertext<53>                     | IOB              | OUTPUT    | LVCMOS25             |       | 12       | SLOW |              |          |          |
| ciphertext<54>                     | IOB              | OUTPUT    | LVCMOS25             |       | 12       | SLOW |              |          |          |
| ciphertext<55>                     | IOB              | OUTPUT    | LVCMOS25             |       | 12       | SLOW |              |          |          |
| ciphertext<56>                     | IOB              | OUTPUT    | LVCMOS25             |       | 12       | SLOW |              |          |          |
| ciphertext<57>                     | IOB              | OUTPUT    | LVCMOS25             |       | 12       | SLOW |              |          |          |
| ciphertext<58>                     | IOB              | OUTPUT    | LVCMOS25             |       | 12       | SLOW |              |          |          |
| ciphertext<59>                     | IOB              | OUTPUT    | LVCMOS25             |       | 12       | SLOW |              |          |          |
| ciphertext<60>                     | IOB              | OUTPUT    | LVCMOS25             |       | 12       | SLOW |              |          |          |
| ciphertext<61>                     | IOB              | OUTPUT    | LVCMOS25             |       | 12       | SLOW |              |          |          |
| ciphertext<62>                     | IOB              | OUTPUT    | LVCMOS25             |       | 12       | SLOW |              |          |          |
| ciphertext<63>                     | IOB              | OUTPUT    | LVCMOS25             |       | 12       | SLOW |              |          |          |
| ciphertext<64>                     | IOB              | OUTPUT    | LVCMOS25             |       | 12       | SLOW |              |          |          |
| ciphertext<65>                     | IOB              | OUTPUT    | LVCMOS25             |       | 12       | SLOW |              |          |          |
| ciphertext<66>                     | IOB              | OUTPUT    | LVCMOS25             |       | 12       | SLOW |              |          |          |
| ciphertext<67>                     | IOB              | OUTPUT    | LVCMOS25             |       | 12       | SLOW |              |          |          |
| ciphertext<68>                     | IOB              | OUTPUT    | LVCMOS25             |       | 12       | SLOW |              |          |          |
| ciphertext<69>                     | IOB              | OUTPUT    | LVCMOS25             |       | 12       | SLOW |              |          |          |
| ciphertext<70>                     | IOB              | OUTPUT    | LVCMOS25             |       | 12       | SLOW |              |          |          |
| ciphertext<71>                     | IOB              | OUTPUT    | LVCMOS25             |       | 12       | SLOW |              |          |          |
| ciphertext<72>                     | IOB              | OUTPUT    | LVCMOS25             |       | 12       | SLOW |              |          |          |
| ciphertext<73>                     | IOB              | OUTPUT    | LVCMOS25             |       | 12       | SLOW |              |          |          |
| ciphertext<74>                     | IOB              | OUTPUT    | LVCMOS25             |       | 12       | SLOW |              |          |          |
| ciphertext<75>                     | IOB              | OUTPUT    | LVCMOS25             |       | 12       | SLOW |              |          |          |
| ciphertext<76>                     | IOB              | OUTPUT    | LVCMOS25             |       | 12       | SLOW |              |          |          |
| ciphertext<77>                     | IOB              | OUTPUT    | LVCMOS25             |       | 12       | SLOW |              |          |          |
| ciphertext<78>                     | IOB              | OUTPUT    | LVCMOS25             |       | 12       | SLOW |              |          |          |
| ciphertext<79>                     | IOB              | OUTPUT    | LVCMOS25             |       | 12       | SLOW |              |          |          |
| ciphertext<80>                     | IOB              | OUTPUT    | LVCMOS25             |       | 12       | SLOW |              |          |          |
| ciphertext<81>                     | IOB              | OUTPUT    | LVCMOS25             |       | 12       | SLOW |              |          |          |
| ciphertext<82>                     | IOB              | OUTPUT    | LVCMOS25             |       | 12       | SLOW |              |          |          |
| ciphertext<83>                     | IOB              | OUTPUT    | LVCMOS25             |       | 12       | SLOW |              |          |          |
| ciphertext<84>                     | IOB              | OUTPUT    | LVCMOS25             |       | 12       | SLOW |              |          |          |
| ciphertext<85>                     | IOB              | OUTPUT    | LVCMOS25             |       | 12       | SLOW |              |          |          |
| ciphertext<86>                     | IOB              | OUTPUT    | LVCMOS25             |       | 12       | SLOW |              |          |          |
| ciphertext<87>                     | IOB              | OUTPUT    | LVCMOS25             |       | 12       | SLOW |              |          |          |
| ciphertext<88>                     | IOB              | OUTPUT    | LVCMOS25             |       | 12       | SLOW |              |          |          |
| ciphertext<89>                     | IOB              | OUTPUT    | LVCMOS25             |       | 12       | SLOW |              |          |          |
| ciphertext<90>                     | IOB              | OUTPUT    | LVCMOS25             |       | 12       | SLOW |              |          |          |
| ciphertext<91>                     | IOB              | OUTPUT    | LVCMOS25             |       | 12       | SLOW |              |          |          |
| ciphertext<92>                     | IOB              | OUTPUT    | LVCMOS25             |       | 12       | SLOW |              |          |          |
| ciphertext<93>                     | IOB              | OUTPUT    | LVCMOS25             |       | 12       | SLOW |              |          |          |
| ciphertext<94>                     | IOB              | OUTPUT    | LVCMOS25             |       | 12       | SLOW |              |          |          |
| ciphertext<95>                     | IOB              | OUTPUT    | LVCMOS25             |       | 12       | SLOW |              |          |          |
| ciphertext<96>                     | IOB              | OUTPUT    | LVCMOS25             |       | 12       | SLOW |              |          |          |
| ciphertext<97>                     | IOB              | OUTPUT    | LVCMOS25             |       | 12       | SLOW |              |          |          |
| ciphertext<98>                     | IOB              | OUTPUT    | LVCMOS25             |       | 12       | SLOW |              |          |          |
| ciphertext<99>                     | IOB              | OUTPUT    | LVCMOS25             |       | 12       | SLOW |              |          |          |
| ciphertext<100>                    | IOB              | OUTPUT    | LVCMOS25             |       | 12       | SLOW |              |          |          |
| ciphertext<101>                    | IOB              | OUTPUT    | LVCMOS25             |       | 12       | SLOW |              |          |          |
| ciphertext<102>                    | IOB              | OUTPUT    | LVCMOS25             |       | 12       | SLOW |              |          |          |
| ciphertext<103>                    | IOB              | OUTPUT    | LVCMOS25             |       | 12       | SLOW |              |          |          |
| ciphertext<104>                    | IOB              | OUTPUT    | LVCMOS25             |       | 12       | SLOW |              |          |          |
| ciphertext<105>                    | IOB              | OUTPUT    | LVCMOS25             |       | 12       | SLOW |              |          |          |
| ciphertext<106>                    | IOB              | OUTPUT    | LVCMOS25             |       | 12       | SLOW |              |          |          |
| ciphertext<107>                    | IOB              | OUTPUT    | LVCMOS25             |       | 12       | SLOW |              |          |          |
| ciphertext<108>                    | IOB              | OUTPUT    | LVCMOS25             |       | 12       | SLOW |              |          |          |
| ciphertext<109>                    | IOB              | OUTPUT    | LVCMOS25             |       | 12       | SLOW |              |          |          |
| ciphertext<110>                    | IOB              | OUTPUT    | LVCMOS25             |       | 12       | SLOW |              |          |          |
| ciphertext<111>                    | IOB              | OUTPUT    | LVCMOS25             |       | 12       | SLOW |              |          |          |
| ciphertext<112>                    | IOB              | OUTPUT    | LVCMOS25             |       | 12       | SLOW |              |          |          |
| ciphertext<113>                    | IOB              | OUTPUT    | LVCMOS25             |       | 12       | SLOW |              |          |          |
| ciphertext<114>                    | IOB              | OUTPUT    | LVCMOS25             |       | 12       | SLOW |              |          |          |
| ciphertext<115>                    | IOB              | OUTPUT    | LVCMOS25             |       | 12       | SLOW |              |          |          |
| ciphertext<116>                    | IOB              | OUTPUT    | LVCMOS25             |       | 12       | SLOW |              |          |          |
| ciphertext<117>                    | IOB              | OUTPUT    | LVCMOS25             |       | 12       | SLOW |              |          |          |
| ciphertext<118>                    | IOB              | OUTPUT    | LVCMOS25             |       | 12       | SLOW |              |          |          |
| ciphertext<119>                    | IOB              | OUTPUT    | LVCMOS25             |       | 12       | SLOW |              |          |          |
| ciphertext<120>                    | IOB              | OUTPUT    | LVCMOS25             |       | 12       | SLOW |              |          |          |
| ciphertext<121>                    | IOB              | OUTPUT    | LVCMOS25             |       | 12       | SLOW |              |          |          |
| ciphertext<122>                    | IOB              | OUTPUT    | LVCMOS25             |       | 12       | SLOW |              |          |          |
| ciphertext<123>                    | IOB              | OUTPUT    | LVCMOS25             |       | 12       | SLOW |              |          |          |
| ciphertext<124>                    | IOB              | OUTPUT    | LVCMOS25             |       | 12       | SLOW |              |          |          |
| ciphertext<125>                    | IOB              | OUTPUT    | LVCMOS25             |       | 12       | SLOW |              |          |          |
| ciphertext<126>                    | IOB              | OUTPUT    | LVCMOS25             |       | 12       | SLOW |              |          |          |
| ciphertext<127>                    | IOB              | OUTPUT    | LVCMOS25             |       | 12       | SLOW |              |          |          |
| ciphertext<128>                    | IOB              | OUTPUT    | LVCMOS25             |       | 12       | SLOW |              |          |          |
| ciphertext<129>                    | IOB              | OUTPUT    | LVCMOS25             |       | 12       | SLOW |              |          |          |
| ciphertext<130>                    | IOB              | OUTPUT    | LVCMOS25             |       | 12       | SLOW |              |          |          |
| ciphertext<131>                    | IOB              | OUTPUT    | LVCMOS25             |       | 12       | SLOW |              |          |          |
| ciphertext<132>                    | IOB              | OUTPUT    | LVCMOS25             |       | 12       | SLOW |              |          |          |
| ciphertext<133>                    | IOB              | OUTPUT    | LVCMOS25             |       | 12       | SLOW |              |          |          |
| ciphertext<134>                    | IOB              | OUTPUT    | LVCMOS25             |       | 12       | SLOW |              |          |          |
| ciphertext<135>                    | IOB              | OUTPUT    | LVCMOS25             |       | 12       | SLOW |              |          |          |
| ciphertext<136>                    | IOB              | OUTPUT    | LVCMOS25             |       | 12       | SLOW |              |          |          |
| ciphertext<137>                    | IOB              | OUTPUT    | LVCMOS25             |       | 12       | SLOW |              |          |          |
| ciphertext<138>                    | IOB              | OUTPUT    | LVCMOS25             |       | 12       | SLOW |              |          |          |
| ciphertext<139>                    | IOB              | OUTPUT    | LVCMOS25             |       | 12       | SLOW |              |          |          |
| ciphertext<140>                    | IOB              | OUTPUT    | LVCMOS25             |       | 12       | SLOW |              |          |          |
| ciphertext<141>                    | IOB              | OUTPUT    | LVCMOS25             |       | 12       | SLOW |              |          |          |
| ciphertext<142>                    | IOB              | OUTPUT    | LVCMOS25             |       | 12       | SLOW |              |          |          |
| ciphertext<143>                    | IOB              | OUTPUT    | LVCMOS25             |       | 12       | SLOW |              |          |          |
| ciphertext<144>                    | IOB              | OUTPUT    | LVCMOS25             |       | 12       | SLOW |              |          |          |
| ciphertext<145>                    | IOB              | OUTPUT    | LVCMOS25             |       | 12       | SLOW |              |          |          |
| ciphertext<146>                    | IOB              | OUTPUT    | LVCMOS25             |       | 12       | SLOW |              |          |          |
| ciphertext<147>                    | IOB              | OUTPUT    | LVCMOS25             |       | 12       | SLOW |              |          |          |
| ciphertext<148>                    | IOB              | OUTPUT    | LVCMOS25             |       | 12       | SLOW |              |          |          |
| ciphertext<149>                    | IOB              | OUTPUT    | LVCMOS25             |       | 12       | SLOW |              |          |          |
| ciphertext<150>                    | IOB              | OUTPUT    | LVCMOS25             |       | 12       | SLOW |              |          |          |
| ciphertext<151>                    | IOB              | OUTPUT    | LVCMOS25             |       | 12       | SLOW |              |          |          |
| ciphertext<152>                    | IOB              | OUTPUT    | LVCMOS25             |       | 12       | SLOW |              |          |          |
| ciphertext<153>                    | IOB              | OUTPUT    | LVCMOS25             |       | 12       | SLOW |              |          |          |
| ciphertext<154>                    | IOB              | OUTPUT    | LVCMOS25             |       | 12       | SLOW |              |          |          |
| ciphertext<155>                    | IOB              | OUTPUT    | LVCMOS25             |       | 12       | SLOW |              |          |          |
| ciphertext<156>                    | IOB              | OUTPUT    | LVCMOS25             |       | 12       | SLOW |              |          |          |
| ciphertext<157>                    | IOB              | OUTPUT    | LVCMOS25             |       | 12       | SLOW |              |          |          |
| ciphertext<158>                    | IOB              | OUTPUT    | LVCMOS25             |       | 12       | SLOW |              |          |          |
| ciphertext<159>                    | IOB              | OUTPUT    | LVCMOS25             |       | 12       | SLOW |              |          |          |
| ciphertext<160>                    | IOB              | OUTPUT    | LVCMOS25             |       | 12       | SLOW |              |          |          |
| ciphertext<161>                    | IOB              | OUTPUT    | LVCMOS25             |       | 12       | SLOW |              |          |          |
| ciphertext<162>                    | IOB              | OUTPUT    | LVCMOS25             |       | 12       | SLOW |              |          |          |
| ciphertext<163>                    | IOB              | OUTPUT    | LVCMOS25             |       | 12       | SLOW |              |          |          |
| ciphertext<164>                    | IOB              | OUTPUT    | LVCMOS25             |       | 12       | SLOW |              |          |          |
| ciphertext<165>                    | IOB              | OUTPUT    | LVCMOS25             |       | 12       | SLOW |              |          |          |
| ciphertext<166>                    | IOB              | OUTPUT    | LVCMOS25             |       | 12       | SLOW |              |          |          |
| ciphertext<167>                    | IOB              | OUTPUT    | LVCMOS25             |       | 12       | SLOW |              |          |          |
| ciphertext<168>                    | IOB              | OUTPUT    | LVCMOS25             |       | 12       | SLOW |              |          |          |
| ciphertext<169>                    | IOB              | OUTPUT    | LVCMOS25             |       | 12       | SLOW |              |          |          |
| ciphertext<170>                    | IOB              | OUTPUT    | LVCMOS25             |       | 12       | SLOW |              |          |          |
| ciphertext<171>                    | IOB              | OUTPUT    | LVCMOS25             |       | 12       | SLOW |              |          |          |
| ciphertext<172>                    | IOB              | OUTPUT    | LVCMOS25             |       | 12       | SLOW |              |          |          |
| ciphertext<173>                    | IOB              | OUTPUT    | LVCMOS25             |       | 12       | SLOW |              |          |          |
| ciphertext<174>                    | IOB              | OUTPUT    | LVCMOS25             |       | 12       | SLOW |              |          |          |
| ciphertext<175>                    | IOB              | OUTPUT    | LVCMOS25             |       | 12       | SLOW |              |          |          |
| ciphertext<176>                    | IOB              | OUTPUT    | LVCMOS25             |       | 12       | SLOW |              |          |          |
| ciphertext<177>                    | IOB              | OUTPUT    | LVCMOS25             |       | 12       | SLOW |              |          |          |
| ciphertext<178>                    | IOB              | OUTPUT    | LVCMOS25             |       | 12       | SLOW |              |          |          |
| ciphertext<179>                    | IOB              | OUTPUT    | LVCMOS25             |       | 12       | SLOW |              |          |          |
| ciphertext<180>                    | IOB              | OUTPUT    | LVCMOS25             |       | 12       | SLOW |              |          |          |
| ciphertext<181>                    | IOB              | OUTPUT    | LVCMOS25             |       | 12       | SLOW |              |          |          |
| ciphertext<182>                    | IOB              | OUTPUT    | LVCMOS25             |       | 12       | SLOW |              |          |          |
| ciphertext<183>                    | IOB              | OUTPUT    | LVCMOS25             |       | 12       | SLOW |              |          |          |
| ciphertext<184>                    | IOB              | OUTPUT    | LVCMOS25             |       | 12       | SLOW |              |          |          |
| ciphertext<185>                    | IOB              | OUTPUT    | LVCMOS25             |       | 12       | SLOW |              |          |          |
| ciphertext<186>                    | IOB              | OUTPUT    | LVCMOS25             |       | 12       | SLOW |              |          |          |
| ciphertext<187>                    | IOB              | OUTPUT    | LVCMOS25             |       | 12       | SLOW |              |          |          |
| ciphertext<188>                    | IOB              | OUTPUT    | LVCMOS25             |       | 12       | SLOW |              |          |          |
| ciphertext<189>                    | IOB              | OUTPUT    | LVCMOS25             |       | 12       | SLOW |              |          |          |
| ciphertext<190>                    | IOB              | OUTPUT    | LVCMOS25             |       | 12       | SLOW |              |          |          |
| ciphertext<191>                    | IOB              | OUTPUT    | LVCMOS25             |       | 12       | SLOW |              |          |          |
| ciphertext<192>                    | IOB              | OUTPUT    | LVCMOS25             |       | 12       | SLOW |              |          |          |
| ciphertext<193>                    | IOB              | OUTPUT    | LVCMOS25             |       | 12       | SLOW |              |          |          |
| ciphertext<194>                    | IOB              | OUTPUT    | LVCMOS25             |       | 12       | SLOW |              |          |          |
| ciphertext<195>                    | IOB              | OUTPUT    | LVCMOS25             |       | 12       | SLOW |              |          |          |
| ciphertext<196>                    | IOB              | OUTPUT    | LVCMOS25             |       | 12       | SLOW |              |          |          |
| ciphertext<197>                    | IOB              | OUTPUT    | LVCMOS25             |       | 12       | SLOW |              |          |          |
| ciphertext<198>                    | IOB              | OUTPUT    | LVCMOS25             |       | 12       | SLOW |              |          |          |
| ciphertext<199>                    | IOB              | OUTPUT    | LVCMOS25             |       | 12       | SLOW |              |          |          |
| ciphertext<200>                    | IOB              | OUTPUT    | LVCMOS25             |       | 12       | SLOW |              |          |          |
| ciphertext<201>                    | IOB              | OUTPUT    | LVCMOS25             |       | 12       | SLOW |              |          |          |
| ciphertext<202>                    | IOB              | OUTPUT    | LVCMOS25             |       | 12       | SLOW |              |          |          |
| ciphertext<203>                    | IOB              | OUTPUT    | LVCMOS25             |       | 12       | SLOW |              |          |          |
| ciphertext<204>                    | IOB              | OUTPUT    | LVCMOS25             |       | 12       | SLOW |              |          |          |
| ciphertext<205>                    | IOB              | OUTPUT    | LVCMOS25             |       | 12       | SLOW |              |          |          |
| ciphertext<206>                    | IOB              | OUTPUT    | LVCMOS25             |       | 12       | SLOW |              |          |          |
| ciphertext<207>                    | IOB              | OUTPUT    | LVCMOS25             |       | 12       | SLOW |              |          |          |
| ciphertext<208>                    | IOB              | OUTPUT    | LVCMOS25             |       | 12       | SLOW |              |          |          |
| ciphertext<209>                    | IOB              | OUTPUT    | LVCMOS25             |       | 12       | SLOW |              |          |          |
| ciphertext<210>                    | IOB              | OUTPUT    | LVCMOS25             |       | 12       | SLOW |              |          |          |
| ciphertext<211>                    | IOB              | OUTPUT    | LVCMOS25             |       | 12       | SLOW |              |          |          |
| ciphertext<212>                    | IOB              | OUTPUT    | LVCMOS25             |       | 12       | SLOW |              |          |          |
| ciphertext<213>                    | IOB              | OUTPUT    | LVCMOS25             |       | 12       | SLOW |              |          |          |
| ciphertext<214>                    | IOB              | OUTPUT    | LVCMOS25             |       | 12       | SLOW |              |          |          |
| ciphertext<215>                    | IOB              | OUTPUT    | LVCMOS25             |       | 12       | SLOW |              |          |          |
| ciphertext<216>                    | IOB              | OUTPUT    | LVCMOS25             |       | 12       | SLOW |              |          |          |
| ciphertext<217>                    | IOB              | OUTPUT    | LVCMOS25             |       | 12       | SLOW |              |          |          |
| ciphertext<218>                    | IOB              | OUTPUT    | LVCMOS25             |       | 12       | SLOW |              |          |          |
| ciphertext<219>                    | IOB              | OUTPUT    | LVCMOS25             |       | 12       | SLOW |              |          |          |
| ciphertext<220>                    | IOB              | OUTPUT    | LVCMOS25             |       | 12       | SLOW |              |          |          |
| ciphertext<221>                    | IOB              | OUTPUT    | LVCMOS25             |       | 12       | SLOW |              |          |          |
| ciphertext<222>                    | IOB              | OUTPUT    | LVCMOS25             |       | 12       | SLOW |              |          |          |
| ciphertext<223>                    | IOB              | OUTPUT    | LVCMOS25             |       | 12       | SLOW |              |          |          |
| ciphertext<224>                    | IOB              | OUTPUT    | LVCMOS25             |       | 12       | SLOW |              |          |          |
| ciphertext<225>                    | IOB              | OUTPUT    | LVCMOS25             |       | 12       | SLOW |              |          |          |
| ciphertext<226>                    | IOB              | OUTPUT    | LVCMOS25             |       | 12       | SLOW |              |          |          |
| ciphertext<227>                    | IOB              | OUTPUT    | LVCMOS25             |       | 12       | SLOW |              |          |          |
| ciphertext<228>                    | IOB              | OUTPUT    | LVCMOS25             |       | 12       | SLOW |              |          |          |
| ciphertext<229>                    | IOB              | OUTPUT    | LVCMOS25             |       | 12       | SLOW |              |          |          |
| ciphertext<230>                    | IOB              | OUTPUT    | LVCMOS25             |       | 12       | SLOW |              |          |          |
| ciphertext<231>                    | IOB              | OUTPUT    | LVCMOS25             |       | 12       | SLOW |              |          |          |
| ciphertext<232>                    | IOB              | OUTPUT    | LVCMOS25             |       | 12       | SLOW |              |          |          |
| ciphertext<233>                    | IOB              | OUTPUT    | LVCMOS25             |       | 12       | SLOW |              |          |          |
| ciphertext<234>                    | IOB              | OUTPUT    | LVCMOS25             |       | 12       | SLOW |              |          |          |
| ciphertext<235>                    | IOB              | OUTPUT    | LVCMOS25             |       | 12       | SLOW |              |          |          |
| ciphertext<236>                    | IOB              | OUTPUT    | LVCMOS25             |       | 12       | SLOW |              |          |          |
| ciphertext<237>                    | IOB              | OUTPUT    | LVCMOS25             |       | 12       | SLOW |              |          |          |
| ciphertext<238>                    | IOB              | OUTPUT    | LVCMOS25             |       | 12       | SLOW |              |          |          |
| ciphertext<239>                    | IOB              | OUTPUT    | LVCMOS25             |       | 12       | SLOW |              |          |          |
| ciphertext<240>                    | IOB              | OUTPUT    | LVCMOS25             |       | 12       | SLOW |              |          |          |
| ciphertext<241>                    | IOB              | OUTPUT    | LVCMOS25             |       | 12       | SLOW |              |          |          |
| ciphertext<242>                    | IOB              | OUTPUT    | LVCMOS25             |       | 12       | SLOW |              |          |          |
| ciphertext<243>                    | IOB              | OUTPUT    | LVCMOS25             |       | 12       | SLOW |              |          |          |
| ciphertext<244>                    | IOB              | OUTPUT    | LVCMOS25             |       | 12       | SLOW |              |          |          |
| ciphertext<245>                    | IOB              | OUTPUT    | LVCMOS25             |       | 12       | SLOW |              |          |          |
| ciphertext<246>                    | IOB              | OUTPUT    | LVCMOS25             |       | 12       | SLOW |              |          |          |
| ciphertext<247>                    | IOB              | OUTPUT    | LVCMOS25             |       | 12       | SLOW |              |          |          |
| ciphertext<248>                    | IOB              | OUTPUT    | LVCMOS25             |       | 12       | SLOW |              |          |          |
| ciphertext<249>                    | IOB              | OUTPUT    | LVCMOS25             |       | 12       | SLOW |              |          |          |
| ciphertext<250>                    | IOB              | OUTPUT    | LVCMOS25             |       | 12       | SLOW |              |          |          |
| ciphertext<251>                    | IOB              | OUTPUT    | LVCMOS25             |       | 12       | SLOW |              |          |          |
| ciphertext<252>                    | IOB              | OUTPUT    | LVCMOS25             |       | 12       | SLOW |              |          |          |
| ciphertext<253>                    | IOB              | OUTPUT    | LVCMOS25             |       | 12       | SLOW |              |          |          |
| ciphertext<254>                    | IOB              | OUTPUT    | LVCMOS25             |       | 12       | SLOW |              |          |          |
| ciphertext<255>                    | IOB              | OUTPUT    | LVCMOS25             |       | 12       | SLOW |              |          |          |
| ciphertext<256>                    | IOB              | OUTPUT    | LVCMOS25             |       | 12       | SLOW |              |          |          |
| ciphertext<257>                    | IOB              | OUTPUT    | LVCMOS25             |       | 12       | SLOW |              |          |          |
| ciphertext<258>                    | IOB              | OUTPUT    | LVCMOS25             |       | 12       | SLOW |              |          |          |
| ciphertext<259>                    | IOB              | OUTPUT    | LVCMOS25             |       | 12       | SLOW |              |          |          |
| ciphertext<260>                    | IOB              | OUTPUT    | LVCMOS25             |       | 12       | SLOW |              |          |          |
| ciphertext<261>                    | IOB              | OUTPUT    | LVCMOS25             |       | 12       | SLOW |              |          |          |
| ciphertext<262>                    | IOB              | OUTPUT    | LVCMOS25             |       | 12       | SLOW |              |          |          |
| ciphertext<263>                    | IOB              | OUTPUT    | LVCMOS25             |       | 12       | SLOW |              |          |          |
| ciphertext<264>                    | IOB              | OUTPUT    | LVCMOS25             |       | 12       | SLOW |              |          |          |
| ciphertext<265>                    | IOB              | OUTPUT    | LVCMOS25             |       | 12       | SLOW |              |          |          |
| ciphertext<266>                    | IOB              | OUTPUT    | LVCMOS25             |       | 12       | SLOW |              |          |          |
| ciphertext<267>                    | IOB              | OUTPUT    | LVCMOS25             |       | 12       | SLOW |              |          |          |
| ciphertext<268>                    | IOB              | OUTPUT    | LVCMOS25             |       | 12       | SLOW |              |          |          |
| ciphertext<269>                    | IOB              | OUTPUT    | LVCMOS25             |       | 12       | SLOW |              |          |          |
| ciphertext<270>                    | IOB              | OUTPUT    | LVCMOS25             |       | 12       | SLOW |              |          |          |
| ciphertext<271>                    | IOB              | OUTPUT    | LVCMOS25             |       | 12       | SLOW |              |          |          |
| ciphertext<272>                    | IOB              | OUTPUT    | LVCMOS25             |       | 12       | SLOW |              |          |          |
| ciphertext<273>                    | IOB              | OUTPUT    | LVCMOS25             |       | 12       | SLOW |              |          |          |
| ciphertext<274>                    | IOB              | OUTPUT    | LVCMOS25             |       | 12       | SLOW |              |          |          |
| ciphertext<275>                    | IOB              | OUTPUT    | LVCMOS25             |       | 12       | SLOW |              |          |          |
| ciphertext<276>                    | IOB              | OUTPUT    | LVCMOS25             |       | 12       | SLOW |              |          |          |
| ciphertext<277>                    | IOB              | OUTPUT    | LVCMOS25             |       | 12       | SLOW |              |          |          |
| ciphertext<278>                    | IOB              | OUTPUT    | LVCMOS25             |       | 12       | SLOW |              |          |          |
| ciphertext<279>                    | IOB              | OUTPUT    | LVCMOS25             |       | 12       | SLOW |              |          |          |
| ciphertext<280>                    | IOB              | OUTPUT    | LVCMOS25             |       | 12       | SLOW |              |          |          |
| ciphertext<281>                    | IOB              | OUTPUT    | LVCMOS25             |       | 12       | SLOW |              |          |          |
| ciphertext<282>                    | IOB              | OUTPUT    | LVCMOS25             |       | 12       | SLOW |              |          |          |
| ciphertext<283>                    | IOB              | OUTPUT    | LVCMOS25             |       | 12       | SLOW |              |          |          |
| ciphertext<284>                    | IOB              | OUTPUT    | LVCMOS25             |       | 12       | SLOW |              |          |          |
| ciphertext<285>                    | IOB              | OUTPUT    | LVCMOS25             |       | 12       | SLOW |              |          |          |
| ciphertext<286>                    | IOB              | OUTPUT    | LVCMOS25             |       | 12       | SLOW |              |          |          |
| ciphertext<287>                    | IOB              | OUTPUT    | LVCMOS25             |       | 12       | SLOW |              |          |          |
| ciphertext<288>                    | IOB              | OUTPUT    | LVCMOS25             |       | 12       | SLOW |              |          |          |
| ciphertext<289>                    | IOB              | OUTPUT    | LVCMOS25             |       | 12       | SLOW |              |          |          |
| ciphertext<290>                    | IOB              | OUTPUT    | LVCMOS25             |       | 12       | SLOW |              |          |          |
| ciphertext<291>                    | IOB              | OUTPUT    | LVCMOS25             |       | 12       | SLOW |              |          |          |
| ciphertext<292>                    | IOB              | OUTPUT    | LVCMOS25             |       | 12       | SLOW |              |          |          |
| ciphertext<293>                    | IOB              | OUTPUT    | LVCMOS25             |       | 12       | SLOW |              |          |          |
| ciphertext<294>                    | IOB              | OUTPUT    | LVCMOS25             |       | 12       | SLOW |              |          |          |
| ciphertext<295>                    | IOB              | OUTPUT    | LVCMOS25             |       | 12       | SLOW |              |          |          |
| ciphertext<296>                    | IOB              | OUTPUT    | LVCMOS25             |       | 12       | SLOW |              |          |          |
| clk                                | IOB              | INPUT     | LVCMOS25             |       |          |      |              |          |          |
| done                               | IOB              | OUTPUT    | LVCMOS25             |       | 12       | SLOW |              |          |          |
| plaintext<0>                       | IOB              | INPUT     | LVCMOS25             |       |          |      |              |          |          |
| plaintext<1>                       | IOB              | INPUT     | LVCMOS25             |       |          |      |              |          |          |
| plaintext<2>                       | IOB              | INPUT     | LVCMOS25             |       |          |      |              |          |          |
| plaintext<3>                       | IOB              | INPUT     | LVCMOS25             |       |          |      |              |          |          |
| plaintext<4>                       | IOB              | INPUT     | LVCMOS25             |       |          |      |              |          |          |
| plaintext<5>                       | IOB              | INPUT     | LVCMOS25             |       |          |      |              |          |          |
| plaintext<6>                       | IOB              | INPUT     | LVCMOS25             |       |          |      |              |          |          |
| plaintext<7>                       | IOB              | INPUT     | LVCMOS25             |       |          |      |              |          |          |
| rst_b                              | IOB              | INPUT     | LVCMOS25             |       |          |      |              |          |          |
| start                              | IOB              | INPUT     | LVCMOS25             |       |          |      |              |          |          |
| wr_en                              | IOB              | INPUT     | LVCMOS25             |       |          |      |              |          |          |
+---------------------------------------------------------------------------------------------------------------------------------------------------------+

Section 7 - RPMs
----------------

Section 8 - Guide Report
------------------------
Guide not run on this design.

Section 9 - Area Group and Partition Summary
--------------------------------------------

Partition Implementation Status
-------------------------------

  No Partitions were found in this design.

-------------------------------

Area Group Information
----------------------

  No area groups were found in this design.

----------------------

Section 10 - Timing Report
--------------------------
A logic-level (pre-route) timing report can be generated by using Xilinx static
timing analysis tools, Timing Analyzer (GUI) or TRCE (command line), with the
mapped NCD and PCF files. Please note that this timing report will be generated
using estimated delay information. For accurate numbers, please generate a
timing report with the post Place and Route NCD file.

For more information about the Timing Analyzer, consult the Xilinx Timing
Analyzer Reference Manual; for more information about TRCE, consult the Xilinx
Command Line Tools User Guide "TRACE" chapter.

Section 11 - Configuration String Details
-----------------------------------------
Use the "-detail" map option to print out Configuration Strings

Section 12 - Control Set Information
------------------------------------
Use the "-detail" map option to print out Control Set Information.

Section 13 - Utilization by Hierarchy
-------------------------------------
Use the "-detail" map option to print out the Utilization by Hierarchy section.
